[0.353s] Invoking command in '/home/lulu/ros2_tutorial/ws01_plumbing/build/py02_service': CMAKE_PREFIX_PATH=/home/lulu/ros2_tutorial/ws01_plumbing/install/base_interfaces_demo:/home/lulu/ros2_tutorial/ws01_plumbing/install/cpp01_topic PYTHONPATH=/home/lulu/ros2_tutorial/ws01_plumbing/build/py02_service/prefix_override:/usr/lib/python3/dist-packages/colcon_core/task/python/colcon_distutils_commands:/home/lulu/ros2_tutorial/ws01_plumbing/install/py02_service/lib/python3.10/site-packages:${PYTHONPATH} /usr/bin/python3 -W ignore:setup.py install is deprecated -W ignore:easy_install command is deprecated setup.py develop --editable --build-directory /home/lulu/ros2_tutorial/ws01_plumbing/build/py02_service/build --no-deps symlink_data --force
[0.494s] running develop
[0.582s] running egg_info
[0.582s] writing py02_service.egg-info/PKG-INFO
[0.582s] writing dependency_links to py02_service.egg-info/dependency_links.txt
[0.582s] writing entry points to py02_service.egg-info/entry_points.txt
[0.582s] writing requirements to py02_service.egg-info/requires.txt
[0.582s] writing top-level names to py02_service.egg-info/top_level.txt
[0.584s] reading manifest file 'py02_service.egg-info/SOURCES.txt'
[0.584s] writing manifest file 'py02_service.egg-info/SOURCES.txt'
[0.597s] running build_ext
[0.597s] Creating /home/lulu/ros2_tutorial/ws01_plumbing/install/py02_service/lib/python3.10/site-packages/py02-service.egg-link (link to .)
[0.598s] Installing demo01_server script to /home/lulu/ros2_tutorial/ws01_plumbing/install/py02_service/lib/py02_service
[0.598s] Installing demo02_client script to /home/lulu/ros2_tutorial/ws01_plumbing/install/py02_service/lib/py02_service
[0.598s] 
[0.598s] Installed /home/lulu/ros2_tutorial/ws01_plumbing/build/py02_service
[0.598s] running symlink_data
[0.598s] symbolically linking /home/lulu/ros2_tutorial/ws01_plumbing/build/py02_service/resource/py02_service -> /home/lulu/ros2_tutorial/ws01_plumbing/install/py02_service/share/ament_index/resource_index/packages
[0.598s] symbolically linking /home/lulu/ros2_tutorial/ws01_plumbing/build/py02_service/package.xml -> /home/lulu/ros2_tutorial/ws01_plumbing/install/py02_service/share/py02_service
[0.617s] Invoked command in '/home/lulu/ros2_tutorial/ws01_plumbing/build/py02_service' returned '0': CMAKE_PREFIX_PATH=/home/lulu/ros2_tutorial/ws01_plumbing/install/base_interfaces_demo:/home/lulu/ros2_tutorial/ws01_plumbing/install/cpp01_topic PYTHONPATH=/home/lulu/ros2_tutorial/ws01_plumbing/build/py02_service/prefix_override:/usr/lib/python3/dist-packages/colcon_core/task/python/colcon_distutils_commands:/home/lulu/ros2_tutorial/ws01_plumbing/install/py02_service/lib/python3.10/site-packages:${PYTHONPATH} /usr/bin/python3 -W ignore:setup.py install is deprecated -W ignore:easy_install command is deprecated setup.py develop --editable --build-directory /home/lulu/ros2_tutorial/ws01_plumbing/build/py02_service/build --no-deps symlink_data --force
