[0.007s] Invoking command in '/home/lulu/ros2_tutorial/ws01_plumbing/build/base_interfaces_demo': CMAKE_PREFIX_PATH=${CMAKE_PREFIX_PATH}:/home/lulu/ros2_tutorial/ws01_plumbing/src/install/py01_topic:/home/lulu/ros2_tutorial/ws01_plumbing/install/py01_topic:/opt/ros/humble /usr/bin/cmake /home/lulu/ros2_tutorial/ws01_plumbing/src/base_interfaces_demo -DAMENT_CMAKE_SYMLINK_INSTALL=1 -DCMAKE_INSTALL_PREFIX=/home/lulu/ros2_tutorial/ws01_plumbing/install/base_interfaces_demo
[0.016s] -- Found ament_cmake: 1.3.13 (/opt/ros/humble/share/ament_cmake/cmake)
[0.080s] -- Override CMake install command with custom implementation using symlinks instead of copying resources
[0.083s] -- Found rosidl_default_generators: 1.2.0 (/opt/ros/humble/share/rosidl_default_generators/cmake)
[0.083s] -- Using all available rosidl_typesupport_c: rosidl_typesupport_fastrtps_c;rosidl_typesupport_introspection_c
[0.083s] -- Found rosidl_adapter: 3.1.8 (/opt/ros/humble/share/rosidl_adapter/cmake)
[0.097s] -- Using all available rosidl_typesupport_cpp: rosidl_typesupport_fastrtps_cpp;rosidl_typesupport_introspection_cpp
[0.248s] -- Found ament_cmake_ros: 0.10.0 (/opt/ros/humble/share/ament_cmake_ros/cmake)
[0.357s] -- Using all available rosidl_typesupport_c: rosidl_typesupport_fastrtps_c;rosidl_typesupport_introspection_c
[0.493s] -- Using all available rosidl_typesupport_cpp: rosidl_typesupport_fastrtps_cpp;rosidl_typesupport_introspection_cpp
[0.506s] -- Found PythonInterp: /usr/bin/python3 (found suitable version "3.10.12", minimum required is "3.6") 
[0.508s] -- Found python_cmake_module: 0.10.0 (/opt/ros/humble/share/python_cmake_module/cmake)
[0.525s] -- Found PythonLibs: /usr/lib/x86_64-linux-gnu/libpython3.10.so (found suitable version "3.10.12", minimum required is "3.5") 
[0.525s] -- Using PYTHON_EXECUTABLE: /usr/bin/python3
[0.525s] -- Using PYTHON_INCLUDE_DIRS: /usr/include/python3.10
[0.525s] -- Using PYTHON_LIBRARIES: /usr/lib/x86_64-linux-gnu/libpython3.10.so
[0.537s] -- Found PythonExtra: .so  
[0.556s] -- Found ament_lint_auto: 0.12.15 (/opt/ros/humble/share/ament_lint_auto/cmake)
[0.565s] -- Added test 'lint_cmake' to check CMake code style
[0.567s] -- Added test 'xmllint' to check XML markup files
[0.567s] -- Configuring done
[0.586s] -- Generating done
[0.594s] -- Build files have been written to: /home/lulu/ros2_tutorial/ws01_plumbing/build/base_interfaces_demo
[0.606s] Invoked command in '/home/lulu/ros2_tutorial/ws01_plumbing/build/base_interfaces_demo' returned '0': CMAKE_PREFIX_PATH=${CMAKE_PREFIX_PATH}:/home/lulu/ros2_tutorial/ws01_plumbing/src/install/py01_topic:/home/lulu/ros2_tutorial/ws01_plumbing/install/py01_topic:/opt/ros/humble /usr/bin/cmake /home/lulu/ros2_tutorial/ws01_plumbing/src/base_interfaces_demo -DAMENT_CMAKE_SYMLINK_INSTALL=1 -DCMAKE_INSTALL_PREFIX=/home/lulu/ros2_tutorial/ws01_plumbing/install/base_interfaces_demo
[0.606s] Invoking command in '/home/lulu/ros2_tutorial/ws01_plumbing/build/base_interfaces_demo': CMAKE_PREFIX_PATH=${CMAKE_PREFIX_PATH}:/home/lulu/ros2_tutorial/ws01_plumbing/src/install/py01_topic:/home/lulu/ros2_tutorial/ws01_plumbing/install/py01_topic:/opt/ros/humble /usr/bin/cmake --build /home/lulu/ros2_tutorial/ws01_plumbing/build/base_interfaces_demo -- -j20 -l20
[0.634s] [  3%] [34m[1mGenerating C code for ROS interfaces[0m
[0.639s] [  6%] [34m[1mGenerating C++ code for ROS interfaces[0m
[0.647s] [  6%] Built target ament_cmake_python_symlink_base_interfaces_demo
[0.749s] [  9%] [32mBuilding C object CMakeFiles/base_interfaces_demo__rosidl_generator_c.dir/rosidl_generator_c/base_interfaces_demo/msg/detail/student__functions.c.o[0m
[0.752s] [  9%] Built target base_interfaces_demo__cpp
[0.759s] [ 12%] [34m[1mGenerating C++ type support dispatch for ROS interfaces[0m
[0.760s] [ 16%] [34m[1mGenerating C++ type support for eProsima Fast-RTPS[0m
[0.761s] [ 19%] [34m[1mGenerating C++ introspection for ROS interfaces[0m
[0.780s] [ 22%] [32m[1mLinking C shared library libbase_interfaces_demo__rosidl_generator_c.so[0m
[0.780s] running egg_info
[0.781s] creating base_interfaces_demo.egg-info
[0.784s] writing base_interfaces_demo.egg-info/PKG-INFO
[0.784s] writing dependency_links to base_interfaces_demo.egg-info/dependency_links.txt
[0.784s] writing top-level names to base_interfaces_demo.egg-info/top_level.txt
[0.784s] writing manifest file 'base_interfaces_demo.egg-info/SOURCES.txt'
[0.784s] reading manifest file 'base_interfaces_demo.egg-info/SOURCES.txt'
[0.784s] writing manifest file 'base_interfaces_demo.egg-info/SOURCES.txt'
[0.797s] [ 22%] Built target ament_cmake_python_build_base_interfaces_demo_egg
[0.801s] [ 22%] Built target base_interfaces_demo__rosidl_generator_c
[0.807s] [ 25%] [34m[1mGenerating C type support for eProsima Fast-RTPS[0m
[0.808s] [ 29%] [34m[1mGenerating C introspection for ROS interfaces[0m
[0.810s] [ 32%] [34m[1mGenerating C type support dispatch for ROS interfaces[0m
[0.869s] [ 35%] [32mBuilding CXX object CMakeFiles/base_interfaces_demo__rosidl_typesupport_cpp.dir/rosidl_typesupport_cpp/base_interfaces_demo/msg/student__type_support.cpp.o[0m
[0.872s] [ 38%] [32mBuilding CXX object CMakeFiles/base_interfaces_demo__rosidl_typesupport_introspection_cpp.dir/rosidl_typesupport_introspection_cpp/base_interfaces_demo/msg/detail/student__type_support.cpp.o[0m
[0.872s] [ 41%] [32mBuilding CXX object CMakeFiles/base_interfaces_demo__rosidl_typesupport_fastrtps_cpp.dir/rosidl_typesupport_fastrtps_cpp/base_interfaces_demo/msg/detail/dds_fastrtps/student__type_support.cpp.o[0m
[0.912s] [ 45%] [32mBuilding CXX object CMakeFiles/base_interfaces_demo__rosidl_typesupport_c.dir/rosidl_typesupport_c/base_interfaces_demo/msg/student__type_support.cpp.o[0m
[0.917s] [ 48%] [32mBuilding CXX object CMakeFiles/base_interfaces_demo__rosidl_typesupport_fastrtps_c.dir/rosidl_typesupport_fastrtps_c/base_interfaces_demo/msg/detail/student__type_support_c.cpp.o[0m
[0.920s] [ 51%] [32mBuilding C object CMakeFiles/base_interfaces_demo__rosidl_typesupport_introspection_c.dir/rosidl_typesupport_introspection_c/base_interfaces_demo/msg/detail/student__type_support.c.o[0m
[0.933s] [ 54%] [32m[1mLinking CXX shared library libbase_interfaces_demo__rosidl_typesupport_c.so[0m
[0.944s] [ 58%] [32m[1mLinking C shared library libbase_interfaces_demo__rosidl_typesupport_introspection_c.so[0m
[0.957s] [ 58%] Built target base_interfaces_demo__rosidl_typesupport_c
[0.960s] [ 58%] Built target base_interfaces_demo__rosidl_typesupport_introspection_c
[0.984s] [ 61%] [32m[1mLinking CXX shared library libbase_interfaces_demo__rosidl_typesupport_cpp.so[0m
[1.011s] [ 61%] Built target base_interfaces_demo__rosidl_typesupport_cpp
[1.029s] [ 64%] [32m[1mLinking CXX shared library libbase_interfaces_demo__rosidl_typesupport_introspection_cpp.so[0m
[1.041s] [ 67%] [32m[1mLinking CXX shared library libbase_interfaces_demo__rosidl_typesupport_fastrtps_cpp.so[0m
[1.059s] [ 70%] [32m[1mLinking CXX shared library libbase_interfaces_demo__rosidl_typesupport_fastrtps_c.so[0m
[1.063s] [ 70%] Built target base_interfaces_demo__rosidl_typesupport_introspection_cpp
[1.087s] [ 70%] Built target base_interfaces_demo__rosidl_typesupport_fastrtps_cpp
[1.102s] [ 70%] Built target base_interfaces_demo__rosidl_typesupport_fastrtps_c
[1.118s] [ 70%] Built target base_interfaces_demo
[1.136s] [ 74%] [34m[1mGenerating Python code for ROS interfaces[0m
[1.319s] [ 74%] Built target base_interfaces_demo__py
[1.333s] [ 77%] [32mBuilding C object CMakeFiles/base_interfaces_demo__rosidl_generator_py.dir/rosidl_generator_py/base_interfaces_demo/msg/_student_s.c.o[0m
[1.395s] [ 80%] [32m[1mLinking C shared library rosidl_generator_py/base_interfaces_demo/libbase_interfaces_demo__rosidl_generator_py.so[0m
[1.424s] [ 80%] Built target base_interfaces_demo__rosidl_generator_py
[1.436s] [ 83%] [32mBuilding C object CMakeFiles/base_interfaces_demo__rosidl_typesupport_fastrtps_c__pyext.dir/rosidl_generator_py/base_interfaces_demo/_base_interfaces_demo_s.ep.rosidl_typesupport_fastrtps_c.c.o[0m
[1.437s] [ 87%] [32mBuilding C object CMakeFiles/base_interfaces_demo__rosidl_typesupport_introspection_c__pyext.dir/rosidl_generator_py/base_interfaces_demo/_base_interfaces_demo_s.ep.rosidl_typesupport_introspection_c.c.o[0m
[1.439s] [ 90%] [32mBuilding C object CMakeFiles/base_interfaces_demo__rosidl_typesupport_c__pyext.dir/rosidl_generator_py/base_interfaces_demo/_base_interfaces_demo_s.ep.rosidl_typesupport_c.c.o[0m
[1.481s] [ 93%] [32m[1mLinking C shared library rosidl_generator_py/base_interfaces_demo/base_interfaces_demo_s__rosidl_typesupport_introspection_c.cpython-310-x86_64-linux-gnu.so[0m
[1.482s] [ 96%] [32m[1mLinking C shared library rosidl_generator_py/base_interfaces_demo/base_interfaces_demo_s__rosidl_typesupport_c.cpython-310-x86_64-linux-gnu.so[0m
[1.484s] [100%] [32m[1mLinking C shared library rosidl_generator_py/base_interfaces_demo/base_interfaces_demo_s__rosidl_typesupport_fastrtps_c.cpython-310-x86_64-linux-gnu.so[0m
[1.500s] [100%] Built target base_interfaces_demo__rosidl_typesupport_introspection_c__pyext
[1.502s] [100%] Built target base_interfaces_demo__rosidl_typesupport_c__pyext
[1.503s] [100%] Built target base_interfaces_demo__rosidl_typesupport_fastrtps_c__pyext
[1.511s] Invoked command in '/home/lulu/ros2_tutorial/ws01_plumbing/build/base_interfaces_demo' returned '0': CMAKE_PREFIX_PATH=${CMAKE_PREFIX_PATH}:/home/lulu/ros2_tutorial/ws01_plumbing/src/install/py01_topic:/home/lulu/ros2_tutorial/ws01_plumbing/install/py01_topic:/opt/ros/humble /usr/bin/cmake --build /home/lulu/ros2_tutorial/ws01_plumbing/build/base_interfaces_demo -- -j20 -l20
[1.517s] Invoking command in '/home/lulu/ros2_tutorial/ws01_plumbing/build/base_interfaces_demo': CMAKE_PREFIX_PATH=${CMAKE_PREFIX_PATH}:/home/lulu/ros2_tutorial/ws01_plumbing/src/install/py01_topic:/home/lulu/ros2_tutorial/ws01_plumbing/install/py01_topic:/opt/ros/humble /usr/bin/cmake --install /home/lulu/ros2_tutorial/ws01_plumbing/build/base_interfaces_demo
[1.522s] -- Install configuration: ""
[1.522s] -- Execute custom install script
[1.522s] -- Symlinking: /home/lulu/ros2_tutorial/ws01_plumbing/install/base_interfaces_demo/share/ament_index/resource_index/rosidl_interfaces/base_interfaces_demo
[1.527s] -- Symlinking: /home/lulu/ros2_tutorial/ws01_plumbing/install/base_interfaces_demo/include/base_interfaces_demo/base_interfaces_demo/msg/detail/student__functions.h
[1.531s] -- Symlinking: /home/lulu/ros2_tutorial/ws01_plumbing/install/base_interfaces_demo/include/base_interfaces_demo/base_interfaces_demo/msg/detail/student__struct.h
[1.538s] -- Symlinking: /home/lulu/ros2_tutorial/ws01_plumbing/install/base_interfaces_demo/include/base_interfaces_demo/base_interfaces_demo/msg/detail/student__type_support.h
[1.543s] -- Symlinking: /home/lulu/ros2_tutorial/ws01_plumbing/install/base_interfaces_demo/include/base_interfaces_demo/base_interfaces_demo/msg/rosidl_generator_c__visibility_control.h
[1.550s] -- Symlinking: /home/lulu/ros2_tutorial/ws01_plumbing/install/base_interfaces_demo/include/base_interfaces_demo/base_interfaces_demo/msg/student.h
[1.557s] -- Symlinking: /home/lulu/ros2_tutorial/ws01_plumbing/install/base_interfaces_demo/share/base_interfaces_demo/environment/library_path.sh
[1.561s] -- Symlinking: /home/lulu/ros2_tutorial/ws01_plumbing/install/base_interfaces_demo/share/base_interfaces_demo/environment/library_path.dsv
[1.569s] -- Symlinking: /home/lulu/ros2_tutorial/ws01_plumbing/install/base_interfaces_demo/include/base_interfaces_demo/base_interfaces_demo/msg/detail/student__rosidl_typesupport_fastrtps_c.h
[1.577s] -- Symlinking: /home/lulu/ros2_tutorial/ws01_plumbing/install/base_interfaces_demo/include/base_interfaces_demo/base_interfaces_demo/msg/rosidl_typesupport_fastrtps_c__visibility_control.h
[1.583s] -- Symlinking: /home/lulu/ros2_tutorial/ws01_plumbing/install/base_interfaces_demo/include/base_interfaces_demo/base_interfaces_demo/msg/detail/student__rosidl_typesupport_introspection_c.h
[1.588s] -- Symlinking: /home/lulu/ros2_tutorial/ws01_plumbing/install/base_interfaces_demo/include/base_interfaces_demo/base_interfaces_demo/msg/rosidl_typesupport_introspection_c__visibility_control.h
[1.593s] -- Symlinking: /home/lulu/ros2_tutorial/ws01_plumbing/install/base_interfaces_demo/include/base_interfaces_demo/base_interfaces_demo/msg/detail/student__builder.hpp
[1.597s] -- Symlinking: /home/lulu/ros2_tutorial/ws01_plumbing/install/base_interfaces_demo/include/base_interfaces_demo/base_interfaces_demo/msg/detail/student__struct.hpp
[1.603s] -- Symlinking: /home/lulu/ros2_tutorial/ws01_plumbing/install/base_interfaces_demo/include/base_interfaces_demo/base_interfaces_demo/msg/detail/student__traits.hpp
[1.610s] -- Symlinking: /home/lulu/ros2_tutorial/ws01_plumbing/install/base_interfaces_demo/include/base_interfaces_demo/base_interfaces_demo/msg/detail/student__type_support.hpp
[1.616s] -- Symlinking: /home/lulu/ros2_tutorial/ws01_plumbing/install/base_interfaces_demo/include/base_interfaces_demo/base_interfaces_demo/msg/rosidl_generator_cpp__visibility_control.hpp
[1.621s] -- Symlinking: /home/lulu/ros2_tutorial/ws01_plumbing/install/base_interfaces_demo/include/base_interfaces_demo/base_interfaces_demo/msg/student.hpp
[1.626s] -- Symlinking: /home/lulu/ros2_tutorial/ws01_plumbing/install/base_interfaces_demo/include/base_interfaces_demo/base_interfaces_demo/msg/detail/student__rosidl_typesupport_fastrtps_cpp.hpp
[1.631s] -- Symlinking: /home/lulu/ros2_tutorial/ws01_plumbing/install/base_interfaces_demo/include/base_interfaces_demo/base_interfaces_demo/msg/rosidl_typesupport_fastrtps_cpp__visibility_control.h
[1.635s] -- Symlinking: /home/lulu/ros2_tutorial/ws01_plumbing/install/base_interfaces_demo/include/base_interfaces_demo/base_interfaces_demo/msg/detail/student__rosidl_typesupport_introspection_cpp.hpp
[1.639s] -- Symlinking: /home/lulu/ros2_tutorial/ws01_plumbing/install/base_interfaces_demo/share/base_interfaces_demo/environment/pythonpath.sh
[1.643s] -- Symlinking: /home/lulu/ros2_tutorial/ws01_plumbing/install/base_interfaces_demo/share/base_interfaces_demo/environment/pythonpath.dsv
[1.647s] -- Symlinking: /home/lulu/ros2_tutorial/ws01_plumbing/install/base_interfaces_demo/local/lib/python3.10/dist-packages/base_interfaces_demo-0.0.0-py3.10.egg-info/PKG-INFO
[1.653s] -- Symlinking: /home/lulu/ros2_tutorial/ws01_plumbing/install/base_interfaces_demo/local/lib/python3.10/dist-packages/base_interfaces_demo-0.0.0-py3.10.egg-info/SOURCES.txt
[1.657s] -- Symlinking: /home/lulu/ros2_tutorial/ws01_plumbing/install/base_interfaces_demo/local/lib/python3.10/dist-packages/base_interfaces_demo-0.0.0-py3.10.egg-info/dependency_links.txt
[1.662s] -- Symlinking: /home/lulu/ros2_tutorial/ws01_plumbing/install/base_interfaces_demo/local/lib/python3.10/dist-packages/base_interfaces_demo-0.0.0-py3.10.egg-info/top_level.txt
[1.666s] -- Symlinking: /home/lulu/ros2_tutorial/ws01_plumbing/install/base_interfaces_demo/local/lib/python3.10/dist-packages/base_interfaces_demo/__init__.py
[1.671s] -- Symlinking: /home/lulu/ros2_tutorial/ws01_plumbing/install/base_interfaces_demo/local/lib/python3.10/dist-packages/base_interfaces_demo/_base_interfaces_demo_s.ep.rosidl_typesupport_c.c
[1.675s] -- Symlinking: /home/lulu/ros2_tutorial/ws01_plumbing/install/base_interfaces_demo/local/lib/python3.10/dist-packages/base_interfaces_demo/_base_interfaces_demo_s.ep.rosidl_typesupport_fastrtps_c.c
[1.680s] -- Symlinking: /home/lulu/ros2_tutorial/ws01_plumbing/install/base_interfaces_demo/local/lib/python3.10/dist-packages/base_interfaces_demo/_base_interfaces_demo_s.ep.rosidl_typesupport_introspection_c.c
[1.684s] -- Symlinking: /home/lulu/ros2_tutorial/ws01_plumbing/install/base_interfaces_demo/local/lib/python3.10/dist-packages/base_interfaces_demo/base_interfaces_demo_s__rosidl_typesupport_c.cpython-310-x86_64-linux-gnu.so
[1.691s] -- Symlinking: /home/lulu/ros2_tutorial/ws01_plumbing/install/base_interfaces_demo/local/lib/python3.10/dist-packages/base_interfaces_demo/base_interfaces_demo_s__rosidl_typesupport_fastrtps_c.cpython-310-x86_64-linux-gnu.so
[1.695s] -- Symlinking: /home/lulu/ros2_tutorial/ws01_plumbing/install/base_interfaces_demo/local/lib/python3.10/dist-packages/base_interfaces_demo/base_interfaces_demo_s__rosidl_typesupport_introspection_c.cpython-310-x86_64-linux-gnu.so
[1.699s] -- Symlinking: /home/lulu/ros2_tutorial/ws01_plumbing/install/base_interfaces_demo/local/lib/python3.10/dist-packages/base_interfaces_demo/libbase_interfaces_demo__rosidl_generator_py.so
[1.703s] -- Symlinking: /home/lulu/ros2_tutorial/ws01_plumbing/install/base_interfaces_demo/local/lib/python3.10/dist-packages/base_interfaces_demo/msg/__init__.py
[1.708s] -- Symlinking: /home/lulu/ros2_tutorial/ws01_plumbing/install/base_interfaces_demo/local/lib/python3.10/dist-packages/base_interfaces_demo/msg/_student.py
[1.712s] -- Symlinking: /home/lulu/ros2_tutorial/ws01_plumbing/install/base_interfaces_demo/local/lib/python3.10/dist-packages/base_interfaces_demo/msg/_student_s.c
[1.721s] -- Up-to-date symlink: /home/lulu/ros2_tutorial/ws01_plumbing/install/base_interfaces_demo/local/lib/python3.10/dist-packages/base_interfaces_demo/base_interfaces_demo_s__rosidl_typesupport_fastrtps_c.cpython-310-x86_64-linux-gnu.so
[1.721s] -- Up-to-date symlink: /home/lulu/ros2_tutorial/ws01_plumbing/install/base_interfaces_demo/local/lib/python3.10/dist-packages/base_interfaces_demo/base_interfaces_demo_s__rosidl_typesupport_introspection_c.cpython-310-x86_64-linux-gnu.so
[1.722s] -- Up-to-date symlink: /home/lulu/ros2_tutorial/ws01_plumbing/install/base_interfaces_demo/local/lib/python3.10/dist-packages/base_interfaces_demo/base_interfaces_demo_s__rosidl_typesupport_c.cpython-310-x86_64-linux-gnu.so
[1.722s] -- Symlinking: /home/lulu/ros2_tutorial/ws01_plumbing/install/base_interfaces_demo/share/base_interfaces_demo/msg/Student.idl
[1.729s] -- Symlinking: /home/lulu/ros2_tutorial/ws01_plumbing/install/base_interfaces_demo/share/base_interfaces_demo/msg/Student.msg
[1.736s] -- Up-to-date symlink: /home/lulu/ros2_tutorial/ws01_plumbing/install/base_interfaces_demo/share/ament_index/resource_index/package_run_dependencies/base_interfaces_demo
[1.736s] -- Up-to-date symlink: /home/lulu/ros2_tutorial/ws01_plumbing/install/base_interfaces_demo/share/ament_index/resource_index/parent_prefix_path/base_interfaces_demo
[1.736s] -- Up-to-date symlink: /home/lulu/ros2_tutorial/ws01_plumbing/install/base_interfaces_demo/share/base_interfaces_demo/environment/ament_prefix_path.sh
[1.736s] -- Up-to-date symlink: /home/lulu/ros2_tutorial/ws01_plumbing/install/base_interfaces_demo/share/base_interfaces_demo/environment/ament_prefix_path.dsv
[1.736s] -- Up-to-date symlink: /home/lulu/ros2_tutorial/ws01_plumbing/install/base_interfaces_demo/share/base_interfaces_demo/environment/path.sh
[1.736s] -- Up-to-date symlink: /home/lulu/ros2_tutorial/ws01_plumbing/install/base_interfaces_demo/share/base_interfaces_demo/environment/path.dsv
[1.736s] -- Up-to-date symlink: /home/lulu/ros2_tutorial/ws01_plumbing/install/base_interfaces_demo/share/base_interfaces_demo/local_setup.bash
[1.736s] -- Up-to-date symlink: /home/lulu/ros2_tutorial/ws01_plumbing/install/base_interfaces_demo/share/base_interfaces_demo/local_setup.sh
[1.736s] -- Up-to-date symlink: /home/lulu/ros2_tutorial/ws01_plumbing/install/base_interfaces_demo/share/base_interfaces_demo/local_setup.zsh
[1.736s] -- Up-to-date symlink: /home/lulu/ros2_tutorial/ws01_plumbing/install/base_interfaces_demo/share/base_interfaces_demo/local_setup.dsv
[1.736s] -- Symlinking: /home/lulu/ros2_tutorial/ws01_plumbing/install/base_interfaces_demo/share/base_interfaces_demo/package.dsv
[1.745s] -- Up-to-date symlink: /home/lulu/ros2_tutorial/ws01_plumbing/install/base_interfaces_demo/share/ament_index/resource_index/packages/base_interfaces_demo
[1.745s] -- Symlinking: /home/lulu/ros2_tutorial/ws01_plumbing/install/base_interfaces_demo/share/base_interfaces_demo/cmake/rosidl_cmake-extras.cmake
[1.752s] -- Symlinking: /home/lulu/ros2_tutorial/ws01_plumbing/install/base_interfaces_demo/share/base_interfaces_demo/cmake/ament_cmake_export_include_directories-extras.cmake
[1.757s] -- Symlinking: /home/lulu/ros2_tutorial/ws01_plumbing/install/base_interfaces_demo/share/base_interfaces_demo/cmake/ament_cmake_export_libraries-extras.cmake
[1.763s] -- Symlinking: /home/lulu/ros2_tutorial/ws01_plumbing/install/base_interfaces_demo/share/base_interfaces_demo/cmake/ament_cmake_export_targets-extras.cmake
[1.767s] -- Symlinking: /home/lulu/ros2_tutorial/ws01_plumbing/install/base_interfaces_demo/share/base_interfaces_demo/cmake/rosidl_cmake_export_typesupport_targets-extras.cmake
[1.775s] -- Symlinking: /home/lulu/ros2_tutorial/ws01_plumbing/install/base_interfaces_demo/share/base_interfaces_demo/cmake/ament_cmake_export_dependencies-extras.cmake
[1.786s] -- Symlinking: /home/lulu/ros2_tutorial/ws01_plumbing/install/base_interfaces_demo/share/base_interfaces_demo/cmake/rosidl_cmake_export_typesupport_libraries-extras.cmake
[1.790s] -- Up-to-date symlink: /home/lulu/ros2_tutorial/ws01_plumbing/install/base_interfaces_demo/share/base_interfaces_demo/cmake/base_interfaces_demoConfig.cmake
[1.790s] -- Up-to-date symlink: /home/lulu/ros2_tutorial/ws01_plumbing/install/base_interfaces_demo/share/base_interfaces_demo/cmake/base_interfaces_demoConfig-version.cmake
[1.790s] -- Up-to-date symlink: /home/lulu/ros2_tutorial/ws01_plumbing/install/base_interfaces_demo/share/base_interfaces_demo/package.xml
[1.790s] -- Installing: /home/lulu/ros2_tutorial/ws01_plumbing/install/base_interfaces_demo/lib/libbase_interfaces_demo__rosidl_generator_c.so
[1.790s] -- Set runtime path of "/home/lulu/ros2_tutorial/ws01_plumbing/install/base_interfaces_demo/lib/libbase_interfaces_demo__rosidl_generator_c.so" to ""
[1.790s] -- Installing: /home/lulu/ros2_tutorial/ws01_plumbing/install/base_interfaces_demo/lib/libbase_interfaces_demo__rosidl_typesupport_fastrtps_c.so
[1.790s] -- Set runtime path of "/home/lulu/ros2_tutorial/ws01_plumbing/install/base_interfaces_demo/lib/libbase_interfaces_demo__rosidl_typesupport_fastrtps_c.so" to ""
[1.790s] -- Installing: /home/lulu/ros2_tutorial/ws01_plumbing/install/base_interfaces_demo/lib/libbase_interfaces_demo__rosidl_typesupport_introspection_c.so
[1.790s] -- Set runtime path of "/home/lulu/ros2_tutorial/ws01_plumbing/install/base_interfaces_demo/lib/libbase_interfaces_demo__rosidl_typesupport_introspection_c.so" to ""
[1.790s] -- Installing: /home/lulu/ros2_tutorial/ws01_plumbing/install/base_interfaces_demo/lib/libbase_interfaces_demo__rosidl_typesupport_c.so
[1.793s] -- Set runtime path of "/home/lulu/ros2_tutorial/ws01_plumbing/install/base_interfaces_demo/lib/libbase_interfaces_demo__rosidl_typesupport_c.so" to ""
[1.793s] -- Installing: /home/lulu/ros2_tutorial/ws01_plumbing/install/base_interfaces_demo/lib/libbase_interfaces_demo__rosidl_typesupport_fastrtps_cpp.so
[1.793s] -- Set runtime path of "/home/lulu/ros2_tutorial/ws01_plumbing/install/base_interfaces_demo/lib/libbase_interfaces_demo__rosidl_typesupport_fastrtps_cpp.so" to ""
[1.793s] -- Installing: /home/lulu/ros2_tutorial/ws01_plumbing/install/base_interfaces_demo/lib/libbase_interfaces_demo__rosidl_typesupport_introspection_cpp.so
[1.793s] -- Set runtime path of "/home/lulu/ros2_tutorial/ws01_plumbing/install/base_interfaces_demo/lib/libbase_interfaces_demo__rosidl_typesupport_introspection_cpp.so" to ""
[1.793s] -- Installing: /home/lulu/ros2_tutorial/ws01_plumbing/install/base_interfaces_demo/lib/libbase_interfaces_demo__rosidl_typesupport_cpp.so
[1.793s] -- Set runtime path of "/home/lulu/ros2_tutorial/ws01_plumbing/install/base_interfaces_demo/lib/libbase_interfaces_demo__rosidl_typesupport_cpp.so" to ""
[1.815s] Listing '/home/lulu/ros2_tutorial/ws01_plumbing/install/base_interfaces_demo/local/lib/python3.10/dist-packages/base_interfaces_demo'...
[1.815s] Compiling '/home/lulu/ros2_tutorial/ws01_plumbing/install/base_interfaces_demo/local/lib/python3.10/dist-packages/base_interfaces_demo/__init__.py'...
[1.815s] Listing '/home/lulu/ros2_tutorial/ws01_plumbing/install/base_interfaces_demo/local/lib/python3.10/dist-packages/base_interfaces_demo/msg'...
[1.815s] Compiling '/home/lulu/ros2_tutorial/ws01_plumbing/install/base_interfaces_demo/local/lib/python3.10/dist-packages/base_interfaces_demo/msg/__init__.py'...
[1.815s] Compiling '/home/lulu/ros2_tutorial/ws01_plumbing/install/base_interfaces_demo/local/lib/python3.10/dist-packages/base_interfaces_demo/msg/_student.py'...
[1.819s] -- Installing: /home/lulu/ros2_tutorial/ws01_plumbing/install/base_interfaces_demo/lib/libbase_interfaces_demo__rosidl_generator_py.so
[1.819s] -- Set runtime path of "/home/lulu/ros2_tutorial/ws01_plumbing/install/base_interfaces_demo/lib/libbase_interfaces_demo__rosidl_generator_py.so" to ""
[1.819s] -- Installing: /home/lulu/ros2_tutorial/ws01_plumbing/install/base_interfaces_demo/share/base_interfaces_demo/cmake/export_base_interfaces_demo__rosidl_generator_cExport.cmake
[1.819s] -- Installing: /home/lulu/ros2_tutorial/ws01_plumbing/install/base_interfaces_demo/share/base_interfaces_demo/cmake/export_base_interfaces_demo__rosidl_generator_cExport-noconfig.cmake
[1.820s] -- Installing: /home/lulu/ros2_tutorial/ws01_plumbing/install/base_interfaces_demo/share/base_interfaces_demo/cmake/export_base_interfaces_demo__rosidl_typesupport_fastrtps_cExport.cmake
[1.820s] -- Installing: /home/lulu/ros2_tutorial/ws01_plumbing/install/base_interfaces_demo/share/base_interfaces_demo/cmake/export_base_interfaces_demo__rosidl_typesupport_fastrtps_cExport-noconfig.cmake
[1.820s] -- Installing: /home/lulu/ros2_tutorial/ws01_plumbing/install/base_interfaces_demo/share/base_interfaces_demo/cmake/base_interfaces_demo__rosidl_typesupport_introspection_cExport.cmake
[1.820s] -- Installing: /home/lulu/ros2_tutorial/ws01_plumbing/install/base_interfaces_demo/share/base_interfaces_demo/cmake/base_interfaces_demo__rosidl_typesupport_introspection_cExport-noconfig.cmake
[1.820s] -- Installing: /home/lulu/ros2_tutorial/ws01_plumbing/install/base_interfaces_demo/share/base_interfaces_demo/cmake/base_interfaces_demo__rosidl_typesupport_cExport.cmake
[1.820s] -- Installing: /home/lulu/ros2_tutorial/ws01_plumbing/install/base_interfaces_demo/share/base_interfaces_demo/cmake/base_interfaces_demo__rosidl_typesupport_cExport-noconfig.cmake
[1.820s] -- Installing: /home/lulu/ros2_tutorial/ws01_plumbing/install/base_interfaces_demo/share/base_interfaces_demo/cmake/export_base_interfaces_demo__rosidl_generator_cppExport.cmake
[1.820s] -- Installing: /home/lulu/ros2_tutorial/ws01_plumbing/install/base_interfaces_demo/share/base_interfaces_demo/cmake/export_base_interfaces_demo__rosidl_typesupport_fastrtps_cppExport.cmake
[1.820s] -- Installing: /home/lulu/ros2_tutorial/ws01_plumbing/install/base_interfaces_demo/share/base_interfaces_demo/cmake/export_base_interfaces_demo__rosidl_typesupport_fastrtps_cppExport-noconfig.cmake
[1.820s] -- Installing: /home/lulu/ros2_tutorial/ws01_plumbing/install/base_interfaces_demo/share/base_interfaces_demo/cmake/base_interfaces_demo__rosidl_typesupport_introspection_cppExport.cmake
[1.820s] -- Installing: /home/lulu/ros2_tutorial/ws01_plumbing/install/base_interfaces_demo/share/base_interfaces_demo/cmake/base_interfaces_demo__rosidl_typesupport_introspection_cppExport-noconfig.cmake
[1.820s] -- Installing: /home/lulu/ros2_tutorial/ws01_plumbing/install/base_interfaces_demo/share/base_interfaces_demo/cmake/base_interfaces_demo__rosidl_typesupport_cppExport.cmake
[1.820s] -- Installing: /home/lulu/ros2_tutorial/ws01_plumbing/install/base_interfaces_demo/share/base_interfaces_demo/cmake/base_interfaces_demo__rosidl_typesupport_cppExport-noconfig.cmake
[1.820s] -- Installing: /home/lulu/ros2_tutorial/ws01_plumbing/install/base_interfaces_demo/share/base_interfaces_demo/cmake/export_base_interfaces_demo__rosidl_generator_pyExport.cmake
[1.820s] -- Installing: /home/lulu/ros2_tutorial/ws01_plumbing/install/base_interfaces_demo/share/base_interfaces_demo/cmake/export_base_interfaces_demo__rosidl_generator_pyExport-noconfig.cmake
[1.822s] Invoked command in '/home/lulu/ros2_tutorial/ws01_plumbing/build/base_interfaces_demo' returned '0': CMAKE_PREFIX_PATH=${CMAKE_PREFIX_PATH}:/home/lulu/ros2_tutorial/ws01_plumbing/src/install/py01_topic:/home/lulu/ros2_tutorial/ws01_plumbing/install/py01_topic:/opt/ros/humble /usr/bin/cmake --install /home/lulu/ros2_tutorial/ws01_plumbing/build/base_interfaces_demo
