[0.011s] Invoking command in '/home/lulu/ros2_tutorial/ws01_plumbing/build/cpp01_topic': AMENT_PREFIX_PATH=/home/lulu/ros2_tutorial/ws01_plumbing/install/base_interfaces_demo:${AMENT_PREFIX_PATH} CMAKE_PREFIX_PATH=/home/lulu/ros2_tutorial/ws01_plumbing/install/base_interfaces_demo:/home/lulu/ros2_tutorial/ws01_plumbing/src/install/cpp01_topic:/home/lulu/ros2_tutorial/ws01_plumbing/src/install/base_interfaces_demo:/home/lulu/ros2_tutorial/ws01_plumbing/install/cpp01_topic:/home/lulu/ros2_tutorial/ws01_plumbing/src/install/py01_topic:/home/lulu/ros2_tutorial/ws01_plumbing/install/py01_topic:/opt/ros/humble LD_LIBRARY_PATH=/home/lulu/ros2_tutorial/ws01_plumbing/install/base_interfaces_demo/lib:${LD_LIBRARY_PATH} PYTHONPATH=/home/lulu/ros2_tutorial/ws01_plumbing/install/base_interfaces_demo/local/lib/python3.10/dist-packages:${PYTHONPATH} /usr/bin/cmake --build /home/lulu/ros2_tutorial/ws01_plumbing/build/cpp01_topic -- -j20 -l20
[0.024s] -- Found ament_cmake: 1.3.13 (/opt/ros/humble/share/ament_cmake/cmake)
[0.097s] -- Override CMake install command with custom implementation using symlinks instead of copying resources
[0.100s] -- Found rclcpp: 16.0.18 (/opt/ros/humble/share/rclcpp/cmake)
[0.114s] -- Found rosidl_generator_c: 3.1.8 (/opt/ros/humble/share/rosidl_generator_c/cmake)
[0.115s] -- Found rosidl_adapter: 3.1.8 (/opt/ros/humble/share/rosidl_adapter/cmake)
[0.118s] -- Found rosidl_generator_cpp: 3.1.8 (/opt/ros/humble/share/rosidl_generator_cpp/cmake)
[0.122s] -- Using all available rosidl_typesupport_c: rosidl_typesupport_fastrtps_c;rosidl_typesupport_introspection_c
[0.127s] -- Using all available rosidl_typesupport_cpp: rosidl_typesupport_fastrtps_cpp;rosidl_typesupport_introspection_cpp
[0.141s] -- Found rmw_implementation_cmake: 6.1.2 (/opt/ros/humble/share/rmw_implementation_cmake/cmake)
[0.142s] -- Found rmw_cyclonedds_cpp: 1.3.4 (/opt/ros/humble/share/rmw_cyclonedds_cpp/cmake)
[0.150s] -- Using RMW implementation 'rmw_cyclonedds_cpp' as default
[0.172s] -- Found base_interfaces_demo: 0.0.0 (/home/lulu/ros2_tutorial/ws01_plumbing/install/base_interfaces_demo/share/base_interfaces_demo/cmake)
[0.176s] -- Found ament_lint_auto: 0.12.15 (/opt/ros/humble/share/ament_lint_auto/cmake)
[0.219s] -- Added test 'cppcheck' to perform static code analysis on C / C++ code
[0.219s] -- Configured cppcheck include dirs: $<BUILD_INTERFACE:/home/lulu/ros2_tutorial/ws01_plumbing/src/cpp01_topic/include>
[0.219s] -- Configured cppcheck exclude dirs and/or files: 
[0.219s] -- Added test 'lint_cmake' to check CMake code style
[0.219s] -- Added test 'uncrustify' to check C / C++ code style
[0.220s] -- Configured uncrustify additional arguments: 
[0.220s] -- Added test 'xmllint' to check XML markup files
[0.220s] -- Configuring done
[0.224s] -- Generating done
[0.225s] -- Build files have been written to: /home/lulu/ros2_tutorial/ws01_plumbing/build/cpp01_topic
[0.243s] [35m[1mConsolidate compiler generated dependencies of target demo01_talker_str_cpp[0m
[0.251s] [ 50%] [32mBuilding CXX object CMakeFiles/demo01_talker_str_cpp.dir/src/demo01_talker_str_cpp.cpp.o[0m
[2.243s] [100%] [32m[1mLinking CXX executable demo01_talker_str_cpp[0m
[2.345s] [100%] Built target demo01_talker_str_cpp
[2.355s] Invoked command in '/home/lulu/ros2_tutorial/ws01_plumbing/build/cpp01_topic' returned '0': AMENT_PREFIX_PATH=/home/lulu/ros2_tutorial/ws01_plumbing/install/base_interfaces_demo:${AMENT_PREFIX_PATH} CMAKE_PREFIX_PATH=/home/lulu/ros2_tutorial/ws01_plumbing/install/base_interfaces_demo:/home/lulu/ros2_tutorial/ws01_plumbing/src/install/cpp01_topic:/home/lulu/ros2_tutorial/ws01_plumbing/src/install/base_interfaces_demo:/home/lulu/ros2_tutorial/ws01_plumbing/install/cpp01_topic:/home/lulu/ros2_tutorial/ws01_plumbing/src/install/py01_topic:/home/lulu/ros2_tutorial/ws01_plumbing/install/py01_topic:/opt/ros/humble LD_LIBRARY_PATH=/home/lulu/ros2_tutorial/ws01_plumbing/install/base_interfaces_demo/lib:${LD_LIBRARY_PATH} PYTHONPATH=/home/lulu/ros2_tutorial/ws01_plumbing/install/base_interfaces_demo/local/lib/python3.10/dist-packages:${PYTHONPATH} /usr/bin/cmake --build /home/lulu/ros2_tutorial/ws01_plumbing/build/cpp01_topic -- -j20 -l20
[2.357s] Invoking command in '/home/lulu/ros2_tutorial/ws01_plumbing/build/cpp01_topic': AMENT_PREFIX_PATH=/home/lulu/ros2_tutorial/ws01_plumbing/install/base_interfaces_demo:${AMENT_PREFIX_PATH} CMAKE_PREFIX_PATH=/home/lulu/ros2_tutorial/ws01_plumbing/install/base_interfaces_demo:/home/lulu/ros2_tutorial/ws01_plumbing/src/install/cpp01_topic:/home/lulu/ros2_tutorial/ws01_plumbing/src/install/base_interfaces_demo:/home/lulu/ros2_tutorial/ws01_plumbing/install/cpp01_topic:/home/lulu/ros2_tutorial/ws01_plumbing/src/install/py01_topic:/home/lulu/ros2_tutorial/ws01_plumbing/install/py01_topic:/opt/ros/humble LD_LIBRARY_PATH=/home/lulu/ros2_tutorial/ws01_plumbing/install/base_interfaces_demo/lib:${LD_LIBRARY_PATH} PYTHONPATH=/home/lulu/ros2_tutorial/ws01_plumbing/install/base_interfaces_demo/local/lib/python3.10/dist-packages:${PYTHONPATH} /usr/bin/cmake --install /home/lulu/ros2_tutorial/ws01_plumbing/build/cpp01_topic
[2.362s] -- Install configuration: ""
[2.362s] -- Execute custom install script
[2.362s] -- Up-to-date symlink: /home/lulu/ros2_tutorial/ws01_plumbing/install/cpp01_topic/lib/cpp01_topic/demo01_talker_str_cpp
[2.362s] -- Up-to-date symlink: /home/lulu/ros2_tutorial/ws01_plumbing/install/cpp01_topic/share/ament_index/resource_index/package_run_dependencies/cpp01_topic
[2.362s] -- Up-to-date symlink: /home/lulu/ros2_tutorial/ws01_plumbing/install/cpp01_topic/share/ament_index/resource_index/parent_prefix_path/cpp01_topic
[2.362s] -- Up-to-date symlink: /home/lulu/ros2_tutorial/ws01_plumbing/install/cpp01_topic/share/cpp01_topic/environment/ament_prefix_path.sh
[2.362s] -- Up-to-date symlink: /home/lulu/ros2_tutorial/ws01_plumbing/install/cpp01_topic/share/cpp01_topic/environment/ament_prefix_path.dsv
[2.362s] -- Up-to-date symlink: /home/lulu/ros2_tutorial/ws01_plumbing/install/cpp01_topic/share/cpp01_topic/environment/path.sh
[2.362s] -- Up-to-date symlink: /home/lulu/ros2_tutorial/ws01_plumbing/install/cpp01_topic/share/cpp01_topic/environment/path.dsv
[2.362s] -- Up-to-date symlink: /home/lulu/ros2_tutorial/ws01_plumbing/install/cpp01_topic/share/cpp01_topic/local_setup.bash
[2.362s] -- Up-to-date symlink: /home/lulu/ros2_tutorial/ws01_plumbing/install/cpp01_topic/share/cpp01_topic/local_setup.sh
[2.363s] -- Up-to-date symlink: /home/lulu/ros2_tutorial/ws01_plumbing/install/cpp01_topic/share/cpp01_topic/local_setup.zsh
[2.363s] -- Up-to-date symlink: /home/lulu/ros2_tutorial/ws01_plumbing/install/cpp01_topic/share/cpp01_topic/local_setup.dsv
[2.363s] -- Symlinking: /home/lulu/ros2_tutorial/ws01_plumbing/install/cpp01_topic/share/cpp01_topic/package.dsv
[2.369s] -- Up-to-date symlink: /home/lulu/ros2_tutorial/ws01_plumbing/install/cpp01_topic/share/ament_index/resource_index/packages/cpp01_topic
[2.369s] -- Up-to-date symlink: /home/lulu/ros2_tutorial/ws01_plumbing/install/cpp01_topic/share/cpp01_topic/cmake/cpp01_topicConfig.cmake
[2.369s] -- Up-to-date symlink: /home/lulu/ros2_tutorial/ws01_plumbing/install/cpp01_topic/share/cpp01_topic/cmake/cpp01_topicConfig-version.cmake
[2.369s] -- Up-to-date symlink: /home/lulu/ros2_tutorial/ws01_plumbing/install/cpp01_topic/share/cpp01_topic/package.xml
[2.370s] Invoked command in '/home/lulu/ros2_tutorial/ws01_plumbing/build/cpp01_topic' returned '0': AMENT_PREFIX_PATH=/home/lulu/ros2_tutorial/ws01_plumbing/install/base_interfaces_demo:${AMENT_PREFIX_PATH} CMAKE_PREFIX_PATH=/home/lulu/ros2_tutorial/ws01_plumbing/install/base_interfaces_demo:/home/lulu/ros2_tutorial/ws01_plumbing/src/install/cpp01_topic:/home/lulu/ros2_tutorial/ws01_plumbing/src/install/base_interfaces_demo:/home/lulu/ros2_tutorial/ws01_plumbing/install/cpp01_topic:/home/lulu/ros2_tutorial/ws01_plumbing/src/install/py01_topic:/home/lulu/ros2_tutorial/ws01_plumbing/install/py01_topic:/opt/ros/humble LD_LIBRARY_PATH=/home/lulu/ros2_tutorial/ws01_plumbing/install/base_interfaces_demo/lib:${LD_LIBRARY_PATH} PYTHONPATH=/home/lulu/ros2_tutorial/ws01_plumbing/install/base_interfaces_demo/local/lib/python3.10/dist-packages:${PYTHONPATH} /usr/bin/cmake --install /home/lulu/ros2_tutorial/ws01_plumbing/build/cpp01_topic
