[0.008s] Invoking command in '/home/lulu/ros2_tutorial/ws01_plumbing/build/base_interfaces_demo': /usr/bin/cmake /home/lulu/ros2_tutorial/ws01_plumbing/src/base_interfaces_demo -DCMAKE_INSTALL_PREFIX=/home/lulu/ros2_tutorial/ws01_plumbing/install/base_interfaces_demo
[0.018s] -- Found ament_cmake: 1.3.13 (/opt/ros/humble/share/ament_cmake/cmake)
[0.085s] -- Override CMake install command with custom implementation using symlinks instead of copying resources
[0.184s] -- Found rosidl_default_generators: 1.2.0 (/opt/ros/humble/share/rosidl_default_generators/cmake)
[0.190s] -- Using all available rosidl_typesupport_c: rosidl_typesupport_fastrtps_c;rosidl_typesupport_introspection_c
[0.194s] -- Found rosidl_adapter: 3.1.8 (/opt/ros/humble/share/rosidl_adapter/cmake)
[0.216s] -- Using all available rosidl_typesupport_cpp: rosidl_typesupport_fastrtps_cpp;rosidl_typesupport_introspection_cpp
[0.339s] Error parsing '/home/lulu/ros2_tutorial/ws01_plumbing/src/base_interfaces_demo/package.xml':
[0.358s] Traceback (most recent call last):
[0.359s]   File "/usr/lib/python3/dist-packages/catkin_pkg/package.py", line 610, in parse_package_string
[0.364s]     root = dom.parseString(data)
[0.364s]   File "/usr/lib/python3.10/xml/dom/minidom.py", line 1995, in parseString
[0.365s]     return expatbuilder.parseString(string)
[0.365s]   File "/usr/lib/python3.10/xml/dom/expatbuilder.py", line 925, in parseString
[0.368s]     return builder.parseString(string)
[0.368s]   File "/usr/lib/python3.10/xml/dom/expatbuilder.py", line 223, in parseString
[0.368s]     parser.Parse(string, True)
[0.368s] xml.parsers.expat.ExpatError: mismatched tag: line 24, column 2
[0.368s] 
[0.368s] During handling of the above exception, another exception occurred:
[0.368s] 
[0.368s] Traceback (most recent call last):
[0.368s]   File "/opt/ros/humble/share/ament_cmake_core/cmake/core/package_xml_2_cmake.py", line 150, in <module>
[0.368s]     main()
[0.368s]   File "/opt/ros/humble/share/ament_cmake_core/cmake/core/package_xml_2_cmake.py", line 53, in main
[0.368s]     raise e
[0.368s]   File "/opt/ros/humble/share/ament_cmake_core/cmake/core/package_xml_2_cmake.py", line 49, in main
[0.368s]     package = parse_package_string(
[0.368s]   File "/usr/lib/python3/dist-packages/catkin_pkg/package.py", line 612, in parse_package_string
[0.369s]     raise InvalidPackage('The manifest contains invalid XML:\n%s' % ex, filename)
[0.369s] catkin_pkg.package.InvalidPackage: Error(s) in package '/home/lulu/ros2_tutorial/ws01_plumbing/src/base_interfaces_demo/package.xml':
[0.369s] The manifest contains invalid XML:
[0.369s] mismatched tag: line 24, column 2
[0.377s] [31mCMake Error at /opt/ros/humble/share/ament_cmake_core/cmake/core/ament_package_xml.cmake:95 (message):
[0.377s]   execute_process(/usr/bin/python3
[0.377s]   /opt/ros/humble/share/ament_cmake_core/cmake/core/package_xml_2_cmake.py
[0.377s]   /home/lulu/ros2_tutorial/ws01_plumbing/src/base_interfaces_demo/package.xml
[0.377s]   /home/lulu/ros2_tutorial/ws01_plumbing/build/base_interfaces_demo/ament_cmake_core/package.cmake)
[0.377s]   returned error code 1
[0.377s] Call Stack (most recent call first):
[0.377s]   /opt/ros/humble/share/ament_cmake_core/cmake/core/ament_package_xml.cmake:49 (_ament_package_xml)
[0.378s]   /opt/ros/humble/share/rosidl_cmake/cmake/rosidl_generate_interfaces.cmake:226 (ament_package_xml)
[0.378s]   CMakeLists.txt:15 (rosidl_generate_interfaces)
[0.378s] 
[0.378s] [0m
[0.378s] -- Configuring incomplete, errors occurred!
[0.378s] See also "/home/lulu/ros2_tutorial/ws01_plumbing/build/base_interfaces_demo/CMakeFiles/CMakeOutput.log".
[0.383s] Invoked command in '/home/lulu/ros2_tutorial/ws01_plumbing/build/base_interfaces_demo' returned '1': /usr/bin/cmake /home/lulu/ros2_tutorial/ws01_plumbing/src/base_interfaces_demo -DCMAKE_INSTALL_PREFIX=/home/lulu/ros2_tutorial/ws01_plumbing/install/base_interfaces_demo
