running develop
running egg_info
creating pkg01_helloworld.egg-info
writing pkg01_helloworld.egg-info/PKG-INFO
writing dependency_links to pkg01_helloworld.egg-info/dependency_links.txt
writing entry points to pkg01_helloworld.egg-info/entry_points.txt
writing requirements to pkg01_helloworld.egg-info/requires.txt
writing top-level names to pkg01_helloworld.egg-info/top_level.txt
writing manifest file 'pkg01_helloworld.egg-info/SOURCES.txt'
reading manifest file 'pkg01_helloworld.egg-info/SOURCES.txt'
writing manifest file 'pkg01_helloworld.egg-info/SOURCES.txt'
running build_ext
Creating /home/lulu/ros2_tutorial/ws01_helloworld/install/pkg01_helloworld/lib/python3.10/site-packages/pkg01-helloworld.egg-link (link to .)
Installing helloworld script to /home/lulu/ros2_tutorial/ws01_helloworld/install/pkg01_helloworld/lib/pkg01_helloworld

Installed /home/lulu/ros2_tutorial/ws01_helloworld/build/pkg01_helloworld
running symlink_data
creating /home/lulu/ros2_tutorial/ws01_helloworld/install/pkg01_helloworld/share/ament_index
creating /home/lulu/ros2_tutorial/ws01_helloworld/install/pkg01_helloworld/share/ament_index/resource_index
creating /home/lulu/ros2_tutorial/ws01_helloworld/install/pkg01_helloworld/share/ament_index/resource_index/packages
symbolically linking /home/lulu/ros2_tutorial/ws01_helloworld/build/pkg01_helloworld/resource/pkg01_helloworld -> /home/lulu/ros2_tutorial/ws01_helloworld/install/pkg01_helloworld/share/ament_index/resource_index/packages
symbolically linking /home/lulu/ros2_tutorial/ws01_helloworld/build/pkg01_helloworld/package.xml -> /home/lulu/ros2_tutorial/ws01_helloworld/install/pkg01_helloworld/share/pkg01_helloworld
