[0.444s] Invoking command in '/home/lulu/ros2_tutorial/ws01_helloworld/build/pkg01_helloworld': PYTHONPATH=/home/lulu/ros2_tutorial/ws01_helloworld/build/pkg01_helloworld/prefix_override:/usr/lib/python3/dist-packages/colcon_core/task/python/colcon_distutils_commands:/home/lulu/ros2_tutorial/ws01_helloworld/install/pkg01_helloworld/lib/python3.10/site-packages:${PYTHONPATH} /usr/bin/python3 -W ignore:setup.py install is deprecated -W ignore:easy_install command is deprecated setup.py develop --editable --build-directory /home/lulu/ros2_tutorial/ws01_helloworld/build/pkg01_helloworld/build --no-deps symlink_data
[0.575s] running develop
[0.660s] running egg_info
[0.660s] creating pkg01_helloworld.egg-info
[0.660s] writing pkg01_helloworld.egg-info/PKG-INFO
[0.660s] writing dependency_links to pkg01_helloworld.egg-info/dependency_links.txt
[0.660s] writing entry points to pkg01_helloworld.egg-info/entry_points.txt
[0.660s] writing requirements to pkg01_helloworld.egg-info/requires.txt
[0.660s] writing top-level names to pkg01_helloworld.egg-info/top_level.txt
[0.660s] writing manifest file 'pkg01_helloworld.egg-info/SOURCES.txt'
[0.660s] reading manifest file 'pkg01_helloworld.egg-info/SOURCES.txt'
[0.660s] writing manifest file 'pkg01_helloworld.egg-info/SOURCES.txt'
[0.673s] running build_ext
[0.674s] Creating /home/lulu/ros2_tutorial/ws01_helloworld/install/pkg01_helloworld/lib/python3.10/site-packages/pkg01-helloworld.egg-link (link to .)
[0.674s] Installing helloworld script to /home/lulu/ros2_tutorial/ws01_helloworld/install/pkg01_helloworld/lib/pkg01_helloworld
[0.674s] 
[0.674s] Installed /home/lulu/ros2_tutorial/ws01_helloworld/build/pkg01_helloworld
[0.674s] running symlink_data
[0.674s] creating /home/lulu/ros2_tutorial/ws01_helloworld/install/pkg01_helloworld/share/ament_index
[0.674s] creating /home/lulu/ros2_tutorial/ws01_helloworld/install/pkg01_helloworld/share/ament_index/resource_index
[0.674s] creating /home/lulu/ros2_tutorial/ws01_helloworld/install/pkg01_helloworld/share/ament_index/resource_index/packages
[0.674s] symbolically linking /home/lulu/ros2_tutorial/ws01_helloworld/build/pkg01_helloworld/resource/pkg01_helloworld -> /home/lulu/ros2_tutorial/ws01_helloworld/install/pkg01_helloworld/share/ament_index/resource_index/packages
[0.674s] symbolically linking /home/lulu/ros2_tutorial/ws01_helloworld/build/pkg01_helloworld/package.xml -> /home/lulu/ros2_tutorial/ws01_helloworld/install/pkg01_helloworld/share/pkg01_helloworld
[0.690s] Invoked command in '/home/lulu/ros2_tutorial/ws01_helloworld/build/pkg01_helloworld' returned '0': PYTHONPATH=/home/lulu/ros2_tutorial/ws01_helloworld/build/pkg01_helloworld/prefix_override:/usr/lib/python3/dist-packages/colcon_core/task/python/colcon_distutils_commands:/home/lulu/ros2_tutorial/ws01_helloworld/install/pkg01_helloworld/lib/python3.10/site-packages:${PYTHONPATH} /usr/bin/python3 -W ignore:setup.py install is deprecated -W ignore:easy_install command is deprecated setup.py develop --editable --build-directory /home/lulu/ros2_tutorial/ws01_helloworld/build/pkg01_helloworld/build --no-deps symlink_data
