[0.556s] Invoking command in '/home/lulu/ros2_tutorial/ws01_plumbing/build/py01_topic': PYTHONPATH=/home/lulu/ros2_tutorial/ws01_plumbing/build/py01_topic/prefix_override:/usr/lib/python3/dist-packages/colcon_core/task/python/colcon_distutils_commands:/home/lulu/ros2_tutorial/ws01_plumbing/install/py01_topic/lib/python3.10/site-packages:${PYTHONPATH} /usr/bin/python3 -W ignore:setup.py install is deprecated -W ignore:easy_install command is deprecated setup.py develop --editable --build-directory /home/lulu/ros2_tutorial/ws01_plumbing/build/py01_topic/build --no-deps symlink_data
[0.688s] running develop
[0.781s] running egg_info
[0.781s] writing py01_topic.egg-info/PKG-INFO
[0.782s] writing dependency_links to py01_topic.egg-info/dependency_links.txt
[0.782s] writing entry points to py01_topic.egg-info/entry_points.txt
[0.782s] writing requirements to py01_topic.egg-info/requires.txt
[0.782s] writing top-level names to py01_topic.egg-info/top_level.txt
[0.782s] reading manifest file 'py01_topic.egg-info/SOURCES.txt'
[0.782s] writing manifest file 'py01_topic.egg-info/SOURCES.txt'
[0.797s] running build_ext
[0.797s] Creating /home/lulu/ros2_tutorial/ws01_plumbing/install/py01_topic/lib/python3.10/site-packages/py01-topic.egg-link (link to .)
[0.797s] Installing demo01_talker_str_py script to /home/lulu/ros2_tutorial/ws01_plumbing/install/py01_topic/lib/py01_topic
[0.797s] Installing demo02_listener_str_py script to /home/lulu/ros2_tutorial/ws01_plumbing/install/py01_topic/lib/py01_topic
[0.797s] Installing demo03_talker_stu_py script to /home/lulu/ros2_tutorial/ws01_plumbing/install/py01_topic/lib/py01_topic
[0.797s] Installing demo04_listener_stu_py script to /home/lulu/ros2_tutorial/ws01_plumbing/install/py01_topic/lib/py01_topic
[0.797s] 
[0.797s] Installed /home/lulu/ros2_tutorial/ws01_plumbing/build/py01_topic
[0.797s] running symlink_data
[0.817s] Invoked command in '/home/lulu/ros2_tutorial/ws01_plumbing/build/py01_topic' returned '0': PYTHONPATH=/home/lulu/ros2_tutorial/ws01_plumbing/build/py01_topic/prefix_override:/usr/lib/python3/dist-packages/colcon_core/task/python/colcon_distutils_commands:/home/lulu/ros2_tutorial/ws01_plumbing/install/py01_topic/lib/python3.10/site-packages:${PYTHONPATH} /usr/bin/python3 -W ignore:setup.py install is deprecated -W ignore:easy_install command is deprecated setup.py develop --editable --build-directory /home/lulu/ros2_tutorial/ws01_plumbing/build/py01_topic/build --no-deps symlink_data
