[0.362s] Invoking command in '/home/lulu/ros2_tutorial/ws01_plumbing/src/py02_service': CMAKE_PREFIX_PATH=/home/lulu/ros2_tutorial/ws01_plumbing/install/base_interfaces_demo:/home/lulu/ros2_tutorial/ws01_plumbing/install/cpp01_topic PYTHONPATH=/home/lulu/ros2_tutorial/ws01_plumbing/build/py02_service/prefix_override:/usr/lib/python3/dist-packages/colcon_core/task/python/colcon_distutils_commands:/home/lulu/ros2_tutorial/ws01_plumbing/install/py02_service/lib/python3.10/site-packages:${PYTHONPATH} /usr/bin/python3 -W ignore:setup.py install is deprecated -W ignore:easy_install command is deprecated setup.py egg_info --egg-base ../../build/py02_service build --build-base /home/lulu/ros2_tutorial/ws01_plumbing/build/py02_service/build install --record /home/lulu/ros2_tutorial/ws01_plumbing/build/py02_service/install.log --single-version-externally-managed install_data
[0.488s] running egg_info
[0.488s] writing ../../build/py02_service/py02_service.egg-info/PKG-INFO
[0.488s] writing dependency_links to ../../build/py02_service/py02_service.egg-info/dependency_links.txt
[0.488s] writing entry points to ../../build/py02_service/py02_service.egg-info/entry_points.txt
[0.488s] writing requirements to ../../build/py02_service/py02_service.egg-info/requires.txt
[0.488s] writing top-level names to ../../build/py02_service/py02_service.egg-info/top_level.txt
[0.489s] reading manifest file '../../build/py02_service/py02_service.egg-info/SOURCES.txt'
[0.489s] writing manifest file '../../build/py02_service/py02_service.egg-info/SOURCES.txt'
[0.489s] running build
[0.489s] running build_py
[0.490s] running install
[0.490s] running install_lib
[0.490s] running install_data
[0.490s] running install_egg_info
[0.492s] removing '/home/lulu/ros2_tutorial/ws01_plumbing/install/py02_service/lib/python3.10/site-packages/py02_service-0.0.0-py3.10.egg-info' (and everything under it)
[0.492s] Copying ../../build/py02_service/py02_service.egg-info to /home/lulu/ros2_tutorial/ws01_plumbing/install/py02_service/lib/python3.10/site-packages/py02_service-0.0.0-py3.10.egg-info
[0.492s] running install_scripts
[0.501s] Installing demo01_server script to /home/lulu/ros2_tutorial/ws01_plumbing/install/py02_service/lib/py02_service
[0.501s] Installing demo02_client script to /home/lulu/ros2_tutorial/ws01_plumbing/install/py02_service/lib/py02_service
[0.501s] writing list of installed files to '/home/lulu/ros2_tutorial/ws01_plumbing/build/py02_service/install.log'
[0.515s] Invoked command in '/home/lulu/ros2_tutorial/ws01_plumbing/src/py02_service' returned '0': CMAKE_PREFIX_PATH=/home/lulu/ros2_tutorial/ws01_plumbing/install/base_interfaces_demo:/home/lulu/ros2_tutorial/ws01_plumbing/install/cpp01_topic PYTHONPATH=/home/lulu/ros2_tutorial/ws01_plumbing/build/py02_service/prefix_override:/usr/lib/python3/dist-packages/colcon_core/task/python/colcon_distutils_commands:/home/lulu/ros2_tutorial/ws01_plumbing/install/py02_service/lib/python3.10/site-packages:${PYTHONPATH} /usr/bin/python3 -W ignore:setup.py install is deprecated -W ignore:easy_install command is deprecated setup.py egg_info --egg-base ../../build/py02_service build --build-base /home/lulu/ros2_tutorial/ws01_plumbing/build/py02_service/build install --record /home/lulu/ros2_tutorial/ws01_plumbing/build/py02_service/install.log --single-version-externally-managed install_data
