[0.048s] DEBUG:colcon:Command line arguments: ['/usr/bin/colcon', 'build', '--symlink-install']
[0.048s] DEBUG:colcon:Parsed command line arguments: Namespace(log_base=None, log_level=None, verb_name='build', build_base='build', install_base='install', merge_install=False, symlink_install=True, test_result_base=None, continue_on_error=False, executor='parallel', parallel_workers=20, event_handlers=None, ignore_user_meta=False, metas=['./colcon.meta'], base_paths=['.'], packages_ignore=None, packages_ignore_regex=None, paths=None, packages_up_to=None, packages_up_to_regex=None, packages_above=None, packages_above_and_dependencies=None, packages_above_depth=None, packages_select_by_dep=None, packages_skip_by_dep=None, packages_skip_up_to=None, packages_select_build_failed=False, packages_skip_build_finished=False, packages_select_test_failures=False, packages_skip_test_passed=False, packages_select=None, packages_skip=None, packages_select_regex=None, packages_skip_regex=None, packages_start=None, packages_end=None, allow_overriding=[], cmake_args=None, cmake_target=None, cmake_target_skip_unavailable=False, cmake_clean_cache=False, cmake_clean_first=False, cmake_force_configure=False, ament_cmake_args=None, catkin_cmake_args=None, catkin_skip_building_tests=False, verb_parser=<colcon_defaults.argument_parser.defaults.DefaultArgumentsDecorator object at 0x7aadae5a4c40>, verb_extension=<colcon_core.verb.build.BuildVerb object at 0x7aadae5a4670>, main=<bound method BuildVerb.main of <colcon_core.verb.build.BuildVerb object at 0x7aadae5a4670>>)
[0.135s] Level 1:colcon.colcon_core.package_discovery:discover_packages(colcon_meta) check parameters
[0.135s] Level 1:colcon.colcon_core.package_discovery:discover_packages(recursive) check parameters
[0.136s] Level 1:colcon.colcon_core.package_discovery:discover_packages(ignore) check parameters
[0.136s] Level 1:colcon.colcon_core.package_discovery:discover_packages(path) check parameters
[0.136s] Level 1:colcon.colcon_core.package_discovery:discover_packages(colcon_meta) discover
[0.136s] Level 1:colcon.colcon_core.package_discovery:discover_packages(recursive) discover
[0.136s] INFO:colcon.colcon_core.package_discovery:Crawling recursively for packages in '/home/lulu/ros2_tutorial/ws01_plumbing'
[0.136s] Level 1:colcon.colcon_core.package_identification:_identify(.) by extensions ['ignore', 'ignore_ament_install']
[0.136s] Level 1:colcon.colcon_core.package_identification:_identify(.) by extension 'ignore'
[0.136s] Level 1:colcon.colcon_core.package_identification:_identify(.) by extension 'ignore_ament_install'
[0.136s] Level 1:colcon.colcon_core.package_identification:_identify(.) by extensions ['colcon_pkg']
[0.136s] Level 1:colcon.colcon_core.package_identification:_identify(.) by extension 'colcon_pkg'
[0.136s] Level 1:colcon.colcon_core.package_identification:_identify(.) by extensions ['colcon_meta']
[0.136s] Level 1:colcon.colcon_core.package_identification:_identify(.) by extension 'colcon_meta'
[0.136s] Level 1:colcon.colcon_core.package_identification:_identify(.) by extensions ['ros']
[0.136s] Level 1:colcon.colcon_core.package_identification:_identify(.) by extension 'ros'
[0.155s] Level 1:colcon.colcon_core.package_identification:_identify(.) by extensions ['cmake', 'python']
[0.155s] Level 1:colcon.colcon_core.package_identification:_identify(.) by extension 'cmake'
[0.155s] Level 1:colcon.colcon_core.package_identification:_identify(.) by extension 'python'
[0.155s] Level 1:colcon.colcon_core.package_identification:_identify(.) by extensions ['python_setup_py']
[0.155s] Level 1:colcon.colcon_core.package_identification:_identify(.) by extension 'python_setup_py'
[0.155s] Level 1:colcon.colcon_core.package_identification:_identify(build) by extensions ['ignore', 'ignore_ament_install']
[0.155s] Level 1:colcon.colcon_core.package_identification:_identify(build) by extension 'ignore'
[0.155s] Level 1:colcon.colcon_core.package_identification:_identify(build) ignored
[0.155s] Level 1:colcon.colcon_core.package_identification:_identify(install) by extensions ['ignore', 'ignore_ament_install']
[0.155s] Level 1:colcon.colcon_core.package_identification:_identify(install) by extension 'ignore'
[0.155s] Level 1:colcon.colcon_core.package_identification:_identify(install) ignored
[0.155s] Level 1:colcon.colcon_core.package_identification:_identify(log) by extensions ['ignore', 'ignore_ament_install']
[0.155s] Level 1:colcon.colcon_core.package_identification:_identify(log) by extension 'ignore'
[0.155s] Level 1:colcon.colcon_core.package_identification:_identify(log) ignored
[0.155s] Level 1:colcon.colcon_core.package_identification:_identify(src) by extensions ['ignore', 'ignore_ament_install']
[0.155s] Level 1:colcon.colcon_core.package_identification:_identify(src) by extension 'ignore'
[0.155s] Level 1:colcon.colcon_core.package_identification:_identify(src) by extension 'ignore_ament_install'
[0.155s] Level 1:colcon.colcon_core.package_identification:_identify(src) by extensions ['colcon_pkg']
[0.155s] Level 1:colcon.colcon_core.package_identification:_identify(src) by extension 'colcon_pkg'
[0.155s] Level 1:colcon.colcon_core.package_identification:_identify(src) by extensions ['colcon_meta']
[0.155s] Level 1:colcon.colcon_core.package_identification:_identify(src) by extension 'colcon_meta'
[0.156s] Level 1:colcon.colcon_core.package_identification:_identify(src) by extensions ['ros']
[0.156s] Level 1:colcon.colcon_core.package_identification:_identify(src) by extension 'ros'
[0.156s] Level 1:colcon.colcon_core.package_identification:_identify(src) by extensions ['cmake', 'python']
[0.156s] Level 1:colcon.colcon_core.package_identification:_identify(src) by extension 'cmake'
[0.156s] Level 1:colcon.colcon_core.package_identification:_identify(src) by extension 'python'
[0.156s] Level 1:colcon.colcon_core.package_identification:_identify(src) by extensions ['python_setup_py']
[0.156s] Level 1:colcon.colcon_core.package_identification:_identify(src) by extension 'python_setup_py'
[0.156s] Level 1:colcon.colcon_core.package_identification:_identify(src/base_interfaces_demo) by extensions ['ignore', 'ignore_ament_install']
[0.156s] Level 1:colcon.colcon_core.package_identification:_identify(src/base_interfaces_demo) by extension 'ignore'
[0.156s] Level 1:colcon.colcon_core.package_identification:_identify(src/base_interfaces_demo) by extension 'ignore_ament_install'
[0.156s] Level 1:colcon.colcon_core.package_identification:_identify(src/base_interfaces_demo) by extensions ['colcon_pkg']
[0.156s] Level 1:colcon.colcon_core.package_identification:_identify(src/base_interfaces_demo) by extension 'colcon_pkg'
[0.156s] Level 1:colcon.colcon_core.package_identification:_identify(src/base_interfaces_demo) by extensions ['colcon_meta']
[0.156s] Level 1:colcon.colcon_core.package_identification:_identify(src/base_interfaces_demo) by extension 'colcon_meta'
[0.156s] Level 1:colcon.colcon_core.package_identification:_identify(src/base_interfaces_demo) by extensions ['ros']
[0.156s] Level 1:colcon.colcon_core.package_identification:_identify(src/base_interfaces_demo) by extension 'ros'
[0.157s] DEBUG:colcon.colcon_core.package_identification:Package 'src/base_interfaces_demo' with type 'ros.ament_cmake' and name 'base_interfaces_demo'
[0.157s] Level 1:colcon.colcon_core.package_identification:_identify(src/cpp01_topic) by extensions ['ignore', 'ignore_ament_install']
[0.157s] Level 1:colcon.colcon_core.package_identification:_identify(src/cpp01_topic) by extension 'ignore'
[0.157s] Level 1:colcon.colcon_core.package_identification:_identify(src/cpp01_topic) by extension 'ignore_ament_install'
[0.157s] Level 1:colcon.colcon_core.package_identification:_identify(src/cpp01_topic) by extensions ['colcon_pkg']
[0.157s] Level 1:colcon.colcon_core.package_identification:_identify(src/cpp01_topic) by extension 'colcon_pkg'
[0.157s] Level 1:colcon.colcon_core.package_identification:_identify(src/cpp01_topic) by extensions ['colcon_meta']
[0.157s] Level 1:colcon.colcon_core.package_identification:_identify(src/cpp01_topic) by extension 'colcon_meta'
[0.157s] Level 1:colcon.colcon_core.package_identification:_identify(src/cpp01_topic) by extensions ['ros']
[0.157s] Level 1:colcon.colcon_core.package_identification:_identify(src/cpp01_topic) by extension 'ros'
[0.157s] DEBUG:colcon.colcon_core.package_identification:Package 'src/cpp01_topic' with type 'ros.ament_cmake' and name 'cpp01_topic'
[0.157s] Level 1:colcon.colcon_core.package_identification:_identify(src/py01_topic) by extensions ['ignore', 'ignore_ament_install']
[0.158s] Level 1:colcon.colcon_core.package_identification:_identify(src/py01_topic) by extension 'ignore'
[0.158s] Level 1:colcon.colcon_core.package_identification:_identify(src/py01_topic) by extension 'ignore_ament_install'
[0.158s] Level 1:colcon.colcon_core.package_identification:_identify(src/py01_topic) by extensions ['colcon_pkg']
[0.158s] Level 1:colcon.colcon_core.package_identification:_identify(src/py01_topic) by extension 'colcon_pkg'
[0.158s] Level 1:colcon.colcon_core.package_identification:_identify(src/py01_topic) by extensions ['colcon_meta']
[0.158s] Level 1:colcon.colcon_core.package_identification:_identify(src/py01_topic) by extension 'colcon_meta'
[0.158s] Level 1:colcon.colcon_core.package_identification:_identify(src/py01_topic) by extensions ['ros']
[0.158s] Level 1:colcon.colcon_core.package_identification:_identify(src/py01_topic) by extension 'ros'
[0.158s] DEBUG:colcon.colcon_core.package_identification:Package 'src/py01_topic' with type 'ros.ament_python' and name 'py01_topic'
[0.158s] Level 1:colcon.colcon_core.package_identification:_identify(src/py02_service) by extensions ['ignore', 'ignore_ament_install']
[0.158s] Level 1:colcon.colcon_core.package_identification:_identify(src/py02_service) by extension 'ignore'
[0.158s] Level 1:colcon.colcon_core.package_identification:_identify(src/py02_service) by extension 'ignore_ament_install'
[0.158s] Level 1:colcon.colcon_core.package_identification:_identify(src/py02_service) by extensions ['colcon_pkg']
[0.158s] Level 1:colcon.colcon_core.package_identification:_identify(src/py02_service) by extension 'colcon_pkg'
[0.158s] Level 1:colcon.colcon_core.package_identification:_identify(src/py02_service) by extensions ['colcon_meta']
[0.158s] Level 1:colcon.colcon_core.package_identification:_identify(src/py02_service) by extension 'colcon_meta'
[0.158s] Level 1:colcon.colcon_core.package_identification:_identify(src/py02_service) by extensions ['ros']
[0.158s] Level 1:colcon.colcon_core.package_identification:_identify(src/py02_service) by extension 'ros'
[0.158s] DEBUG:colcon.colcon_core.package_identification:Package 'src/py02_service' with type 'ros.ament_python' and name 'py02_service'
[0.158s] Level 1:colcon.colcon_core.package_identification:_identify(src/py03_action) by extensions ['ignore', 'ignore_ament_install']
[0.158s] Level 1:colcon.colcon_core.package_identification:_identify(src/py03_action) by extension 'ignore'
[0.158s] Level 1:colcon.colcon_core.package_identification:_identify(src/py03_action) by extension 'ignore_ament_install'
[0.158s] Level 1:colcon.colcon_core.package_identification:_identify(src/py03_action) by extensions ['colcon_pkg']
[0.158s] Level 1:colcon.colcon_core.package_identification:_identify(src/py03_action) by extension 'colcon_pkg'
[0.158s] Level 1:colcon.colcon_core.package_identification:_identify(src/py03_action) by extensions ['colcon_meta']
[0.158s] Level 1:colcon.colcon_core.package_identification:_identify(src/py03_action) by extension 'colcon_meta'
[0.159s] Level 1:colcon.colcon_core.package_identification:_identify(src/py03_action) by extensions ['ros']
[0.159s] Level 1:colcon.colcon_core.package_identification:_identify(src/py03_action) by extension 'ros'
[0.159s] DEBUG:colcon.colcon_core.package_identification:Package 'src/py03_action' with type 'ros.ament_python' and name 'py03_action'
[0.159s] Level 1:colcon.colcon_core.package_discovery:discover_packages(recursive) using defaults
[0.159s] Level 1:colcon.colcon_core.package_discovery:discover_packages(ignore) discover
[0.159s] Level 1:colcon.colcon_core.package_discovery:discover_packages(ignore) using defaults
[0.159s] Level 1:colcon.colcon_core.package_discovery:discover_packages(path) discover
[0.159s] Level 1:colcon.colcon_core.package_discovery:discover_packages(path) using defaults
[0.168s] Level 1:colcon.colcon_core.package_discovery:discover_packages(prefix_path) check parameters
[0.168s] Level 1:colcon.colcon_core.package_discovery:discover_packages(prefix_path) discover
[0.169s] DEBUG:colcon.colcon_installed_package_information.package_discovery:Found 5 installed packages in /home/lulu/ros2_tutorial/ws01_plumbing/install
[0.170s] DEBUG:colcon.colcon_installed_package_information.package_discovery:Found 421 installed packages in /opt/ros/humble
[0.170s] Level 1:colcon.colcon_core.package_discovery:discover_packages(prefix_path) using defaults
[0.191s] Level 5:colcon.colcon_core.verb:set package 'base_interfaces_demo' build argument 'cmake_args' from command line to 'None'
[0.191s] Level 5:colcon.colcon_core.verb:set package 'base_interfaces_demo' build argument 'cmake_target' from command line to 'None'
[0.192s] Level 5:colcon.colcon_core.verb:set package 'base_interfaces_demo' build argument 'cmake_target_skip_unavailable' from command line to 'False'
[0.192s] Level 5:colcon.colcon_core.verb:set package 'base_interfaces_demo' build argument 'cmake_clean_cache' from command line to 'False'
[0.192s] Level 5:colcon.colcon_core.verb:set package 'base_interfaces_demo' build argument 'cmake_clean_first' from command line to 'False'
[0.192s] Level 5:colcon.colcon_core.verb:set package 'base_interfaces_demo' build argument 'cmake_force_configure' from command line to 'False'
[0.192s] Level 5:colcon.colcon_core.verb:set package 'base_interfaces_demo' build argument 'ament_cmake_args' from command line to 'None'
[0.192s] Level 5:colcon.colcon_core.verb:set package 'base_interfaces_demo' build argument 'catkin_cmake_args' from command line to 'None'
[0.192s] Level 5:colcon.colcon_core.verb:set package 'base_interfaces_demo' build argument 'catkin_skip_building_tests' from command line to 'False'
[0.192s] DEBUG:colcon.colcon_core.verb:Building package 'base_interfaces_demo' with the following arguments: {'ament_cmake_args': None, 'build_base': '/home/lulu/ros2_tutorial/ws01_plumbing/build/base_interfaces_demo', 'catkin_cmake_args': None, 'catkin_skip_building_tests': False, 'cmake_args': None, 'cmake_clean_cache': False, 'cmake_clean_first': False, 'cmake_force_configure': False, 'cmake_target': None, 'cmake_target_skip_unavailable': False, 'install_base': '/home/lulu/ros2_tutorial/ws01_plumbing/install/base_interfaces_demo', 'merge_install': False, 'path': '/home/lulu/ros2_tutorial/ws01_plumbing/src/base_interfaces_demo', 'symlink_install': True, 'test_result_base': None}
[0.192s] Level 5:colcon.colcon_core.verb:set package 'py01_topic' build argument 'cmake_args' from command line to 'None'
[0.192s] Level 5:colcon.colcon_core.verb:set package 'py01_topic' build argument 'cmake_target' from command line to 'None'
[0.192s] Level 5:colcon.colcon_core.verb:set package 'py01_topic' build argument 'cmake_target_skip_unavailable' from command line to 'False'
[0.192s] Level 5:colcon.colcon_core.verb:set package 'py01_topic' build argument 'cmake_clean_cache' from command line to 'False'
[0.192s] Level 5:colcon.colcon_core.verb:set package 'py01_topic' build argument 'cmake_clean_first' from command line to 'False'
[0.192s] Level 5:colcon.colcon_core.verb:set package 'py01_topic' build argument 'cmake_force_configure' from command line to 'False'
[0.192s] Level 5:colcon.colcon_core.verb:set package 'py01_topic' build argument 'ament_cmake_args' from command line to 'None'
[0.192s] Level 5:colcon.colcon_core.verb:set package 'py01_topic' build argument 'catkin_cmake_args' from command line to 'None'
[0.192s] Level 5:colcon.colcon_core.verb:set package 'py01_topic' build argument 'catkin_skip_building_tests' from command line to 'False'
[0.192s] DEBUG:colcon.colcon_core.verb:Building package 'py01_topic' with the following arguments: {'ament_cmake_args': None, 'build_base': '/home/lulu/ros2_tutorial/ws01_plumbing/build/py01_topic', 'catkin_cmake_args': None, 'catkin_skip_building_tests': False, 'cmake_args': None, 'cmake_clean_cache': False, 'cmake_clean_first': False, 'cmake_force_configure': False, 'cmake_target': None, 'cmake_target_skip_unavailable': False, 'install_base': '/home/lulu/ros2_tutorial/ws01_plumbing/install/py01_topic', 'merge_install': False, 'path': '/home/lulu/ros2_tutorial/ws01_plumbing/src/py01_topic', 'symlink_install': True, 'test_result_base': None}
[0.192s] Level 5:colcon.colcon_core.verb:set package 'cpp01_topic' build argument 'cmake_args' from command line to 'None'
[0.192s] Level 5:colcon.colcon_core.verb:set package 'cpp01_topic' build argument 'cmake_target' from command line to 'None'
[0.192s] Level 5:colcon.colcon_core.verb:set package 'cpp01_topic' build argument 'cmake_target_skip_unavailable' from command line to 'False'
[0.192s] Level 5:colcon.colcon_core.verb:set package 'cpp01_topic' build argument 'cmake_clean_cache' from command line to 'False'
[0.192s] Level 5:colcon.colcon_core.verb:set package 'cpp01_topic' build argument 'cmake_clean_first' from command line to 'False'
[0.192s] Level 5:colcon.colcon_core.verb:set package 'cpp01_topic' build argument 'cmake_force_configure' from command line to 'False'
[0.192s] Level 5:colcon.colcon_core.verb:set package 'cpp01_topic' build argument 'ament_cmake_args' from command line to 'None'
[0.192s] Level 5:colcon.colcon_core.verb:set package 'cpp01_topic' build argument 'catkin_cmake_args' from command line to 'None'
[0.192s] Level 5:colcon.colcon_core.verb:set package 'cpp01_topic' build argument 'catkin_skip_building_tests' from command line to 'False'
[0.192s] DEBUG:colcon.colcon_core.verb:Building package 'cpp01_topic' with the following arguments: {'ament_cmake_args': None, 'build_base': '/home/lulu/ros2_tutorial/ws01_plumbing/build/cpp01_topic', 'catkin_cmake_args': None, 'catkin_skip_building_tests': False, 'cmake_args': None, 'cmake_clean_cache': False, 'cmake_clean_first': False, 'cmake_force_configure': False, 'cmake_target': None, 'cmake_target_skip_unavailable': False, 'install_base': '/home/lulu/ros2_tutorial/ws01_plumbing/install/cpp01_topic', 'merge_install': False, 'path': '/home/lulu/ros2_tutorial/ws01_plumbing/src/cpp01_topic', 'symlink_install': True, 'test_result_base': None}
[0.192s] Level 5:colcon.colcon_core.verb:set package 'py02_service' build argument 'cmake_args' from command line to 'None'
[0.192s] Level 5:colcon.colcon_core.verb:set package 'py02_service' build argument 'cmake_target' from command line to 'None'
[0.192s] Level 5:colcon.colcon_core.verb:set package 'py02_service' build argument 'cmake_target_skip_unavailable' from command line to 'False'
[0.192s] Level 5:colcon.colcon_core.verb:set package 'py02_service' build argument 'cmake_clean_cache' from command line to 'False'
[0.192s] Level 5:colcon.colcon_core.verb:set package 'py02_service' build argument 'cmake_clean_first' from command line to 'False'
[0.192s] Level 5:colcon.colcon_core.verb:set package 'py02_service' build argument 'cmake_force_configure' from command line to 'False'
[0.192s] Level 5:colcon.colcon_core.verb:set package 'py02_service' build argument 'ament_cmake_args' from command line to 'None'
[0.192s] Level 5:colcon.colcon_core.verb:set package 'py02_service' build argument 'catkin_cmake_args' from command line to 'None'
[0.192s] Level 5:colcon.colcon_core.verb:set package 'py02_service' build argument 'catkin_skip_building_tests' from command line to 'False'
[0.192s] DEBUG:colcon.colcon_core.verb:Building package 'py02_service' with the following arguments: {'ament_cmake_args': None, 'build_base': '/home/lulu/ros2_tutorial/ws01_plumbing/build/py02_service', 'catkin_cmake_args': None, 'catkin_skip_building_tests': False, 'cmake_args': None, 'cmake_clean_cache': False, 'cmake_clean_first': False, 'cmake_force_configure': False, 'cmake_target': None, 'cmake_target_skip_unavailable': False, 'install_base': '/home/lulu/ros2_tutorial/ws01_plumbing/install/py02_service', 'merge_install': False, 'path': '/home/lulu/ros2_tutorial/ws01_plumbing/src/py02_service', 'symlink_install': True, 'test_result_base': None}
[0.192s] Level 5:colcon.colcon_core.verb:set package 'py03_action' build argument 'cmake_args' from command line to 'None'
[0.192s] Level 5:colcon.colcon_core.verb:set package 'py03_action' build argument 'cmake_target' from command line to 'None'
[0.192s] Level 5:colcon.colcon_core.verb:set package 'py03_action' build argument 'cmake_target_skip_unavailable' from command line to 'False'
[0.192s] Level 5:colcon.colcon_core.verb:set package 'py03_action' build argument 'cmake_clean_cache' from command line to 'False'
[0.192s] Level 5:colcon.colcon_core.verb:set package 'py03_action' build argument 'cmake_clean_first' from command line to 'False'
[0.192s] Level 5:colcon.colcon_core.verb:set package 'py03_action' build argument 'cmake_force_configure' from command line to 'False'
[0.192s] Level 5:colcon.colcon_core.verb:set package 'py03_action' build argument 'ament_cmake_args' from command line to 'None'
[0.192s] Level 5:colcon.colcon_core.verb:set package 'py03_action' build argument 'catkin_cmake_args' from command line to 'None'
[0.192s] Level 5:colcon.colcon_core.verb:set package 'py03_action' build argument 'catkin_skip_building_tests' from command line to 'False'
[0.192s] DEBUG:colcon.colcon_core.verb:Building package 'py03_action' with the following arguments: {'ament_cmake_args': None, 'build_base': '/home/lulu/ros2_tutorial/ws01_plumbing/build/py03_action', 'catkin_cmake_args': None, 'catkin_skip_building_tests': False, 'cmake_args': None, 'cmake_clean_cache': False, 'cmake_clean_first': False, 'cmake_force_configure': False, 'cmake_target': None, 'cmake_target_skip_unavailable': False, 'install_base': '/home/lulu/ros2_tutorial/ws01_plumbing/install/py03_action', 'merge_install': False, 'path': '/home/lulu/ros2_tutorial/ws01_plumbing/src/py03_action', 'symlink_install': True, 'test_result_base': None}
[0.192s] INFO:colcon.colcon_core.executor:Executing jobs using 'parallel' executor
[0.193s] DEBUG:colcon.colcon_parallel_executor.executor.parallel:run_until_complete
[0.193s] INFO:colcon.colcon_ros.task.ament_cmake.build:Building ROS package in '/home/lulu/ros2_tutorial/ws01_plumbing/src/base_interfaces_demo' with build type 'ament_cmake'
[0.193s] INFO:colcon.colcon_cmake.task.cmake.build:Building CMake package in '/home/lulu/ros2_tutorial/ws01_plumbing/src/base_interfaces_demo'
[0.195s] INFO:colcon.colcon_core.plugin_system:Skipping extension 'colcon_core.shell.bat': Not used on non-Windows systems
[0.195s] INFO:colcon.colcon_core.shell:Skip shell extension 'powershell' for command environment: Not usable outside of PowerShell
[0.195s] DEBUG:colcon.colcon_core.shell:Skip shell extension 'dsv' for command environment
[0.197s] INFO:colcon.colcon_ros.task.ament_python.build:Building ROS package in '/home/lulu/ros2_tutorial/ws01_plumbing/src/py01_topic' with build type 'ament_python'
[0.197s] Level 1:colcon.colcon_core.shell:create_environment_hook('py01_topic', 'ament_prefix_path')
[0.197s] INFO:colcon.colcon_core.shell:Creating environment hook '/home/lulu/ros2_tutorial/ws01_plumbing/install/py01_topic/share/py01_topic/hook/ament_prefix_path.ps1'
[0.197s] INFO:colcon.colcon_core.shell:Creating environment descriptor '/home/lulu/ros2_tutorial/ws01_plumbing/install/py01_topic/share/py01_topic/hook/ament_prefix_path.dsv'
[0.197s] INFO:colcon.colcon_core.shell:Creating environment hook '/home/lulu/ros2_tutorial/ws01_plumbing/install/py01_topic/share/py01_topic/hook/ament_prefix_path.sh'
[0.198s] INFO:colcon.colcon_core.shell:Skip shell extension 'powershell' for command environment: Not usable outside of PowerShell
[0.198s] DEBUG:colcon.colcon_core.shell:Skip shell extension 'dsv' for command environment
[0.204s] DEBUG:colcon.colcon_core.event_handler.log_command:Invoking command in '/home/lulu/ros2_tutorial/ws01_plumbing/build/base_interfaces_demo': CMAKE_PREFIX_PATH=${CMAKE_PREFIX_PATH}:/home/lulu/ros2_tutorial/ws01_plumbing/install/py03_action:/home/lulu/ros2_tutorial/ws01_plumbing/install/py02_service:/home/lulu/ros2_tutorial/ws01_plumbing/install/py01_topic:/opt/ros/humble /usr/bin/cmake --build /home/lulu/ros2_tutorial/ws01_plumbing/build/base_interfaces_demo -- -j20 -l20
[0.487s] INFO:colcon.colcon_core.task.python.build:Building Python package in '/home/lulu/ros2_tutorial/ws01_plumbing/src/py01_topic'
[0.487s] INFO:colcon.colcon_core.shell:Skip shell extension 'powershell' for command environment: Not usable outside of PowerShell
[0.487s] DEBUG:colcon.colcon_core.shell:Skip shell extension 'dsv' for command environment
[0.500s] DEBUG:colcon.colcon_core.event_handler.log_command:Invoked command in '/home/lulu/ros2_tutorial/ws01_plumbing/build/base_interfaces_demo' returned '0': CMAKE_PREFIX_PATH=${CMAKE_PREFIX_PATH}:/home/lulu/ros2_tutorial/ws01_plumbing/install/py03_action:/home/lulu/ros2_tutorial/ws01_plumbing/install/py02_service:/home/lulu/ros2_tutorial/ws01_plumbing/install/py01_topic:/opt/ros/humble /usr/bin/cmake --build /home/lulu/ros2_tutorial/ws01_plumbing/build/base_interfaces_demo -- -j20 -l20
[0.507s] DEBUG:colcon.colcon_core.event_handler.log_command:Invoking command in '/home/lulu/ros2_tutorial/ws01_plumbing/build/base_interfaces_demo': CMAKE_PREFIX_PATH=${CMAKE_PREFIX_PATH}:/home/lulu/ros2_tutorial/ws01_plumbing/install/py03_action:/home/lulu/ros2_tutorial/ws01_plumbing/install/py02_service:/home/lulu/ros2_tutorial/ws01_plumbing/install/py01_topic:/opt/ros/humble /usr/bin/cmake --install /home/lulu/ros2_tutorial/ws01_plumbing/build/base_interfaces_demo
[0.553s] Level 1:colcon.colcon_core.environment:create_environment_scripts_only(base_interfaces_demo)
[0.554s] DEBUG:colcon.colcon_core.event_handler.log_command:Invoked command in '/home/lulu/ros2_tutorial/ws01_plumbing/build/base_interfaces_demo' returned '0': CMAKE_PREFIX_PATH=${CMAKE_PREFIX_PATH}:/home/lulu/ros2_tutorial/ws01_plumbing/install/py03_action:/home/lulu/ros2_tutorial/ws01_plumbing/install/py02_service:/home/lulu/ros2_tutorial/ws01_plumbing/install/py01_topic:/opt/ros/humble /usr/bin/cmake --install /home/lulu/ros2_tutorial/ws01_plumbing/build/base_interfaces_demo
[0.555s] Level 1:colcon.colcon_core.environment:checking '/home/lulu/ros2_tutorial/ws01_plumbing/install/base_interfaces_demo' for CMake module files
[0.556s] Level 1:colcon.colcon_core.environment:checking '/home/lulu/ros2_tutorial/ws01_plumbing/install/base_interfaces_demo' for CMake config files
[0.556s] Level 1:colcon.colcon_core.shell:create_environment_hook('base_interfaces_demo', 'cmake_prefix_path')
[0.556s] INFO:colcon.colcon_core.shell:Creating environment hook '/home/lulu/ros2_tutorial/ws01_plumbing/install/base_interfaces_demo/share/base_interfaces_demo/hook/cmake_prefix_path.ps1'
[0.556s] INFO:colcon.colcon_core.shell:Creating environment descriptor '/home/lulu/ros2_tutorial/ws01_plumbing/install/base_interfaces_demo/share/base_interfaces_demo/hook/cmake_prefix_path.dsv'
[0.556s] INFO:colcon.colcon_core.shell:Creating environment hook '/home/lulu/ros2_tutorial/ws01_plumbing/install/base_interfaces_demo/share/base_interfaces_demo/hook/cmake_prefix_path.sh'
[0.557s] Level 1:colcon.colcon_core.environment:checking '/home/lulu/ros2_tutorial/ws01_plumbing/install/base_interfaces_demo/lib'
[0.557s] Level 1:colcon.colcon_core.shell:create_environment_hook('base_interfaces_demo', 'ld_library_path_lib')
[0.557s] INFO:colcon.colcon_core.shell:Creating environment hook '/home/lulu/ros2_tutorial/ws01_plumbing/install/base_interfaces_demo/share/base_interfaces_demo/hook/ld_library_path_lib.ps1'
[0.557s] INFO:colcon.colcon_core.shell:Creating environment descriptor '/home/lulu/ros2_tutorial/ws01_plumbing/install/base_interfaces_demo/share/base_interfaces_demo/hook/ld_library_path_lib.dsv'
[0.557s] INFO:colcon.colcon_core.shell:Creating environment hook '/home/lulu/ros2_tutorial/ws01_plumbing/install/base_interfaces_demo/share/base_interfaces_demo/hook/ld_library_path_lib.sh'
[0.557s] Level 1:colcon.colcon_core.environment:checking '/home/lulu/ros2_tutorial/ws01_plumbing/install/base_interfaces_demo/bin'
[0.557s] Level 1:colcon.colcon_core.environment:checking '/home/lulu/ros2_tutorial/ws01_plumbing/install/base_interfaces_demo/lib/pkgconfig/base_interfaces_demo.pc'
[0.557s] Level 1:colcon.colcon_core.environment:checking '/home/lulu/ros2_tutorial/ws01_plumbing/install/base_interfaces_demo/lib/python3.10/site-packages'
[0.558s] Level 1:colcon.colcon_core.environment:checking '/home/lulu/ros2_tutorial/ws01_plumbing/install/base_interfaces_demo/bin'
[0.558s] INFO:colcon.colcon_core.shell:Creating package script '/home/lulu/ros2_tutorial/ws01_plumbing/install/base_interfaces_demo/share/base_interfaces_demo/package.ps1'
[0.558s] INFO:colcon.colcon_core.shell:Creating package descriptor '/home/lulu/ros2_tutorial/ws01_plumbing/install/base_interfaces_demo/share/base_interfaces_demo/package.dsv'
[0.558s] INFO:colcon.colcon_core.shell:Creating package script '/home/lulu/ros2_tutorial/ws01_plumbing/install/base_interfaces_demo/share/base_interfaces_demo/package.sh'
[0.559s] INFO:colcon.colcon_core.shell:Creating package script '/home/lulu/ros2_tutorial/ws01_plumbing/install/base_interfaces_demo/share/base_interfaces_demo/package.bash'
[0.559s] INFO:colcon.colcon_core.shell:Creating package script '/home/lulu/ros2_tutorial/ws01_plumbing/install/base_interfaces_demo/share/base_interfaces_demo/package.zsh'
[0.559s] Level 1:colcon.colcon_core.environment:create_file_with_runtime_dependencies(/home/lulu/ros2_tutorial/ws01_plumbing/install/base_interfaces_demo/share/colcon-core/packages/base_interfaces_demo)
[0.559s] Level 1:colcon.colcon_core.environment:create_environment_scripts_only(base_interfaces_demo)
[0.559s] Level 1:colcon.colcon_core.environment:checking '/home/lulu/ros2_tutorial/ws01_plumbing/install/base_interfaces_demo' for CMake module files
[0.560s] Level 1:colcon.colcon_core.environment:checking '/home/lulu/ros2_tutorial/ws01_plumbing/install/base_interfaces_demo' for CMake config files
[0.560s] Level 1:colcon.colcon_core.shell:create_environment_hook('base_interfaces_demo', 'cmake_prefix_path')
[0.560s] INFO:colcon.colcon_core.shell:Creating environment hook '/home/lulu/ros2_tutorial/ws01_plumbing/install/base_interfaces_demo/share/base_interfaces_demo/hook/cmake_prefix_path.ps1'
[0.560s] INFO:colcon.colcon_core.shell:Creating environment descriptor '/home/lulu/ros2_tutorial/ws01_plumbing/install/base_interfaces_demo/share/base_interfaces_demo/hook/cmake_prefix_path.dsv'
[0.560s] INFO:colcon.colcon_core.shell:Creating environment hook '/home/lulu/ros2_tutorial/ws01_plumbing/install/base_interfaces_demo/share/base_interfaces_demo/hook/cmake_prefix_path.sh'
[0.560s] Level 1:colcon.colcon_core.environment:checking '/home/lulu/ros2_tutorial/ws01_plumbing/install/base_interfaces_demo/lib'
[0.560s] Level 1:colcon.colcon_core.shell:create_environment_hook('base_interfaces_demo', 'ld_library_path_lib')
[0.561s] INFO:colcon.colcon_core.shell:Creating environment hook '/home/lulu/ros2_tutorial/ws01_plumbing/install/base_interfaces_demo/share/base_interfaces_demo/hook/ld_library_path_lib.ps1'
[0.561s] INFO:colcon.colcon_core.shell:Creating environment descriptor '/home/lulu/ros2_tutorial/ws01_plumbing/install/base_interfaces_demo/share/base_interfaces_demo/hook/ld_library_path_lib.dsv'
[0.561s] INFO:colcon.colcon_core.shell:Creating environment hook '/home/lulu/ros2_tutorial/ws01_plumbing/install/base_interfaces_demo/share/base_interfaces_demo/hook/ld_library_path_lib.sh'
[0.561s] Level 1:colcon.colcon_core.environment:checking '/home/lulu/ros2_tutorial/ws01_plumbing/install/base_interfaces_demo/bin'
[0.561s] Level 1:colcon.colcon_core.environment:checking '/home/lulu/ros2_tutorial/ws01_plumbing/install/base_interfaces_demo/lib/pkgconfig/base_interfaces_demo.pc'
[0.561s] Level 1:colcon.colcon_core.environment:checking '/home/lulu/ros2_tutorial/ws01_plumbing/install/base_interfaces_demo/lib/python3.10/site-packages'
[0.561s] Level 1:colcon.colcon_core.environment:checking '/home/lulu/ros2_tutorial/ws01_plumbing/install/base_interfaces_demo/bin'
[0.561s] INFO:colcon.colcon_core.shell:Creating package script '/home/lulu/ros2_tutorial/ws01_plumbing/install/base_interfaces_demo/share/base_interfaces_demo/package.ps1'
[0.562s] INFO:colcon.colcon_core.shell:Creating package descriptor '/home/lulu/ros2_tutorial/ws01_plumbing/install/base_interfaces_demo/share/base_interfaces_demo/package.dsv'
[0.562s] INFO:colcon.colcon_core.shell:Creating package script '/home/lulu/ros2_tutorial/ws01_plumbing/install/base_interfaces_demo/share/base_interfaces_demo/package.sh'
[0.562s] INFO:colcon.colcon_core.shell:Creating package script '/home/lulu/ros2_tutorial/ws01_plumbing/install/base_interfaces_demo/share/base_interfaces_demo/package.bash'
[0.562s] INFO:colcon.colcon_core.shell:Creating package script '/home/lulu/ros2_tutorial/ws01_plumbing/install/base_interfaces_demo/share/base_interfaces_demo/package.zsh'
[0.562s] Level 1:colcon.colcon_core.environment:create_file_with_runtime_dependencies(/home/lulu/ros2_tutorial/ws01_plumbing/install/base_interfaces_demo/share/colcon-core/packages/base_interfaces_demo)
[0.562s] INFO:colcon.colcon_ros.task.ament_cmake.build:Building ROS package in '/home/lulu/ros2_tutorial/ws01_plumbing/src/cpp01_topic' with build type 'ament_cmake'
[0.562s] INFO:colcon.colcon_cmake.task.cmake.build:Building CMake package in '/home/lulu/ros2_tutorial/ws01_plumbing/src/cpp01_topic'
[0.563s] INFO:colcon.colcon_core.shell:Skip shell extension 'powershell' for command environment: Not usable outside of PowerShell
[0.563s] DEBUG:colcon.colcon_core.shell:Skip shell extension 'dsv' for command environment
[0.565s] INFO:colcon.colcon_ros.task.ament_python.build:Building ROS package in '/home/lulu/ros2_tutorial/ws01_plumbing/src/py02_service' with build type 'ament_python'
[0.565s] Level 1:colcon.colcon_core.shell:create_environment_hook('py02_service', 'ament_prefix_path')
[0.565s] INFO:colcon.colcon_core.shell:Creating environment hook '/home/lulu/ros2_tutorial/ws01_plumbing/install/py02_service/share/py02_service/hook/ament_prefix_path.ps1'
[0.565s] INFO:colcon.colcon_core.shell:Creating environment descriptor '/home/lulu/ros2_tutorial/ws01_plumbing/install/py02_service/share/py02_service/hook/ament_prefix_path.dsv'
[0.565s] INFO:colcon.colcon_core.shell:Creating environment hook '/home/lulu/ros2_tutorial/ws01_plumbing/install/py02_service/share/py02_service/hook/ament_prefix_path.sh'
[0.565s] INFO:colcon.colcon_core.shell:Skip shell extension 'powershell' for command environment: Not usable outside of PowerShell
[0.565s] DEBUG:colcon.colcon_core.shell:Skip shell extension 'dsv' for command environment
[0.567s] INFO:colcon.colcon_ros.task.ament_python.build:Building ROS package in '/home/lulu/ros2_tutorial/ws01_plumbing/src/py03_action' with build type 'ament_python'
[0.567s] Level 1:colcon.colcon_core.shell:create_environment_hook('py03_action', 'ament_prefix_path')
[0.567s] INFO:colcon.colcon_core.shell:Creating environment hook '/home/lulu/ros2_tutorial/ws01_plumbing/install/py03_action/share/py03_action/hook/ament_prefix_path.ps1'
[0.567s] INFO:colcon.colcon_core.shell:Creating environment descriptor '/home/lulu/ros2_tutorial/ws01_plumbing/install/py03_action/share/py03_action/hook/ament_prefix_path.dsv'
[0.567s] INFO:colcon.colcon_core.shell:Creating environment hook '/home/lulu/ros2_tutorial/ws01_plumbing/install/py03_action/share/py03_action/hook/ament_prefix_path.sh'
[0.568s] INFO:colcon.colcon_core.shell:Skip shell extension 'powershell' for command environment: Not usable outside of PowerShell
[0.568s] DEBUG:colcon.colcon_core.shell:Skip shell extension 'dsv' for command environment
[0.571s] DEBUG:colcon.colcon_core.event_handler.log_command:Invoking command in '/home/lulu/ros2_tutorial/ws01_plumbing/build/cpp01_topic': CMAKE_PREFIX_PATH=/home/lulu/ros2_tutorial/ws01_plumbing/install/base_interfaces_demo:/home/lulu/ros2_tutorial/ws01_plumbing/install/cpp01_topic:/home/lulu/ros2_tutorial/ws01_plumbing/install/py03_action:/home/lulu/ros2_tutorial/ws01_plumbing/install/py02_service:/home/lulu/ros2_tutorial/ws01_plumbing/install/py01_topic:/opt/ros/humble /usr/bin/cmake --build /home/lulu/ros2_tutorial/ws01_plumbing/build/cpp01_topic -- -j20 -l20
[0.711s] INFO:colcon.colcon_core.task.python.build:Building Python package in '/home/lulu/ros2_tutorial/ws01_plumbing/src/py02_service'
[0.712s] INFO:colcon.colcon_core.shell:Skip shell extension 'powershell' for command environment: Not usable outside of PowerShell
[0.712s] DEBUG:colcon.colcon_core.shell:Skip shell extension 'dsv' for command environment
[0.851s] INFO:colcon.colcon_core.task.python.build:Building Python package in '/home/lulu/ros2_tutorial/ws01_plumbing/src/py03_action'
[0.851s] INFO:colcon.colcon_core.shell:Skip shell extension 'powershell' for command environment: Not usable outside of PowerShell
[0.852s] DEBUG:colcon.colcon_core.shell:Skip shell extension 'dsv' for command environment
[0.855s] DEBUG:colcon.colcon_core.event_handler.log_command:Invoking command in '/home/lulu/ros2_tutorial/ws01_plumbing/build/py01_topic': PYTHONPATH=/home/lulu/ros2_tutorial/ws01_plumbing/build/py01_topic/prefix_override:/usr/lib/python3/dist-packages/colcon_core/task/python/colcon_distutils_commands:/home/lulu/ros2_tutorial/ws01_plumbing/install/py01_topic/lib/python3.10/site-packages:${PYTHONPATH} /usr/bin/python3 -W ignore:setup.py install is deprecated -W ignore:easy_install command is deprecated setup.py develop --editable --build-directory /home/lulu/ros2_tutorial/ws01_plumbing/build/py01_topic/build --no-deps symlink_data
[0.856s] DEBUG:colcon.colcon_core.event_handler.log_command:Invoked command in '/home/lulu/ros2_tutorial/ws01_plumbing/build/cpp01_topic' returned '0': CMAKE_PREFIX_PATH=/home/lulu/ros2_tutorial/ws01_plumbing/install/base_interfaces_demo:/home/lulu/ros2_tutorial/ws01_plumbing/install/cpp01_topic:/home/lulu/ros2_tutorial/ws01_plumbing/install/py03_action:/home/lulu/ros2_tutorial/ws01_plumbing/install/py02_service:/home/lulu/ros2_tutorial/ws01_plumbing/install/py01_topic:/opt/ros/humble /usr/bin/cmake --build /home/lulu/ros2_tutorial/ws01_plumbing/build/cpp01_topic -- -j20 -l20
[0.857s] DEBUG:colcon.colcon_core.event_handler.log_command:Invoking command in '/home/lulu/ros2_tutorial/ws01_plumbing/build/cpp01_topic': CMAKE_PREFIX_PATH=/home/lulu/ros2_tutorial/ws01_plumbing/install/base_interfaces_demo:/home/lulu/ros2_tutorial/ws01_plumbing/install/cpp01_topic:/home/lulu/ros2_tutorial/ws01_plumbing/install/py03_action:/home/lulu/ros2_tutorial/ws01_plumbing/install/py02_service:/home/lulu/ros2_tutorial/ws01_plumbing/install/py01_topic:/opt/ros/humble /usr/bin/cmake --install /home/lulu/ros2_tutorial/ws01_plumbing/build/cpp01_topic
[0.871s] Level 1:colcon.colcon_core.environment:create_environment_scripts_only(cpp01_topic)
[0.871s] Level 1:colcon.colcon_core.environment:checking '/home/lulu/ros2_tutorial/ws01_plumbing/install/cpp01_topic' for CMake module files
[0.871s] DEBUG:colcon.colcon_core.event_handler.log_command:Invoked command in '/home/lulu/ros2_tutorial/ws01_plumbing/build/cpp01_topic' returned '0': CMAKE_PREFIX_PATH=/home/lulu/ros2_tutorial/ws01_plumbing/install/base_interfaces_demo:/home/lulu/ros2_tutorial/ws01_plumbing/install/cpp01_topic:/home/lulu/ros2_tutorial/ws01_plumbing/install/py03_action:/home/lulu/ros2_tutorial/ws01_plumbing/install/py02_service:/home/lulu/ros2_tutorial/ws01_plumbing/install/py01_topic:/opt/ros/humble /usr/bin/cmake --install /home/lulu/ros2_tutorial/ws01_plumbing/build/cpp01_topic
[0.872s] Level 1:colcon.colcon_core.environment:checking '/home/lulu/ros2_tutorial/ws01_plumbing/install/cpp01_topic' for CMake config files
[0.872s] Level 1:colcon.colcon_core.shell:create_environment_hook('cpp01_topic', 'cmake_prefix_path')
[0.872s] INFO:colcon.colcon_core.shell:Creating environment hook '/home/lulu/ros2_tutorial/ws01_plumbing/install/cpp01_topic/share/cpp01_topic/hook/cmake_prefix_path.ps1'
[0.872s] INFO:colcon.colcon_core.shell:Creating environment descriptor '/home/lulu/ros2_tutorial/ws01_plumbing/install/cpp01_topic/share/cpp01_topic/hook/cmake_prefix_path.dsv'
[0.873s] INFO:colcon.colcon_core.shell:Creating environment hook '/home/lulu/ros2_tutorial/ws01_plumbing/install/cpp01_topic/share/cpp01_topic/hook/cmake_prefix_path.sh'
[0.873s] Level 1:colcon.colcon_core.environment:checking '/home/lulu/ros2_tutorial/ws01_plumbing/install/cpp01_topic/lib'
[0.873s] Level 1:colcon.colcon_core.environment:checking '/home/lulu/ros2_tutorial/ws01_plumbing/install/cpp01_topic/bin'
[0.873s] Level 1:colcon.colcon_core.environment:checking '/home/lulu/ros2_tutorial/ws01_plumbing/install/cpp01_topic/lib/pkgconfig/cpp01_topic.pc'
[0.873s] Level 1:colcon.colcon_core.environment:checking '/home/lulu/ros2_tutorial/ws01_plumbing/install/cpp01_topic/lib/python3.10/site-packages'
[0.873s] Level 1:colcon.colcon_core.environment:checking '/home/lulu/ros2_tutorial/ws01_plumbing/install/cpp01_topic/bin'
[0.873s] INFO:colcon.colcon_core.shell:Creating package script '/home/lulu/ros2_tutorial/ws01_plumbing/install/cpp01_topic/share/cpp01_topic/package.ps1'
[0.873s] INFO:colcon.colcon_core.shell:Creating package descriptor '/home/lulu/ros2_tutorial/ws01_plumbing/install/cpp01_topic/share/cpp01_topic/package.dsv'
[0.874s] INFO:colcon.colcon_core.shell:Creating package script '/home/lulu/ros2_tutorial/ws01_plumbing/install/cpp01_topic/share/cpp01_topic/package.sh'
[0.874s] INFO:colcon.colcon_core.shell:Creating package script '/home/lulu/ros2_tutorial/ws01_plumbing/install/cpp01_topic/share/cpp01_topic/package.bash'
[0.874s] INFO:colcon.colcon_core.shell:Creating package script '/home/lulu/ros2_tutorial/ws01_plumbing/install/cpp01_topic/share/cpp01_topic/package.zsh'
[0.874s] Level 1:colcon.colcon_core.environment:create_file_with_runtime_dependencies(/home/lulu/ros2_tutorial/ws01_plumbing/install/cpp01_topic/share/colcon-core/packages/cpp01_topic)
[0.874s] Level 1:colcon.colcon_core.environment:create_environment_scripts_only(cpp01_topic)
[0.874s] Level 1:colcon.colcon_core.environment:checking '/home/lulu/ros2_tutorial/ws01_plumbing/install/cpp01_topic' for CMake module files
[0.875s] Level 1:colcon.colcon_core.environment:checking '/home/lulu/ros2_tutorial/ws01_plumbing/install/cpp01_topic' for CMake config files
[0.875s] Level 1:colcon.colcon_core.shell:create_environment_hook('cpp01_topic', 'cmake_prefix_path')
[0.875s] INFO:colcon.colcon_core.shell:Creating environment hook '/home/lulu/ros2_tutorial/ws01_plumbing/install/cpp01_topic/share/cpp01_topic/hook/cmake_prefix_path.ps1'
[0.875s] INFO:colcon.colcon_core.shell:Creating environment descriptor '/home/lulu/ros2_tutorial/ws01_plumbing/install/cpp01_topic/share/cpp01_topic/hook/cmake_prefix_path.dsv'
[0.875s] INFO:colcon.colcon_core.shell:Creating environment hook '/home/lulu/ros2_tutorial/ws01_plumbing/install/cpp01_topic/share/cpp01_topic/hook/cmake_prefix_path.sh'
[0.875s] Level 1:colcon.colcon_core.environment:checking '/home/lulu/ros2_tutorial/ws01_plumbing/install/cpp01_topic/lib'
[0.875s] Level 1:colcon.colcon_core.environment:checking '/home/lulu/ros2_tutorial/ws01_plumbing/install/cpp01_topic/bin'
[0.875s] Level 1:colcon.colcon_core.environment:checking '/home/lulu/ros2_tutorial/ws01_plumbing/install/cpp01_topic/lib/pkgconfig/cpp01_topic.pc'
[0.875s] Level 1:colcon.colcon_core.environment:checking '/home/lulu/ros2_tutorial/ws01_plumbing/install/cpp01_topic/lib/python3.10/site-packages'
[0.875s] Level 1:colcon.colcon_core.environment:checking '/home/lulu/ros2_tutorial/ws01_plumbing/install/cpp01_topic/bin'
[0.876s] INFO:colcon.colcon_core.shell:Creating package script '/home/lulu/ros2_tutorial/ws01_plumbing/install/cpp01_topic/share/cpp01_topic/package.ps1'
[0.876s] INFO:colcon.colcon_core.shell:Creating package descriptor '/home/lulu/ros2_tutorial/ws01_plumbing/install/cpp01_topic/share/cpp01_topic/package.dsv'
[0.876s] INFO:colcon.colcon_core.shell:Creating package script '/home/lulu/ros2_tutorial/ws01_plumbing/install/cpp01_topic/share/cpp01_topic/package.sh'
[0.876s] INFO:colcon.colcon_core.shell:Creating package script '/home/lulu/ros2_tutorial/ws01_plumbing/install/cpp01_topic/share/cpp01_topic/package.bash'
[0.876s] INFO:colcon.colcon_core.shell:Creating package script '/home/lulu/ros2_tutorial/ws01_plumbing/install/cpp01_topic/share/cpp01_topic/package.zsh'
[0.876s] Level 1:colcon.colcon_core.environment:create_file_with_runtime_dependencies(/home/lulu/ros2_tutorial/ws01_plumbing/install/cpp01_topic/share/colcon-core/packages/cpp01_topic)
[1.076s] DEBUG:colcon.colcon_core.event_handler.log_command:Invoking command in '/home/lulu/ros2_tutorial/ws01_plumbing/build/py03_action': CMAKE_PREFIX_PATH=/home/lulu/ros2_tutorial/ws01_plumbing/install/base_interfaces_demo:/home/lulu/ros2_tutorial/ws01_plumbing/install/cpp01_topic PYTHONPATH=/home/lulu/ros2_tutorial/ws01_plumbing/build/py03_action/prefix_override:/usr/lib/python3/dist-packages/colcon_core/task/python/colcon_distutils_commands:/home/lulu/ros2_tutorial/ws01_plumbing/install/py03_action/lib/python3.10/site-packages:${PYTHONPATH} /usr/bin/python3 -W ignore:setup.py install is deprecated -W ignore:easy_install command is deprecated setup.py develop --editable --build-directory /home/lulu/ros2_tutorial/ws01_plumbing/build/py03_action/build --no-deps symlink_data
[1.077s] DEBUG:colcon.colcon_core.event_handler.log_command:Invoking command in '/home/lulu/ros2_tutorial/ws01_plumbing/build/py02_service': CMAKE_PREFIX_PATH=/home/lulu/ros2_tutorial/ws01_plumbing/install/base_interfaces_demo:/home/lulu/ros2_tutorial/ws01_plumbing/install/cpp01_topic PYTHONPATH=/home/lulu/ros2_tutorial/ws01_plumbing/build/py02_service/prefix_override:/usr/lib/python3/dist-packages/colcon_core/task/python/colcon_distutils_commands:/home/lulu/ros2_tutorial/ws01_plumbing/install/py02_service/lib/python3.10/site-packages:${PYTHONPATH} /usr/bin/python3 -W ignore:setup.py install is deprecated -W ignore:easy_install command is deprecated setup.py develop --editable --build-directory /home/lulu/ros2_tutorial/ws01_plumbing/build/py02_service/build --no-deps symlink_data
[1.128s] Level 1:colcon.colcon_core.shell:create_environment_hook('py01_topic', 'pythonpath_develop')
[1.128s] INFO:colcon.colcon_core.shell:Creating environment hook '/home/lulu/ros2_tutorial/ws01_plumbing/build/py01_topic/share/py01_topic/hook/pythonpath_develop.ps1'
[1.128s] DEBUG:colcon.colcon_core.event_handler.log_command:Invoked command in '/home/lulu/ros2_tutorial/ws01_plumbing/build/py01_topic' returned '0': PYTHONPATH=/home/lulu/ros2_tutorial/ws01_plumbing/build/py01_topic/prefix_override:/usr/lib/python3/dist-packages/colcon_core/task/python/colcon_distutils_commands:/home/lulu/ros2_tutorial/ws01_plumbing/install/py01_topic/lib/python3.10/site-packages:${PYTHONPATH} /usr/bin/python3 -W ignore:setup.py install is deprecated -W ignore:easy_install command is deprecated setup.py develop --editable --build-directory /home/lulu/ros2_tutorial/ws01_plumbing/build/py01_topic/build --no-deps symlink_data
[1.128s] INFO:colcon.colcon_core.shell:Creating environment descriptor '/home/lulu/ros2_tutorial/ws01_plumbing/build/py01_topic/share/py01_topic/hook/pythonpath_develop.dsv'
[1.129s] INFO:colcon.colcon_core.shell:Creating environment hook '/home/lulu/ros2_tutorial/ws01_plumbing/build/py01_topic/share/py01_topic/hook/pythonpath_develop.sh'
[1.129s] Level 1:colcon.colcon_core.environment:checking '/home/lulu/ros2_tutorial/ws01_plumbing/install/py01_topic' for CMake module files
[1.129s] Level 1:colcon.colcon_core.environment:checking '/home/lulu/ros2_tutorial/ws01_plumbing/install/py01_topic' for CMake config files
[1.129s] Level 1:colcon.colcon_core.environment:checking '/home/lulu/ros2_tutorial/ws01_plumbing/install/py01_topic/lib'
[1.129s] Level 1:colcon.colcon_core.environment:checking '/home/lulu/ros2_tutorial/ws01_plumbing/install/py01_topic/bin'
[1.130s] Level 1:colcon.colcon_core.environment:checking '/home/lulu/ros2_tutorial/ws01_plumbing/install/py01_topic/lib/pkgconfig/py01_topic.pc'
[1.130s] Level 1:colcon.colcon_core.environment:checking '/home/lulu/ros2_tutorial/ws01_plumbing/install/py01_topic/lib/python3.10/site-packages'
[1.130s] Level 1:colcon.colcon_core.shell:create_environment_hook('py01_topic', 'pythonpath')
[1.130s] INFO:colcon.colcon_core.shell:Creating environment hook '/home/lulu/ros2_tutorial/ws01_plumbing/install/py01_topic/share/py01_topic/hook/pythonpath.ps1'
[1.130s] INFO:colcon.colcon_core.shell:Creating environment descriptor '/home/lulu/ros2_tutorial/ws01_plumbing/install/py01_topic/share/py01_topic/hook/pythonpath.dsv'
[1.130s] INFO:colcon.colcon_core.shell:Creating environment hook '/home/lulu/ros2_tutorial/ws01_plumbing/install/py01_topic/share/py01_topic/hook/pythonpath.sh'
[1.131s] Level 1:colcon.colcon_core.environment:checking '/home/lulu/ros2_tutorial/ws01_plumbing/install/py01_topic/bin'
[1.131s] Level 1:colcon.colcon_core.environment:create_environment_scripts_only(py01_topic)
[1.131s] INFO:colcon.colcon_core.shell:Creating package script '/home/lulu/ros2_tutorial/ws01_plumbing/install/py01_topic/share/py01_topic/package.ps1'
[1.131s] INFO:colcon.colcon_core.shell:Creating package descriptor '/home/lulu/ros2_tutorial/ws01_plumbing/install/py01_topic/share/py01_topic/package.dsv'
[1.131s] INFO:colcon.colcon_core.shell:Creating package script '/home/lulu/ros2_tutorial/ws01_plumbing/install/py01_topic/share/py01_topic/package.sh'
[1.132s] INFO:colcon.colcon_core.shell:Creating package script '/home/lulu/ros2_tutorial/ws01_plumbing/install/py01_topic/share/py01_topic/package.bash'
[1.132s] INFO:colcon.colcon_core.shell:Creating package script '/home/lulu/ros2_tutorial/ws01_plumbing/install/py01_topic/share/py01_topic/package.zsh'
[1.132s] Level 1:colcon.colcon_core.environment:create_file_with_runtime_dependencies(/home/lulu/ros2_tutorial/ws01_plumbing/install/py01_topic/share/colcon-core/packages/py01_topic)
[1.337s] Level 1:colcon.colcon_core.shell:create_environment_hook('py02_service', 'pythonpath_develop')
[1.337s] INFO:colcon.colcon_core.shell:Creating environment hook '/home/lulu/ros2_tutorial/ws01_plumbing/build/py02_service/share/py02_service/hook/pythonpath_develop.ps1'
[1.338s] DEBUG:colcon.colcon_core.event_handler.log_command:Invoked command in '/home/lulu/ros2_tutorial/ws01_plumbing/build/py02_service' returned '0': CMAKE_PREFIX_PATH=/home/lulu/ros2_tutorial/ws01_plumbing/install/base_interfaces_demo:/home/lulu/ros2_tutorial/ws01_plumbing/install/cpp01_topic PYTHONPATH=/home/lulu/ros2_tutorial/ws01_plumbing/build/py02_service/prefix_override:/usr/lib/python3/dist-packages/colcon_core/task/python/colcon_distutils_commands:/home/lulu/ros2_tutorial/ws01_plumbing/install/py02_service/lib/python3.10/site-packages:${PYTHONPATH} /usr/bin/python3 -W ignore:setup.py install is deprecated -W ignore:easy_install command is deprecated setup.py develop --editable --build-directory /home/lulu/ros2_tutorial/ws01_plumbing/build/py02_service/build --no-deps symlink_data
[1.338s] INFO:colcon.colcon_core.shell:Creating environment descriptor '/home/lulu/ros2_tutorial/ws01_plumbing/build/py02_service/share/py02_service/hook/pythonpath_develop.dsv'
[1.338s] INFO:colcon.colcon_core.shell:Creating environment hook '/home/lulu/ros2_tutorial/ws01_plumbing/build/py02_service/share/py02_service/hook/pythonpath_develop.sh'
[1.338s] Level 1:colcon.colcon_core.environment:checking '/home/lulu/ros2_tutorial/ws01_plumbing/install/py02_service' for CMake module files
[1.339s] Level 1:colcon.colcon_core.environment:checking '/home/lulu/ros2_tutorial/ws01_plumbing/install/py02_service' for CMake config files
[1.339s] Level 1:colcon.colcon_core.environment:checking '/home/lulu/ros2_tutorial/ws01_plumbing/install/py02_service/lib'
[1.339s] Level 1:colcon.colcon_core.environment:checking '/home/lulu/ros2_tutorial/ws01_plumbing/install/py02_service/bin'
[1.339s] Level 1:colcon.colcon_core.environment:checking '/home/lulu/ros2_tutorial/ws01_plumbing/install/py02_service/lib/pkgconfig/py02_service.pc'
[1.339s] Level 1:colcon.colcon_core.environment:checking '/home/lulu/ros2_tutorial/ws01_plumbing/install/py02_service/lib/python3.10/site-packages'
[1.339s] Level 1:colcon.colcon_core.shell:create_environment_hook('py02_service', 'pythonpath')
[1.339s] INFO:colcon.colcon_core.shell:Creating environment hook '/home/lulu/ros2_tutorial/ws01_plumbing/install/py02_service/share/py02_service/hook/pythonpath.ps1'
[1.339s] INFO:colcon.colcon_core.shell:Creating environment descriptor '/home/lulu/ros2_tutorial/ws01_plumbing/install/py02_service/share/py02_service/hook/pythonpath.dsv'
[1.339s] INFO:colcon.colcon_core.shell:Creating environment hook '/home/lulu/ros2_tutorial/ws01_plumbing/install/py02_service/share/py02_service/hook/pythonpath.sh'
[1.340s] Level 1:colcon.colcon_core.environment:checking '/home/lulu/ros2_tutorial/ws01_plumbing/install/py02_service/bin'
[1.340s] Level 1:colcon.colcon_core.environment:create_environment_scripts_only(py02_service)
[1.340s] INFO:colcon.colcon_core.shell:Creating package script '/home/lulu/ros2_tutorial/ws01_plumbing/install/py02_service/share/py02_service/package.ps1'
[1.340s] INFO:colcon.colcon_core.shell:Creating package descriptor '/home/lulu/ros2_tutorial/ws01_plumbing/install/py02_service/share/py02_service/package.dsv'
[1.340s] INFO:colcon.colcon_core.shell:Creating package script '/home/lulu/ros2_tutorial/ws01_plumbing/install/py02_service/share/py02_service/package.sh'
[1.340s] INFO:colcon.colcon_core.shell:Creating package script '/home/lulu/ros2_tutorial/ws01_plumbing/install/py02_service/share/py02_service/package.bash'
[1.341s] INFO:colcon.colcon_core.shell:Creating package script '/home/lulu/ros2_tutorial/ws01_plumbing/install/py02_service/share/py02_service/package.zsh'
[1.341s] Level 1:colcon.colcon_core.environment:create_file_with_runtime_dependencies(/home/lulu/ros2_tutorial/ws01_plumbing/install/py02_service/share/colcon-core/packages/py02_service)
[1.341s] Level 1:colcon.colcon_core.shell:create_environment_hook('py03_action', 'pythonpath_develop')
[1.341s] INFO:colcon.colcon_core.shell:Creating environment hook '/home/lulu/ros2_tutorial/ws01_plumbing/build/py03_action/share/py03_action/hook/pythonpath_develop.ps1'
[1.342s] INFO:colcon.colcon_core.shell:Creating environment descriptor '/home/lulu/ros2_tutorial/ws01_plumbing/build/py03_action/share/py03_action/hook/pythonpath_develop.dsv'
[1.342s] DEBUG:colcon.colcon_core.event_handler.log_command:Invoked command in '/home/lulu/ros2_tutorial/ws01_plumbing/build/py03_action' returned '0': CMAKE_PREFIX_PATH=/home/lulu/ros2_tutorial/ws01_plumbing/install/base_interfaces_demo:/home/lulu/ros2_tutorial/ws01_plumbing/install/cpp01_topic PYTHONPATH=/home/lulu/ros2_tutorial/ws01_plumbing/build/py03_action/prefix_override:/usr/lib/python3/dist-packages/colcon_core/task/python/colcon_distutils_commands:/home/lulu/ros2_tutorial/ws01_plumbing/install/py03_action/lib/python3.10/site-packages:${PYTHONPATH} /usr/bin/python3 -W ignore:setup.py install is deprecated -W ignore:easy_install command is deprecated setup.py develop --editable --build-directory /home/lulu/ros2_tutorial/ws01_plumbing/build/py03_action/build --no-deps symlink_data
[1.342s] INFO:colcon.colcon_core.shell:Creating environment hook '/home/lulu/ros2_tutorial/ws01_plumbing/build/py03_action/share/py03_action/hook/pythonpath_develop.sh'
[1.342s] Level 1:colcon.colcon_core.environment:checking '/home/lulu/ros2_tutorial/ws01_plumbing/install/py03_action' for CMake module files
[1.342s] Level 1:colcon.colcon_core.environment:checking '/home/lulu/ros2_tutorial/ws01_plumbing/install/py03_action' for CMake config files
[1.342s] Level 1:colcon.colcon_core.environment:checking '/home/lulu/ros2_tutorial/ws01_plumbing/install/py03_action/lib'
[1.342s] Level 1:colcon.colcon_core.environment:checking '/home/lulu/ros2_tutorial/ws01_plumbing/install/py03_action/bin'
[1.342s] Level 1:colcon.colcon_core.environment:checking '/home/lulu/ros2_tutorial/ws01_plumbing/install/py03_action/lib/pkgconfig/py03_action.pc'
[1.343s] Level 1:colcon.colcon_core.environment:checking '/home/lulu/ros2_tutorial/ws01_plumbing/install/py03_action/lib/python3.10/site-packages'
[1.343s] Level 1:colcon.colcon_core.shell:create_environment_hook('py03_action', 'pythonpath')
[1.343s] INFO:colcon.colcon_core.shell:Creating environment hook '/home/lulu/ros2_tutorial/ws01_plumbing/install/py03_action/share/py03_action/hook/pythonpath.ps1'
[1.343s] INFO:colcon.colcon_core.shell:Creating environment descriptor '/home/lulu/ros2_tutorial/ws01_plumbing/install/py03_action/share/py03_action/hook/pythonpath.dsv'
[1.343s] INFO:colcon.colcon_core.shell:Creating environment hook '/home/lulu/ros2_tutorial/ws01_plumbing/install/py03_action/share/py03_action/hook/pythonpath.sh'
[1.343s] Level 1:colcon.colcon_core.environment:checking '/home/lulu/ros2_tutorial/ws01_plumbing/install/py03_action/bin'
[1.343s] Level 1:colcon.colcon_core.environment:create_environment_scripts_only(py03_action)
[1.343s] INFO:colcon.colcon_core.shell:Creating package script '/home/lulu/ros2_tutorial/ws01_plumbing/install/py03_action/share/py03_action/package.ps1'
[1.344s] INFO:colcon.colcon_core.shell:Creating package descriptor '/home/lulu/ros2_tutorial/ws01_plumbing/install/py03_action/share/py03_action/package.dsv'
[1.344s] INFO:colcon.colcon_core.shell:Creating package script '/home/lulu/ros2_tutorial/ws01_plumbing/install/py03_action/share/py03_action/package.sh'
[1.344s] INFO:colcon.colcon_core.shell:Creating package script '/home/lulu/ros2_tutorial/ws01_plumbing/install/py03_action/share/py03_action/package.bash'
[1.344s] INFO:colcon.colcon_core.shell:Creating package script '/home/lulu/ros2_tutorial/ws01_plumbing/install/py03_action/share/py03_action/package.zsh'
[1.344s] Level 1:colcon.colcon_core.environment:create_file_with_runtime_dependencies(/home/lulu/ros2_tutorial/ws01_plumbing/install/py03_action/share/colcon-core/packages/py03_action)
[1.344s] DEBUG:colcon.colcon_parallel_executor.executor.parallel:closing loop
[1.344s] DEBUG:colcon.colcon_parallel_executor.executor.parallel:loop closed
[1.344s] DEBUG:colcon.colcon_parallel_executor.executor.parallel:run_until_complete finished with '0'
[1.344s] DEBUG:colcon.colcon_core.event_reactor:joining thread
[1.347s] INFO:colcon.colcon_core.plugin_system:Skipping extension 'colcon_notification.desktop_notification.terminal_notifier': Not used on non-Darwin systems
[1.347s] INFO:colcon.colcon_core.plugin_system:Skipping extension 'colcon_notification.desktop_notification.win32': Not used on non-Windows systems
[1.347s] INFO:colcon.colcon_notification.desktop_notification:Sending desktop notification using 'notify2'
[1.354s] DEBUG:colcon.colcon_core.event_reactor:joined thread
[1.354s] INFO:colcon.colcon_core.shell:Creating prefix script '/home/lulu/ros2_tutorial/ws01_plumbing/install/local_setup.ps1'
[1.355s] INFO:colcon.colcon_core.shell:Creating prefix util module '/home/lulu/ros2_tutorial/ws01_plumbing/install/_local_setup_util_ps1.py'
[1.355s] INFO:colcon.colcon_core.shell:Creating prefix chain script '/home/lulu/ros2_tutorial/ws01_plumbing/install/setup.ps1'
[1.356s] INFO:colcon.colcon_core.shell:Creating prefix script '/home/lulu/ros2_tutorial/ws01_plumbing/install/local_setup.sh'
[1.356s] INFO:colcon.colcon_core.shell:Creating prefix util module '/home/lulu/ros2_tutorial/ws01_plumbing/install/_local_setup_util_sh.py'
[1.356s] INFO:colcon.colcon_core.shell:Creating prefix chain script '/home/lulu/ros2_tutorial/ws01_plumbing/install/setup.sh'
[1.357s] INFO:colcon.colcon_core.shell:Creating prefix script '/home/lulu/ros2_tutorial/ws01_plumbing/install/local_setup.bash'
[1.357s] INFO:colcon.colcon_core.shell:Creating prefix chain script '/home/lulu/ros2_tutorial/ws01_plumbing/install/setup.bash'
[1.357s] INFO:colcon.colcon_core.shell:Creating prefix script '/home/lulu/ros2_tutorial/ws01_plumbing/install/local_setup.zsh'
[1.358s] INFO:colcon.colcon_core.shell:Creating prefix chain script '/home/lulu/ros2_tutorial/ws01_plumbing/install/setup.zsh'
