[0.056s] DEBUG:colcon:Command line arguments: ['/usr/bin/colcon', 'build', '--symlink-install']
[0.056s] DEBUG:colcon:Parsed command line arguments: Namespace(log_base=None, log_level=None, verb_name='build', build_base='build', install_base='install', merge_install=False, symlink_install=True, test_result_base=None, continue_on_error=False, executor='parallel', parallel_workers=20, event_handlers=None, ignore_user_meta=False, metas=['./colcon.meta'], base_paths=['.'], packages_ignore=None, packages_ignore_regex=None, paths=None, packages_up_to=None, packages_up_to_regex=None, packages_above=None, packages_above_and_dependencies=None, packages_above_depth=None, packages_select_by_dep=None, packages_skip_by_dep=None, packages_skip_up_to=None, packages_select_build_failed=False, packages_skip_build_finished=False, packages_select_test_failures=False, packages_skip_test_passed=False, packages_select=None, packages_skip=None, packages_select_regex=None, packages_skip_regex=None, packages_start=None, packages_end=None, allow_overriding=[], cmake_args=None, cmake_target=None, cmake_target_skip_unavailable=False, cmake_clean_cache=False, cmake_clean_first=False, cmake_force_configure=False, ament_cmake_args=None, catkin_cmake_args=None, catkin_skip_building_tests=False, verb_parser=<colcon_defaults.argument_parser.defaults.DefaultArgumentsDecorator object at 0x7b58fbfdff70>, verb_extension=<colcon_core.verb.build.BuildVerb object at 0x7b58fbfdf9a0>, main=<bound method BuildVerb.main of <colcon_core.verb.build.BuildVerb object at 0x7b58fbfdf9a0>>)
[0.144s] Level 1:colcon.colcon_core.package_discovery:discover_packages(colcon_meta) check parameters
[0.144s] Level 1:colcon.colcon_core.package_discovery:discover_packages(recursive) check parameters
[0.144s] Level 1:colcon.colcon_core.package_discovery:discover_packages(ignore) check parameters
[0.144s] Level 1:colcon.colcon_core.package_discovery:discover_packages(path) check parameters
[0.144s] Level 1:colcon.colcon_core.package_discovery:discover_packages(colcon_meta) discover
[0.144s] Level 1:colcon.colcon_core.package_discovery:discover_packages(recursive) discover
[0.144s] INFO:colcon.colcon_core.package_discovery:Crawling recursively for packages in '/home/lulu/ros2_tutorial/ws01_plumbing'
[0.144s] Level 1:colcon.colcon_core.package_identification:_identify(.) by extensions ['ignore', 'ignore_ament_install']
[0.144s] Level 1:colcon.colcon_core.package_identification:_identify(.) by extension 'ignore'
[0.144s] Level 1:colcon.colcon_core.package_identification:_identify(.) by extension 'ignore_ament_install'
[0.144s] Level 1:colcon.colcon_core.package_identification:_identify(.) by extensions ['colcon_pkg']
[0.144s] Level 1:colcon.colcon_core.package_identification:_identify(.) by extension 'colcon_pkg'
[0.144s] Level 1:colcon.colcon_core.package_identification:_identify(.) by extensions ['colcon_meta']
[0.144s] Level 1:colcon.colcon_core.package_identification:_identify(.) by extension 'colcon_meta'
[0.144s] Level 1:colcon.colcon_core.package_identification:_identify(.) by extensions ['ros']
[0.144s] Level 1:colcon.colcon_core.package_identification:_identify(.) by extension 'ros'
[0.160s] Level 1:colcon.colcon_core.package_identification:_identify(.) by extensions ['cmake', 'python']
[0.160s] Level 1:colcon.colcon_core.package_identification:_identify(.) by extension 'cmake'
[0.160s] Level 1:colcon.colcon_core.package_identification:_identify(.) by extension 'python'
[0.160s] Level 1:colcon.colcon_core.package_identification:_identify(.) by extensions ['python_setup_py']
[0.160s] Level 1:colcon.colcon_core.package_identification:_identify(.) by extension 'python_setup_py'
[0.160s] Level 1:colcon.colcon_core.package_identification:_identify(build) by extensions ['ignore', 'ignore_ament_install']
[0.160s] Level 1:colcon.colcon_core.package_identification:_identify(build) by extension 'ignore'
[0.160s] Level 1:colcon.colcon_core.package_identification:_identify(build) ignored
[0.160s] Level 1:colcon.colcon_core.package_identification:_identify(install) by extensions ['ignore', 'ignore_ament_install']
[0.160s] Level 1:colcon.colcon_core.package_identification:_identify(install) by extension 'ignore'
[0.160s] Level 1:colcon.colcon_core.package_identification:_identify(install) ignored
[0.160s] Level 1:colcon.colcon_core.package_identification:_identify(log) by extensions ['ignore', 'ignore_ament_install']
[0.160s] Level 1:colcon.colcon_core.package_identification:_identify(log) by extension 'ignore'
[0.160s] Level 1:colcon.colcon_core.package_identification:_identify(log) ignored
[0.160s] Level 1:colcon.colcon_core.package_identification:_identify(src) by extensions ['ignore', 'ignore_ament_install']
[0.160s] Level 1:colcon.colcon_core.package_identification:_identify(src) by extension 'ignore'
[0.160s] Level 1:colcon.colcon_core.package_identification:_identify(src) by extension 'ignore_ament_install'
[0.160s] Level 1:colcon.colcon_core.package_identification:_identify(src) by extensions ['colcon_pkg']
[0.160s] Level 1:colcon.colcon_core.package_identification:_identify(src) by extension 'colcon_pkg'
[0.160s] Level 1:colcon.colcon_core.package_identification:_identify(src) by extensions ['colcon_meta']
[0.160s] Level 1:colcon.colcon_core.package_identification:_identify(src) by extension 'colcon_meta'
[0.160s] Level 1:colcon.colcon_core.package_identification:_identify(src) by extensions ['ros']
[0.160s] Level 1:colcon.colcon_core.package_identification:_identify(src) by extension 'ros'
[0.161s] Level 1:colcon.colcon_core.package_identification:_identify(src) by extensions ['cmake', 'python']
[0.161s] Level 1:colcon.colcon_core.package_identification:_identify(src) by extension 'cmake'
[0.161s] Level 1:colcon.colcon_core.package_identification:_identify(src) by extension 'python'
[0.161s] Level 1:colcon.colcon_core.package_identification:_identify(src) by extensions ['python_setup_py']
[0.161s] Level 1:colcon.colcon_core.package_identification:_identify(src) by extension 'python_setup_py'
[0.161s] Level 1:colcon.colcon_core.package_identification:_identify(src/base_interfaces_demo) by extensions ['ignore', 'ignore_ament_install']
[0.161s] Level 1:colcon.colcon_core.package_identification:_identify(src/base_interfaces_demo) by extension 'ignore'
[0.161s] Level 1:colcon.colcon_core.package_identification:_identify(src/base_interfaces_demo) by extension 'ignore_ament_install'
[0.161s] Level 1:colcon.colcon_core.package_identification:_identify(src/base_interfaces_demo) by extensions ['colcon_pkg']
[0.161s] Level 1:colcon.colcon_core.package_identification:_identify(src/base_interfaces_demo) by extension 'colcon_pkg'
[0.161s] Level 1:colcon.colcon_core.package_identification:_identify(src/base_interfaces_demo) by extensions ['colcon_meta']
[0.161s] Level 1:colcon.colcon_core.package_identification:_identify(src/base_interfaces_demo) by extension 'colcon_meta'
[0.161s] Level 1:colcon.colcon_core.package_identification:_identify(src/base_interfaces_demo) by extensions ['ros']
[0.161s] Level 1:colcon.colcon_core.package_identification:_identify(src/base_interfaces_demo) by extension 'ros'
[0.162s] DEBUG:colcon.colcon_core.package_identification:Package 'src/base_interfaces_demo' with type 'ros.ament_cmake' and name 'base_interfaces_demo'
[0.162s] Level 1:colcon.colcon_core.package_identification:_identify(src/cpp01_topic) by extensions ['ignore', 'ignore_ament_install']
[0.162s] Level 1:colcon.colcon_core.package_identification:_identify(src/cpp01_topic) by extension 'ignore'
[0.162s] Level 1:colcon.colcon_core.package_identification:_identify(src/cpp01_topic) by extension 'ignore_ament_install'
[0.162s] Level 1:colcon.colcon_core.package_identification:_identify(src/cpp01_topic) by extensions ['colcon_pkg']
[0.162s] Level 1:colcon.colcon_core.package_identification:_identify(src/cpp01_topic) by extension 'colcon_pkg'
[0.162s] Level 1:colcon.colcon_core.package_identification:_identify(src/cpp01_topic) by extensions ['colcon_meta']
[0.162s] Level 1:colcon.colcon_core.package_identification:_identify(src/cpp01_topic) by extension 'colcon_meta'
[0.162s] Level 1:colcon.colcon_core.package_identification:_identify(src/cpp01_topic) by extensions ['ros']
[0.162s] Level 1:colcon.colcon_core.package_identification:_identify(src/cpp01_topic) by extension 'ros'
[0.162s] DEBUG:colcon.colcon_core.package_identification:Package 'src/cpp01_topic' with type 'ros.ament_cmake' and name 'cpp01_topic'
[0.162s] Level 1:colcon.colcon_core.package_identification:_identify(src/py01_topic) by extensions ['ignore', 'ignore_ament_install']
[0.162s] Level 1:colcon.colcon_core.package_identification:_identify(src/py01_topic) by extension 'ignore'
[0.162s] Level 1:colcon.colcon_core.package_identification:_identify(src/py01_topic) by extension 'ignore_ament_install'
[0.162s] Level 1:colcon.colcon_core.package_identification:_identify(src/py01_topic) by extensions ['colcon_pkg']
[0.162s] Level 1:colcon.colcon_core.package_identification:_identify(src/py01_topic) by extension 'colcon_pkg'
[0.162s] Level 1:colcon.colcon_core.package_identification:_identify(src/py01_topic) by extensions ['colcon_meta']
[0.162s] Level 1:colcon.colcon_core.package_identification:_identify(src/py01_topic) by extension 'colcon_meta'
[0.162s] Level 1:colcon.colcon_core.package_identification:_identify(src/py01_topic) by extensions ['ros']
[0.162s] Level 1:colcon.colcon_core.package_identification:_identify(src/py01_topic) by extension 'ros'
[0.163s] DEBUG:colcon.colcon_core.package_identification:Package 'src/py01_topic' with type 'ros.ament_python' and name 'py01_topic'
[0.163s] Level 1:colcon.colcon_core.package_discovery:discover_packages(recursive) using defaults
[0.163s] Level 1:colcon.colcon_core.package_discovery:discover_packages(ignore) discover
[0.163s] Level 1:colcon.colcon_core.package_discovery:discover_packages(ignore) using defaults
[0.163s] Level 1:colcon.colcon_core.package_discovery:discover_packages(path) discover
[0.163s] Level 1:colcon.colcon_core.package_discovery:discover_packages(path) using defaults
[0.171s] Level 1:colcon.colcon_core.package_discovery:discover_packages(prefix_path) check parameters
[0.171s] Level 1:colcon.colcon_core.package_discovery:discover_packages(prefix_path) discover
[0.171s] WARNING:colcon.colcon_core.prefix_path.colcon:The path '/home/lulu/ros2_tutorial/ws01_plumbing/src/install' in the environment variable COLCON_PREFIX_PATH doesn't exist
[0.171s] WARNING:colcon.colcon_ros.prefix_path.ament:The path '/home/lulu/ros2_tutorial/ws01_plumbing/src/install/py01_topic' in the environment variable AMENT_PREFIX_PATH doesn't exist
[0.171s] WARNING:colcon.colcon_ros.prefix_path.ament:The path '/home/lulu/ros2_tutorial/ws01_plumbing/src/install/cpp01_topic' in the environment variable AMENT_PREFIX_PATH doesn't exist
[0.171s] WARNING:colcon.colcon_ros.prefix_path.ament:The path '/home/lulu/ros2_tutorial/ws01_plumbing/src/install/base_interfaces_demo' in the environment variable AMENT_PREFIX_PATH doesn't exist
[0.171s] WARNING:colcon.colcon_ros.prefix_path.ament:The path '/home/lulu/ros2_tutorial/ws01_plumbing/install/py01_topic' in the environment variable AMENT_PREFIX_PATH doesn't exist
[0.171s] WARNING:colcon.colcon_ros.prefix_path.ament:The path '/home/lulu/ros2_tutorial/ws01_plumbing/install/cpp01_topic' in the environment variable AMENT_PREFIX_PATH doesn't exist
[0.171s] WARNING:colcon.colcon_ros.prefix_path.catkin:The path '/home/lulu/ros2_tutorial/ws01_plumbing/src/install/cpp01_topic' in the environment variable CMAKE_PREFIX_PATH doesn't exist
[0.171s] WARNING:colcon.colcon_ros.prefix_path.catkin:The path '/home/lulu/ros2_tutorial/ws01_plumbing/src/install/base_interfaces_demo' in the environment variable CMAKE_PREFIX_PATH doesn't exist
[0.171s] WARNING:colcon.colcon_ros.prefix_path.catkin:The path '/home/lulu/ros2_tutorial/ws01_plumbing/install/cpp01_topic' in the environment variable CMAKE_PREFIX_PATH doesn't exist
[0.172s] DEBUG:colcon.colcon_installed_package_information.package_discovery:Found 0 installed packages in /home/lulu/ros2_tutorial/ws01_plumbing/install
[0.172s] DEBUG:colcon.colcon_installed_package_information.package_discovery:Found 421 installed packages in /opt/ros/humble
[0.173s] Level 1:colcon.colcon_core.package_discovery:discover_packages(prefix_path) using defaults
[0.194s] Level 5:colcon.colcon_core.verb:set package 'base_interfaces_demo' build argument 'cmake_args' from command line to 'None'
[0.194s] Level 5:colcon.colcon_core.verb:set package 'base_interfaces_demo' build argument 'cmake_target' from command line to 'None'
[0.194s] Level 5:colcon.colcon_core.verb:set package 'base_interfaces_demo' build argument 'cmake_target_skip_unavailable' from command line to 'False'
[0.194s] Level 5:colcon.colcon_core.verb:set package 'base_interfaces_demo' build argument 'cmake_clean_cache' from command line to 'False'
[0.194s] Level 5:colcon.colcon_core.verb:set package 'base_interfaces_demo' build argument 'cmake_clean_first' from command line to 'False'
[0.194s] Level 5:colcon.colcon_core.verb:set package 'base_interfaces_demo' build argument 'cmake_force_configure' from command line to 'False'
[0.194s] Level 5:colcon.colcon_core.verb:set package 'base_interfaces_demo' build argument 'ament_cmake_args' from command line to 'None'
[0.194s] Level 5:colcon.colcon_core.verb:set package 'base_interfaces_demo' build argument 'catkin_cmake_args' from command line to 'None'
[0.194s] Level 5:colcon.colcon_core.verb:set package 'base_interfaces_demo' build argument 'catkin_skip_building_tests' from command line to 'False'
[0.194s] DEBUG:colcon.colcon_core.verb:Building package 'base_interfaces_demo' with the following arguments: {'ament_cmake_args': None, 'build_base': '/home/lulu/ros2_tutorial/ws01_plumbing/build/base_interfaces_demo', 'catkin_cmake_args': None, 'catkin_skip_building_tests': False, 'cmake_args': None, 'cmake_clean_cache': False, 'cmake_clean_first': False, 'cmake_force_configure': False, 'cmake_target': None, 'cmake_target_skip_unavailable': False, 'install_base': '/home/lulu/ros2_tutorial/ws01_plumbing/install/base_interfaces_demo', 'merge_install': False, 'path': '/home/lulu/ros2_tutorial/ws01_plumbing/src/base_interfaces_demo', 'symlink_install': True, 'test_result_base': None}
[0.194s] Level 5:colcon.colcon_core.verb:set package 'py01_topic' build argument 'cmake_args' from command line to 'None'
[0.194s] Level 5:colcon.colcon_core.verb:set package 'py01_topic' build argument 'cmake_target' from command line to 'None'
[0.194s] Level 5:colcon.colcon_core.verb:set package 'py01_topic' build argument 'cmake_target_skip_unavailable' from command line to 'False'
[0.194s] Level 5:colcon.colcon_core.verb:set package 'py01_topic' build argument 'cmake_clean_cache' from command line to 'False'
[0.194s] Level 5:colcon.colcon_core.verb:set package 'py01_topic' build argument 'cmake_clean_first' from command line to 'False'
[0.194s] Level 5:colcon.colcon_core.verb:set package 'py01_topic' build argument 'cmake_force_configure' from command line to 'False'
[0.194s] Level 5:colcon.colcon_core.verb:set package 'py01_topic' build argument 'ament_cmake_args' from command line to 'None'
[0.194s] Level 5:colcon.colcon_core.verb:set package 'py01_topic' build argument 'catkin_cmake_args' from command line to 'None'
[0.194s] Level 5:colcon.colcon_core.verb:set package 'py01_topic' build argument 'catkin_skip_building_tests' from command line to 'False'
[0.194s] DEBUG:colcon.colcon_core.verb:Building package 'py01_topic' with the following arguments: {'ament_cmake_args': None, 'build_base': '/home/lulu/ros2_tutorial/ws01_plumbing/build/py01_topic', 'catkin_cmake_args': None, 'catkin_skip_building_tests': False, 'cmake_args': None, 'cmake_clean_cache': False, 'cmake_clean_first': False, 'cmake_force_configure': False, 'cmake_target': None, 'cmake_target_skip_unavailable': False, 'install_base': '/home/lulu/ros2_tutorial/ws01_plumbing/install/py01_topic', 'merge_install': False, 'path': '/home/lulu/ros2_tutorial/ws01_plumbing/src/py01_topic', 'symlink_install': True, 'test_result_base': None}
[0.194s] Level 5:colcon.colcon_core.verb:set package 'cpp01_topic' build argument 'cmake_args' from command line to 'None'
[0.194s] Level 5:colcon.colcon_core.verb:set package 'cpp01_topic' build argument 'cmake_target' from command line to 'None'
[0.194s] Level 5:colcon.colcon_core.verb:set package 'cpp01_topic' build argument 'cmake_target_skip_unavailable' from command line to 'False'
[0.194s] Level 5:colcon.colcon_core.verb:set package 'cpp01_topic' build argument 'cmake_clean_cache' from command line to 'False'
[0.194s] Level 5:colcon.colcon_core.verb:set package 'cpp01_topic' build argument 'cmake_clean_first' from command line to 'False'
[0.194s] Level 5:colcon.colcon_core.verb:set package 'cpp01_topic' build argument 'cmake_force_configure' from command line to 'False'
[0.194s] Level 5:colcon.colcon_core.verb:set package 'cpp01_topic' build argument 'ament_cmake_args' from command line to 'None'
[0.194s] Level 5:colcon.colcon_core.verb:set package 'cpp01_topic' build argument 'catkin_cmake_args' from command line to 'None'
[0.194s] Level 5:colcon.colcon_core.verb:set package 'cpp01_topic' build argument 'catkin_skip_building_tests' from command line to 'False'
[0.194s] DEBUG:colcon.colcon_core.verb:Building package 'cpp01_topic' with the following arguments: {'ament_cmake_args': None, 'build_base': '/home/lulu/ros2_tutorial/ws01_plumbing/build/cpp01_topic', 'catkin_cmake_args': None, 'catkin_skip_building_tests': False, 'cmake_args': None, 'cmake_clean_cache': False, 'cmake_clean_first': False, 'cmake_force_configure': False, 'cmake_target': None, 'cmake_target_skip_unavailable': False, 'install_base': '/home/lulu/ros2_tutorial/ws01_plumbing/install/cpp01_topic', 'merge_install': False, 'path': '/home/lulu/ros2_tutorial/ws01_plumbing/src/cpp01_topic', 'symlink_install': True, 'test_result_base': None}
[0.194s] INFO:colcon.colcon_core.executor:Executing jobs using 'parallel' executor
[0.195s] DEBUG:colcon.colcon_parallel_executor.executor.parallel:run_until_complete
[0.195s] INFO:colcon.colcon_ros.task.ament_cmake.build:Building ROS package in '/home/lulu/ros2_tutorial/ws01_plumbing/src/base_interfaces_demo' with build type 'ament_cmake'
[0.195s] INFO:colcon.colcon_cmake.task.cmake.build:Building CMake package in '/home/lulu/ros2_tutorial/ws01_plumbing/src/base_interfaces_demo'
[0.196s] INFO:colcon.colcon_core.plugin_system:Skipping extension 'colcon_core.shell.bat': Not used on non-Windows systems
[0.196s] INFO:colcon.colcon_core.shell:Skip shell extension 'powershell' for command environment: Not usable outside of PowerShell
[0.196s] DEBUG:colcon.colcon_core.shell:Skip shell extension 'dsv' for command environment
[0.198s] INFO:colcon.colcon_ros.task.ament_python.build:Building ROS package in '/home/lulu/ros2_tutorial/ws01_plumbing/src/py01_topic' with build type 'ament_python'
[0.198s] Level 1:colcon.colcon_core.shell:create_environment_hook('py01_topic', 'ament_prefix_path')
[0.198s] INFO:colcon.colcon_core.shell:Creating environment hook '/home/lulu/ros2_tutorial/ws01_plumbing/install/py01_topic/share/py01_topic/hook/ament_prefix_path.ps1'
[0.199s] INFO:colcon.colcon_core.shell:Creating environment descriptor '/home/lulu/ros2_tutorial/ws01_plumbing/install/py01_topic/share/py01_topic/hook/ament_prefix_path.dsv'
[0.199s] INFO:colcon.colcon_core.shell:Creating environment hook '/home/lulu/ros2_tutorial/ws01_plumbing/install/py01_topic/share/py01_topic/hook/ament_prefix_path.sh'
[0.199s] INFO:colcon.colcon_core.shell:Skip shell extension 'powershell' for command environment: Not usable outside of PowerShell
[0.199s] DEBUG:colcon.colcon_core.shell:Skip shell extension 'dsv' for command environment
[0.203s] DEBUG:colcon.colcon_core.event_handler.log_command:Invoking command in '/home/lulu/ros2_tutorial/ws01_plumbing/build/base_interfaces_demo': CMAKE_PREFIX_PATH=${CMAKE_PREFIX_PATH}:/home/lulu/ros2_tutorial/ws01_plumbing/src/install/py01_topic:/home/lulu/ros2_tutorial/ws01_plumbing/install/py01_topic:/opt/ros/humble /usr/bin/cmake /home/lulu/ros2_tutorial/ws01_plumbing/src/base_interfaces_demo -DAMENT_CMAKE_SYMLINK_INSTALL=1 -DCMAKE_INSTALL_PREFIX=/home/lulu/ros2_tutorial/ws01_plumbing/install/base_interfaces_demo
[0.338s] INFO:colcon.colcon_core.task.python.build:Building Python package in '/home/lulu/ros2_tutorial/ws01_plumbing/src/py01_topic'
[0.339s] INFO:colcon.colcon_core.shell:Skip shell extension 'powershell' for command environment: Not usable outside of PowerShell
[0.339s] DEBUG:colcon.colcon_core.shell:Skip shell extension 'dsv' for command environment
[0.543s] DEBUG:colcon.colcon_core.event_handler.log_command:Invoking command in '/home/lulu/ros2_tutorial/ws01_plumbing/build/py01_topic': PYTHONPATH=/home/lulu/ros2_tutorial/ws01_plumbing/build/py01_topic/prefix_override:/usr/lib/python3/dist-packages/colcon_core/task/python/colcon_distutils_commands:/home/lulu/ros2_tutorial/ws01_plumbing/install/py01_topic/lib/python3.10/site-packages:${PYTHONPATH} /usr/bin/python3 -W ignore:setup.py install is deprecated -W ignore:easy_install command is deprecated setup.py develop --editable --build-directory /home/lulu/ros2_tutorial/ws01_plumbing/build/py01_topic/build --no-deps symlink_data
[0.574s] DEBUG:colcon.colcon_core.event_handler.log_command:Invoked command in '/home/lulu/ros2_tutorial/ws01_plumbing/build/base_interfaces_demo' returned '0': CMAKE_PREFIX_PATH=${CMAKE_PREFIX_PATH}:/home/lulu/ros2_tutorial/ws01_plumbing/src/install/py01_topic:/home/lulu/ros2_tutorial/ws01_plumbing/install/py01_topic:/opt/ros/humble /usr/bin/cmake /home/lulu/ros2_tutorial/ws01_plumbing/src/base_interfaces_demo -DAMENT_CMAKE_SYMLINK_INSTALL=1 -DCMAKE_INSTALL_PREFIX=/home/lulu/ros2_tutorial/ws01_plumbing/install/base_interfaces_demo
[0.575s] DEBUG:colcon.colcon_core.event_handler.log_command:Invoking command in '/home/lulu/ros2_tutorial/ws01_plumbing/build/base_interfaces_demo': CMAKE_PREFIX_PATH=${CMAKE_PREFIX_PATH}:/home/lulu/ros2_tutorial/ws01_plumbing/src/install/py01_topic:/home/lulu/ros2_tutorial/ws01_plumbing/install/py01_topic:/opt/ros/humble /usr/bin/cmake --build /home/lulu/ros2_tutorial/ws01_plumbing/build/base_interfaces_demo -- -j20 -l20
[0.608s] DEBUG:colcon.colcon_core.event_handler.log_command:Invoked command in '/home/lulu/ros2_tutorial/ws01_plumbing/build/base_interfaces_demo' returned '0': CMAKE_PREFIX_PATH=${CMAKE_PREFIX_PATH}:/home/lulu/ros2_tutorial/ws01_plumbing/src/install/py01_topic:/home/lulu/ros2_tutorial/ws01_plumbing/install/py01_topic:/opt/ros/humble /usr/bin/cmake --build /home/lulu/ros2_tutorial/ws01_plumbing/build/base_interfaces_demo -- -j20 -l20
[0.615s] DEBUG:colcon.colcon_core.event_handler.log_command:Invoking command in '/home/lulu/ros2_tutorial/ws01_plumbing/build/base_interfaces_demo': CMAKE_PREFIX_PATH=${CMAKE_PREFIX_PATH}:/home/lulu/ros2_tutorial/ws01_plumbing/src/install/py01_topic:/home/lulu/ros2_tutorial/ws01_plumbing/install/py01_topic:/opt/ros/humble /usr/bin/cmake --install /home/lulu/ros2_tutorial/ws01_plumbing/build/base_interfaces_demo
[0.694s] Level 1:colcon.colcon_core.environment:create_environment_scripts_only(base_interfaces_demo)
[0.695s] DEBUG:colcon.colcon_core.event_handler.log_command:Invoked command in '/home/lulu/ros2_tutorial/ws01_plumbing/build/base_interfaces_demo' returned '0': CMAKE_PREFIX_PATH=${CMAKE_PREFIX_PATH}:/home/lulu/ros2_tutorial/ws01_plumbing/src/install/py01_topic:/home/lulu/ros2_tutorial/ws01_plumbing/install/py01_topic:/opt/ros/humble /usr/bin/cmake --install /home/lulu/ros2_tutorial/ws01_plumbing/build/base_interfaces_demo
[0.695s] Level 1:colcon.colcon_core.environment:checking '/home/lulu/ros2_tutorial/ws01_plumbing/install/base_interfaces_demo' for CMake module files
[0.696s] Level 1:colcon.colcon_core.environment:checking '/home/lulu/ros2_tutorial/ws01_plumbing/install/base_interfaces_demo' for CMake config files
[0.696s] Level 1:colcon.colcon_core.shell:create_environment_hook('base_interfaces_demo', 'cmake_prefix_path')
[0.696s] INFO:colcon.colcon_core.shell:Creating environment hook '/home/lulu/ros2_tutorial/ws01_plumbing/install/base_interfaces_demo/share/base_interfaces_demo/hook/cmake_prefix_path.ps1'
[0.696s] INFO:colcon.colcon_core.shell:Creating environment descriptor '/home/lulu/ros2_tutorial/ws01_plumbing/install/base_interfaces_demo/share/base_interfaces_demo/hook/cmake_prefix_path.dsv'
[0.696s] INFO:colcon.colcon_core.shell:Creating environment hook '/home/lulu/ros2_tutorial/ws01_plumbing/install/base_interfaces_demo/share/base_interfaces_demo/hook/cmake_prefix_path.sh'
[0.697s] Level 1:colcon.colcon_core.environment:checking '/home/lulu/ros2_tutorial/ws01_plumbing/install/base_interfaces_demo/bin'
[0.697s] Level 1:colcon.colcon_core.environment:checking '/home/lulu/ros2_tutorial/ws01_plumbing/install/base_interfaces_demo/lib/pkgconfig/base_interfaces_demo.pc'
[0.697s] Level 1:colcon.colcon_core.environment:checking '/home/lulu/ros2_tutorial/ws01_plumbing/install/base_interfaces_demo/lib/python3.10/site-packages'
[0.697s] Level 1:colcon.colcon_core.environment:checking '/home/lulu/ros2_tutorial/ws01_plumbing/install/base_interfaces_demo/bin'
[0.697s] INFO:colcon.colcon_core.shell:Creating package script '/home/lulu/ros2_tutorial/ws01_plumbing/install/base_interfaces_demo/share/base_interfaces_demo/package.ps1'
[0.697s] INFO:colcon.colcon_core.shell:Creating package descriptor '/home/lulu/ros2_tutorial/ws01_plumbing/install/base_interfaces_demo/share/base_interfaces_demo/package.dsv'
[0.698s] INFO:colcon.colcon_core.shell:Creating package script '/home/lulu/ros2_tutorial/ws01_plumbing/install/base_interfaces_demo/share/base_interfaces_demo/package.sh'
[0.698s] INFO:colcon.colcon_core.shell:Creating package script '/home/lulu/ros2_tutorial/ws01_plumbing/install/base_interfaces_demo/share/base_interfaces_demo/package.bash'
[0.698s] INFO:colcon.colcon_core.shell:Creating package script '/home/lulu/ros2_tutorial/ws01_plumbing/install/base_interfaces_demo/share/base_interfaces_demo/package.zsh'
[0.699s] Level 1:colcon.colcon_core.environment:create_file_with_runtime_dependencies(/home/lulu/ros2_tutorial/ws01_plumbing/install/base_interfaces_demo/share/colcon-core/packages/base_interfaces_demo)
[0.699s] Level 1:colcon.colcon_core.environment:create_environment_scripts_only(base_interfaces_demo)
[0.699s] Level 1:colcon.colcon_core.environment:checking '/home/lulu/ros2_tutorial/ws01_plumbing/install/base_interfaces_demo' for CMake module files
[0.699s] Level 1:colcon.colcon_core.environment:checking '/home/lulu/ros2_tutorial/ws01_plumbing/install/base_interfaces_demo' for CMake config files
[0.699s] Level 1:colcon.colcon_core.shell:create_environment_hook('base_interfaces_demo', 'cmake_prefix_path')
[0.699s] INFO:colcon.colcon_core.shell:Creating environment hook '/home/lulu/ros2_tutorial/ws01_plumbing/install/base_interfaces_demo/share/base_interfaces_demo/hook/cmake_prefix_path.ps1'
[0.700s] INFO:colcon.colcon_core.shell:Creating environment descriptor '/home/lulu/ros2_tutorial/ws01_plumbing/install/base_interfaces_demo/share/base_interfaces_demo/hook/cmake_prefix_path.dsv'
[0.700s] INFO:colcon.colcon_core.shell:Creating environment hook '/home/lulu/ros2_tutorial/ws01_plumbing/install/base_interfaces_demo/share/base_interfaces_demo/hook/cmake_prefix_path.sh'
[0.701s] Level 1:colcon.colcon_core.environment:checking '/home/lulu/ros2_tutorial/ws01_plumbing/install/base_interfaces_demo/bin'
[0.701s] Level 1:colcon.colcon_core.environment:checking '/home/lulu/ros2_tutorial/ws01_plumbing/install/base_interfaces_demo/lib/pkgconfig/base_interfaces_demo.pc'
[0.701s] Level 1:colcon.colcon_core.environment:checking '/home/lulu/ros2_tutorial/ws01_plumbing/install/base_interfaces_demo/lib/python3.10/site-packages'
[0.701s] Level 1:colcon.colcon_core.environment:checking '/home/lulu/ros2_tutorial/ws01_plumbing/install/base_interfaces_demo/bin'
[0.701s] INFO:colcon.colcon_core.shell:Creating package script '/home/lulu/ros2_tutorial/ws01_plumbing/install/base_interfaces_demo/share/base_interfaces_demo/package.ps1'
[0.701s] INFO:colcon.colcon_core.shell:Creating package descriptor '/home/lulu/ros2_tutorial/ws01_plumbing/install/base_interfaces_demo/share/base_interfaces_demo/package.dsv'
[0.702s] INFO:colcon.colcon_core.shell:Creating package script '/home/lulu/ros2_tutorial/ws01_plumbing/install/base_interfaces_demo/share/base_interfaces_demo/package.sh'
[0.702s] INFO:colcon.colcon_core.shell:Creating package script '/home/lulu/ros2_tutorial/ws01_plumbing/install/base_interfaces_demo/share/base_interfaces_demo/package.bash'
[0.702s] INFO:colcon.colcon_core.shell:Creating package script '/home/lulu/ros2_tutorial/ws01_plumbing/install/base_interfaces_demo/share/base_interfaces_demo/package.zsh'
[0.702s] Level 1:colcon.colcon_core.environment:create_file_with_runtime_dependencies(/home/lulu/ros2_tutorial/ws01_plumbing/install/base_interfaces_demo/share/colcon-core/packages/base_interfaces_demo)
[0.703s] INFO:colcon.colcon_ros.task.ament_cmake.build:Building ROS package in '/home/lulu/ros2_tutorial/ws01_plumbing/src/cpp01_topic' with build type 'ament_cmake'
[0.703s] INFO:colcon.colcon_cmake.task.cmake.build:Building CMake package in '/home/lulu/ros2_tutorial/ws01_plumbing/src/cpp01_topic'
[0.703s] INFO:colcon.colcon_core.shell:Skip shell extension 'powershell' for command environment: Not usable outside of PowerShell
[0.703s] DEBUG:colcon.colcon_core.shell:Skip shell extension 'dsv' for command environment
[0.709s] DEBUG:colcon.colcon_core.event_handler.log_command:Invoking command in '/home/lulu/ros2_tutorial/ws01_plumbing/build/cpp01_topic': AMENT_PREFIX_PATH=/home/lulu/ros2_tutorial/ws01_plumbing/install/base_interfaces_demo:${AMENT_PREFIX_PATH} CMAKE_PREFIX_PATH=/home/lulu/ros2_tutorial/ws01_plumbing/install/base_interfaces_demo:/home/lulu/ros2_tutorial/ws01_plumbing/src/install/cpp01_topic:/home/lulu/ros2_tutorial/ws01_plumbing/src/install/base_interfaces_demo:/home/lulu/ros2_tutorial/ws01_plumbing/install/cpp01_topic:/home/lulu/ros2_tutorial/ws01_plumbing/src/install/py01_topic:/home/lulu/ros2_tutorial/ws01_plumbing/install/py01_topic:/opt/ros/humble /usr/bin/cmake /home/lulu/ros2_tutorial/ws01_plumbing/src/cpp01_topic -DAMENT_CMAKE_SYMLINK_INSTALL=1 -DCMAKE_INSTALL_PREFIX=/home/lulu/ros2_tutorial/ws01_plumbing/install/cpp01_topic
[0.792s] Level 1:colcon.colcon_core.shell:create_environment_hook('py01_topic', 'pythonpath_develop')
[0.793s] INFO:colcon.colcon_core.shell:Creating environment hook '/home/lulu/ros2_tutorial/ws01_plumbing/build/py01_topic/share/py01_topic/hook/pythonpath_develop.ps1'
[0.793s] DEBUG:colcon.colcon_core.event_handler.log_command:Invoked command in '/home/lulu/ros2_tutorial/ws01_plumbing/build/py01_topic' returned '0': PYTHONPATH=/home/lulu/ros2_tutorial/ws01_plumbing/build/py01_topic/prefix_override:/usr/lib/python3/dist-packages/colcon_core/task/python/colcon_distutils_commands:/home/lulu/ros2_tutorial/ws01_plumbing/install/py01_topic/lib/python3.10/site-packages:${PYTHONPATH} /usr/bin/python3 -W ignore:setup.py install is deprecated -W ignore:easy_install command is deprecated setup.py develop --editable --build-directory /home/lulu/ros2_tutorial/ws01_plumbing/build/py01_topic/build --no-deps symlink_data
[0.793s] INFO:colcon.colcon_core.shell:Creating environment descriptor '/home/lulu/ros2_tutorial/ws01_plumbing/build/py01_topic/share/py01_topic/hook/pythonpath_develop.dsv'
[0.793s] INFO:colcon.colcon_core.shell:Creating environment hook '/home/lulu/ros2_tutorial/ws01_plumbing/build/py01_topic/share/py01_topic/hook/pythonpath_develop.sh'
[0.793s] Level 1:colcon.colcon_core.environment:checking '/home/lulu/ros2_tutorial/ws01_plumbing/install/py01_topic' for CMake module files
[0.794s] Level 1:colcon.colcon_core.environment:checking '/home/lulu/ros2_tutorial/ws01_plumbing/install/py01_topic' for CMake config files
[0.794s] Level 1:colcon.colcon_core.environment:checking '/home/lulu/ros2_tutorial/ws01_plumbing/install/py01_topic/lib'
[0.794s] Level 1:colcon.colcon_core.environment:checking '/home/lulu/ros2_tutorial/ws01_plumbing/install/py01_topic/bin'
[0.794s] Level 1:colcon.colcon_core.environment:checking '/home/lulu/ros2_tutorial/ws01_plumbing/install/py01_topic/lib/pkgconfig/py01_topic.pc'
[0.794s] Level 1:colcon.colcon_core.environment:checking '/home/lulu/ros2_tutorial/ws01_plumbing/install/py01_topic/lib/python3.10/site-packages'
[0.794s] Level 1:colcon.colcon_core.shell:create_environment_hook('py01_topic', 'pythonpath')
[0.794s] INFO:colcon.colcon_core.shell:Creating environment hook '/home/lulu/ros2_tutorial/ws01_plumbing/install/py01_topic/share/py01_topic/hook/pythonpath.ps1'
[0.794s] INFO:colcon.colcon_core.shell:Creating environment descriptor '/home/lulu/ros2_tutorial/ws01_plumbing/install/py01_topic/share/py01_topic/hook/pythonpath.dsv'
[0.794s] INFO:colcon.colcon_core.shell:Creating environment hook '/home/lulu/ros2_tutorial/ws01_plumbing/install/py01_topic/share/py01_topic/hook/pythonpath.sh'
[0.795s] Level 1:colcon.colcon_core.environment:checking '/home/lulu/ros2_tutorial/ws01_plumbing/install/py01_topic/bin'
[0.795s] Level 1:colcon.colcon_core.environment:create_environment_scripts_only(py01_topic)
[0.795s] INFO:colcon.colcon_core.shell:Creating package script '/home/lulu/ros2_tutorial/ws01_plumbing/install/py01_topic/share/py01_topic/package.ps1'
[0.795s] INFO:colcon.colcon_core.shell:Creating package descriptor '/home/lulu/ros2_tutorial/ws01_plumbing/install/py01_topic/share/py01_topic/package.dsv'
[0.795s] INFO:colcon.colcon_core.shell:Creating package script '/home/lulu/ros2_tutorial/ws01_plumbing/install/py01_topic/share/py01_topic/package.sh'
[0.795s] INFO:colcon.colcon_core.shell:Creating package script '/home/lulu/ros2_tutorial/ws01_plumbing/install/py01_topic/share/py01_topic/package.bash'
[0.796s] INFO:colcon.colcon_core.shell:Creating package script '/home/lulu/ros2_tutorial/ws01_plumbing/install/py01_topic/share/py01_topic/package.zsh'
[0.796s] Level 1:colcon.colcon_core.environment:create_file_with_runtime_dependencies(/home/lulu/ros2_tutorial/ws01_plumbing/install/py01_topic/share/colcon-core/packages/py01_topic)
[1.316s] DEBUG:colcon.colcon_core.event_handler.log_command:Invoked command in '/home/lulu/ros2_tutorial/ws01_plumbing/build/cpp01_topic' returned '0': AMENT_PREFIX_PATH=/home/lulu/ros2_tutorial/ws01_plumbing/install/base_interfaces_demo:${AMENT_PREFIX_PATH} CMAKE_PREFIX_PATH=/home/lulu/ros2_tutorial/ws01_plumbing/install/base_interfaces_demo:/home/lulu/ros2_tutorial/ws01_plumbing/src/install/cpp01_topic:/home/lulu/ros2_tutorial/ws01_plumbing/src/install/base_interfaces_demo:/home/lulu/ros2_tutorial/ws01_plumbing/install/cpp01_topic:/home/lulu/ros2_tutorial/ws01_plumbing/src/install/py01_topic:/home/lulu/ros2_tutorial/ws01_plumbing/install/py01_topic:/opt/ros/humble /usr/bin/cmake /home/lulu/ros2_tutorial/ws01_plumbing/src/cpp01_topic -DAMENT_CMAKE_SYMLINK_INSTALL=1 -DCMAKE_INSTALL_PREFIX=/home/lulu/ros2_tutorial/ws01_plumbing/install/cpp01_topic
[1.317s] DEBUG:colcon.colcon_core.event_handler.log_command:Invoking command in '/home/lulu/ros2_tutorial/ws01_plumbing/build/cpp01_topic': AMENT_PREFIX_PATH=/home/lulu/ros2_tutorial/ws01_plumbing/install/base_interfaces_demo:${AMENT_PREFIX_PATH} CMAKE_PREFIX_PATH=/home/lulu/ros2_tutorial/ws01_plumbing/install/base_interfaces_demo:/home/lulu/ros2_tutorial/ws01_plumbing/src/install/cpp01_topic:/home/lulu/ros2_tutorial/ws01_plumbing/src/install/base_interfaces_demo:/home/lulu/ros2_tutorial/ws01_plumbing/install/cpp01_topic:/home/lulu/ros2_tutorial/ws01_plumbing/src/install/py01_topic:/home/lulu/ros2_tutorial/ws01_plumbing/install/py01_topic:/opt/ros/humble /usr/bin/cmake --build /home/lulu/ros2_tutorial/ws01_plumbing/build/cpp01_topic -- -j20 -l20
[3.325s] DEBUG:colcon.colcon_core.event_handler.log_command:Invoked command in '/home/lulu/ros2_tutorial/ws01_plumbing/build/cpp01_topic' returned '0': AMENT_PREFIX_PATH=/home/lulu/ros2_tutorial/ws01_plumbing/install/base_interfaces_demo:${AMENT_PREFIX_PATH} CMAKE_PREFIX_PATH=/home/lulu/ros2_tutorial/ws01_plumbing/install/base_interfaces_demo:/home/lulu/ros2_tutorial/ws01_plumbing/src/install/cpp01_topic:/home/lulu/ros2_tutorial/ws01_plumbing/src/install/base_interfaces_demo:/home/lulu/ros2_tutorial/ws01_plumbing/install/cpp01_topic:/home/lulu/ros2_tutorial/ws01_plumbing/src/install/py01_topic:/home/lulu/ros2_tutorial/ws01_plumbing/install/py01_topic:/opt/ros/humble /usr/bin/cmake --build /home/lulu/ros2_tutorial/ws01_plumbing/build/cpp01_topic -- -j20 -l20
[3.326s] DEBUG:colcon.colcon_core.event_handler.log_command:Invoking command in '/home/lulu/ros2_tutorial/ws01_plumbing/build/cpp01_topic': AMENT_PREFIX_PATH=/home/lulu/ros2_tutorial/ws01_plumbing/install/base_interfaces_demo:${AMENT_PREFIX_PATH} CMAKE_PREFIX_PATH=/home/lulu/ros2_tutorial/ws01_plumbing/install/base_interfaces_demo:/home/lulu/ros2_tutorial/ws01_plumbing/src/install/cpp01_topic:/home/lulu/ros2_tutorial/ws01_plumbing/src/install/base_interfaces_demo:/home/lulu/ros2_tutorial/ws01_plumbing/install/cpp01_topic:/home/lulu/ros2_tutorial/ws01_plumbing/src/install/py01_topic:/home/lulu/ros2_tutorial/ws01_plumbing/install/py01_topic:/opt/ros/humble /usr/bin/cmake --install /home/lulu/ros2_tutorial/ws01_plumbing/build/cpp01_topic
[3.416s] Level 1:colcon.colcon_core.environment:create_environment_scripts_only(cpp01_topic)
[3.416s] Level 1:colcon.colcon_core.environment:checking '/home/lulu/ros2_tutorial/ws01_plumbing/install/cpp01_topic' for CMake module files
[3.416s] Level 1:colcon.colcon_core.environment:checking '/home/lulu/ros2_tutorial/ws01_plumbing/install/cpp01_topic' for CMake config files
[3.417s] DEBUG:colcon.colcon_core.event_handler.log_command:Invoked command in '/home/lulu/ros2_tutorial/ws01_plumbing/build/cpp01_topic' returned '0': AMENT_PREFIX_PATH=/home/lulu/ros2_tutorial/ws01_plumbing/install/base_interfaces_demo:${AMENT_PREFIX_PATH} CMAKE_PREFIX_PATH=/home/lulu/ros2_tutorial/ws01_plumbing/install/base_interfaces_demo:/home/lulu/ros2_tutorial/ws01_plumbing/src/install/cpp01_topic:/home/lulu/ros2_tutorial/ws01_plumbing/src/install/base_interfaces_demo:/home/lulu/ros2_tutorial/ws01_plumbing/install/cpp01_topic:/home/lulu/ros2_tutorial/ws01_plumbing/src/install/py01_topic:/home/lulu/ros2_tutorial/ws01_plumbing/install/py01_topic:/opt/ros/humble /usr/bin/cmake --install /home/lulu/ros2_tutorial/ws01_plumbing/build/cpp01_topic
[3.417s] Level 1:colcon.colcon_core.shell:create_environment_hook('cpp01_topic', 'cmake_prefix_path')
[3.417s] INFO:colcon.colcon_core.shell:Creating environment hook '/home/lulu/ros2_tutorial/ws01_plumbing/install/cpp01_topic/share/cpp01_topic/hook/cmake_prefix_path.ps1'
[3.417s] INFO:colcon.colcon_core.shell:Creating environment descriptor '/home/lulu/ros2_tutorial/ws01_plumbing/install/cpp01_topic/share/cpp01_topic/hook/cmake_prefix_path.dsv'
[3.417s] INFO:colcon.colcon_core.shell:Creating environment hook '/home/lulu/ros2_tutorial/ws01_plumbing/install/cpp01_topic/share/cpp01_topic/hook/cmake_prefix_path.sh'
[3.417s] Level 1:colcon.colcon_core.environment:checking '/home/lulu/ros2_tutorial/ws01_plumbing/install/cpp01_topic/lib'
[3.417s] Level 1:colcon.colcon_core.environment:checking '/home/lulu/ros2_tutorial/ws01_plumbing/install/cpp01_topic/bin'
[3.417s] Level 1:colcon.colcon_core.environment:checking '/home/lulu/ros2_tutorial/ws01_plumbing/install/cpp01_topic/lib/pkgconfig/cpp01_topic.pc'
[3.418s] Level 1:colcon.colcon_core.environment:checking '/home/lulu/ros2_tutorial/ws01_plumbing/install/cpp01_topic/lib/python3.10/site-packages'
[3.418s] Level 1:colcon.colcon_core.environment:checking '/home/lulu/ros2_tutorial/ws01_plumbing/install/cpp01_topic/bin'
[3.418s] INFO:colcon.colcon_core.shell:Creating package script '/home/lulu/ros2_tutorial/ws01_plumbing/install/cpp01_topic/share/cpp01_topic/package.ps1'
[3.418s] INFO:colcon.colcon_core.shell:Creating package descriptor '/home/lulu/ros2_tutorial/ws01_plumbing/install/cpp01_topic/share/cpp01_topic/package.dsv'
[3.418s] INFO:colcon.colcon_core.shell:Creating package script '/home/lulu/ros2_tutorial/ws01_plumbing/install/cpp01_topic/share/cpp01_topic/package.sh'
[3.418s] INFO:colcon.colcon_core.shell:Creating package script '/home/lulu/ros2_tutorial/ws01_plumbing/install/cpp01_topic/share/cpp01_topic/package.bash'
[3.418s] INFO:colcon.colcon_core.shell:Creating package script '/home/lulu/ros2_tutorial/ws01_plumbing/install/cpp01_topic/share/cpp01_topic/package.zsh'
[3.418s] Level 1:colcon.colcon_core.environment:create_file_with_runtime_dependencies(/home/lulu/ros2_tutorial/ws01_plumbing/install/cpp01_topic/share/colcon-core/packages/cpp01_topic)
[3.419s] Level 1:colcon.colcon_core.environment:create_environment_scripts_only(cpp01_topic)
[3.419s] Level 1:colcon.colcon_core.environment:checking '/home/lulu/ros2_tutorial/ws01_plumbing/install/cpp01_topic' for CMake module files
[3.419s] Level 1:colcon.colcon_core.environment:checking '/home/lulu/ros2_tutorial/ws01_plumbing/install/cpp01_topic' for CMake config files
[3.419s] Level 1:colcon.colcon_core.shell:create_environment_hook('cpp01_topic', 'cmake_prefix_path')
[3.419s] INFO:colcon.colcon_core.shell:Creating environment hook '/home/lulu/ros2_tutorial/ws01_plumbing/install/cpp01_topic/share/cpp01_topic/hook/cmake_prefix_path.ps1'
[3.419s] INFO:colcon.colcon_core.shell:Creating environment descriptor '/home/lulu/ros2_tutorial/ws01_plumbing/install/cpp01_topic/share/cpp01_topic/hook/cmake_prefix_path.dsv'
[3.419s] INFO:colcon.colcon_core.shell:Creating environment hook '/home/lulu/ros2_tutorial/ws01_plumbing/install/cpp01_topic/share/cpp01_topic/hook/cmake_prefix_path.sh'
[3.420s] Level 1:colcon.colcon_core.environment:checking '/home/lulu/ros2_tutorial/ws01_plumbing/install/cpp01_topic/lib'
[3.420s] Level 1:colcon.colcon_core.environment:checking '/home/lulu/ros2_tutorial/ws01_plumbing/install/cpp01_topic/bin'
[3.420s] Level 1:colcon.colcon_core.environment:checking '/home/lulu/ros2_tutorial/ws01_plumbing/install/cpp01_topic/lib/pkgconfig/cpp01_topic.pc'
[3.420s] Level 1:colcon.colcon_core.environment:checking '/home/lulu/ros2_tutorial/ws01_plumbing/install/cpp01_topic/lib/python3.10/site-packages'
[3.420s] Level 1:colcon.colcon_core.environment:checking '/home/lulu/ros2_tutorial/ws01_plumbing/install/cpp01_topic/bin'
[3.420s] INFO:colcon.colcon_core.shell:Creating package script '/home/lulu/ros2_tutorial/ws01_plumbing/install/cpp01_topic/share/cpp01_topic/package.ps1'
[3.420s] INFO:colcon.colcon_core.shell:Creating package descriptor '/home/lulu/ros2_tutorial/ws01_plumbing/install/cpp01_topic/share/cpp01_topic/package.dsv'
[3.420s] INFO:colcon.colcon_core.shell:Creating package script '/home/lulu/ros2_tutorial/ws01_plumbing/install/cpp01_topic/share/cpp01_topic/package.sh'
[3.421s] INFO:colcon.colcon_core.shell:Creating package script '/home/lulu/ros2_tutorial/ws01_plumbing/install/cpp01_topic/share/cpp01_topic/package.bash'
[3.421s] INFO:colcon.colcon_core.shell:Creating package script '/home/lulu/ros2_tutorial/ws01_plumbing/install/cpp01_topic/share/cpp01_topic/package.zsh'
[3.421s] Level 1:colcon.colcon_core.environment:create_file_with_runtime_dependencies(/home/lulu/ros2_tutorial/ws01_plumbing/install/cpp01_topic/share/colcon-core/packages/cpp01_topic)
[3.421s] DEBUG:colcon.colcon_parallel_executor.executor.parallel:closing loop
[3.421s] DEBUG:colcon.colcon_parallel_executor.executor.parallel:loop closed
[3.421s] DEBUG:colcon.colcon_parallel_executor.executor.parallel:run_until_complete finished with '0'
[3.421s] DEBUG:colcon.colcon_core.event_reactor:joining thread
[3.424s] INFO:colcon.colcon_core.plugin_system:Skipping extension 'colcon_notification.desktop_notification.terminal_notifier': Not used on non-Darwin systems
[3.424s] INFO:colcon.colcon_core.plugin_system:Skipping extension 'colcon_notification.desktop_notification.win32': Not used on non-Windows systems
[3.424s] INFO:colcon.colcon_notification.desktop_notification:Sending desktop notification using 'notify2'
[3.430s] DEBUG:colcon.colcon_core.event_reactor:joined thread
[3.430s] INFO:colcon.colcon_core.shell:Creating prefix script '/home/lulu/ros2_tutorial/ws01_plumbing/install/local_setup.ps1'
[3.431s] INFO:colcon.colcon_core.shell:Creating prefix util module '/home/lulu/ros2_tutorial/ws01_plumbing/install/_local_setup_util_ps1.py'
[3.431s] INFO:colcon.colcon_core.shell:Creating prefix chain script '/home/lulu/ros2_tutorial/ws01_plumbing/install/setup.ps1'
[3.432s] INFO:colcon.colcon_core.shell:Creating prefix script '/home/lulu/ros2_tutorial/ws01_plumbing/install/local_setup.sh'
[3.432s] INFO:colcon.colcon_core.shell:Creating prefix util module '/home/lulu/ros2_tutorial/ws01_plumbing/install/_local_setup_util_sh.py'
[3.432s] INFO:colcon.colcon_core.shell:Creating prefix chain script '/home/lulu/ros2_tutorial/ws01_plumbing/install/setup.sh'
[3.432s] INFO:colcon.colcon_core.shell:Creating prefix script '/home/lulu/ros2_tutorial/ws01_plumbing/install/local_setup.bash'
[3.433s] INFO:colcon.colcon_core.shell:Creating prefix chain script '/home/lulu/ros2_tutorial/ws01_plumbing/install/setup.bash'
[3.433s] INFO:colcon.colcon_core.shell:Creating prefix script '/home/lulu/ros2_tutorial/ws01_plumbing/install/local_setup.zsh'
[3.433s] INFO:colcon.colcon_core.shell:Creating prefix chain script '/home/lulu/ros2_tutorial/ws01_plumbing/install/setup.zsh'
