[0.081s] DEBUG:colcon:Command line arguments: ['/usr/bin/colcon', 'build', '--symlink-install']
[0.081s] DEBUG:colcon:Parsed command line arguments: Namespace(log_base=None, log_level=None, verb_name='build', build_base='build', install_base='install', merge_install=False, symlink_install=True, test_result_base=None, continue_on_error=False, executor='parallel', parallel_workers=20, event_handlers=None, ignore_user_meta=False, metas=['./colcon.meta'], base_paths=['.'], packages_ignore=None, packages_ignore_regex=None, paths=None, packages_up_to=None, packages_up_to_regex=None, packages_above=None, packages_above_and_dependencies=None, packages_above_depth=None, packages_select_by_dep=None, packages_skip_by_dep=None, packages_skip_up_to=None, packages_select_build_failed=False, packages_skip_build_finished=False, packages_select_test_failures=False, packages_skip_test_passed=False, packages_select=None, packages_skip=None, packages_select_regex=None, packages_skip_regex=None, packages_start=None, packages_end=None, allow_overriding=[], cmake_args=None, cmake_target=None, cmake_target_skip_unavailable=False, cmake_clean_cache=False, cmake_clean_first=False, cmake_force_configure=False, ament_cmake_args=None, catkin_cmake_args=None, catkin_skip_building_tests=False, verb_parser=<colcon_defaults.argument_parser.defaults.DefaultArgumentsDecorator object at 0x7496508a0c10>, verb_extension=<colcon_core.verb.build.BuildVerb object at 0x7496508a0640>, main=<bound method BuildVerb.main of <colcon_core.verb.build.BuildVerb object at 0x7496508a0640>>)
[0.167s] Level 1:colcon.colcon_core.package_discovery:discover_packages(colcon_meta) check parameters
[0.167s] Level 1:colcon.colcon_core.package_discovery:discover_packages(recursive) check parameters
[0.167s] Level 1:colcon.colcon_core.package_discovery:discover_packages(ignore) check parameters
[0.167s] Level 1:colcon.colcon_core.package_discovery:discover_packages(path) check parameters
[0.167s] Level 1:colcon.colcon_core.package_discovery:discover_packages(colcon_meta) discover
[0.167s] Level 1:colcon.colcon_core.package_discovery:discover_packages(recursive) discover
[0.167s] INFO:colcon.colcon_core.package_discovery:Crawling recursively for packages in '/home/lulu/ros2_tutorial/ws01_plumbing'
[0.167s] Level 1:colcon.colcon_core.package_identification:_identify(.) by extensions ['ignore', 'ignore_ament_install']
[0.168s] Level 1:colcon.colcon_core.package_identification:_identify(.) by extension 'ignore'
[0.168s] Level 1:colcon.colcon_core.package_identification:_identify(.) by extension 'ignore_ament_install'
[0.168s] Level 1:colcon.colcon_core.package_identification:_identify(.) by extensions ['colcon_pkg']
[0.168s] Level 1:colcon.colcon_core.package_identification:_identify(.) by extension 'colcon_pkg'
[0.168s] Level 1:colcon.colcon_core.package_identification:_identify(.) by extensions ['colcon_meta']
[0.168s] Level 1:colcon.colcon_core.package_identification:_identify(.) by extension 'colcon_meta'
[0.168s] Level 1:colcon.colcon_core.package_identification:_identify(.) by extensions ['ros']
[0.168s] Level 1:colcon.colcon_core.package_identification:_identify(.) by extension 'ros'
[0.185s] Level 1:colcon.colcon_core.package_identification:_identify(.) by extensions ['cmake', 'python']
[0.185s] Level 1:colcon.colcon_core.package_identification:_identify(.) by extension 'cmake'
[0.185s] Level 1:colcon.colcon_core.package_identification:_identify(.) by extension 'python'
[0.185s] Level 1:colcon.colcon_core.package_identification:_identify(.) by extensions ['python_setup_py']
[0.185s] Level 1:colcon.colcon_core.package_identification:_identify(.) by extension 'python_setup_py'
[0.185s] Level 1:colcon.colcon_core.package_identification:_identify(build) by extensions ['ignore', 'ignore_ament_install']
[0.185s] Level 1:colcon.colcon_core.package_identification:_identify(build) by extension 'ignore'
[0.185s] Level 1:colcon.colcon_core.package_identification:_identify(build) ignored
[0.185s] Level 1:colcon.colcon_core.package_identification:_identify(install) by extensions ['ignore', 'ignore_ament_install']
[0.185s] Level 1:colcon.colcon_core.package_identification:_identify(install) by extension 'ignore'
[0.185s] Level 1:colcon.colcon_core.package_identification:_identify(install) ignored
[0.185s] Level 1:colcon.colcon_core.package_identification:_identify(log) by extensions ['ignore', 'ignore_ament_install']
[0.185s] Level 1:colcon.colcon_core.package_identification:_identify(log) by extension 'ignore'
[0.185s] Level 1:colcon.colcon_core.package_identification:_identify(log) ignored
[0.185s] Level 1:colcon.colcon_core.package_identification:_identify(src) by extensions ['ignore', 'ignore_ament_install']
[0.185s] Level 1:colcon.colcon_core.package_identification:_identify(src) by extension 'ignore'
[0.185s] Level 1:colcon.colcon_core.package_identification:_identify(src) by extension 'ignore_ament_install'
[0.185s] Level 1:colcon.colcon_core.package_identification:_identify(src) by extensions ['colcon_pkg']
[0.185s] Level 1:colcon.colcon_core.package_identification:_identify(src) by extension 'colcon_pkg'
[0.185s] Level 1:colcon.colcon_core.package_identification:_identify(src) by extensions ['colcon_meta']
[0.185s] Level 1:colcon.colcon_core.package_identification:_identify(src) by extension 'colcon_meta'
[0.185s] Level 1:colcon.colcon_core.package_identification:_identify(src) by extensions ['ros']
[0.185s] Level 1:colcon.colcon_core.package_identification:_identify(src) by extension 'ros'
[0.185s] Level 1:colcon.colcon_core.package_identification:_identify(src) by extensions ['cmake', 'python']
[0.185s] Level 1:colcon.colcon_core.package_identification:_identify(src) by extension 'cmake'
[0.185s] Level 1:colcon.colcon_core.package_identification:_identify(src) by extension 'python'
[0.185s] Level 1:colcon.colcon_core.package_identification:_identify(src) by extensions ['python_setup_py']
[0.185s] Level 1:colcon.colcon_core.package_identification:_identify(src) by extension 'python_setup_py'
[0.185s] Level 1:colcon.colcon_core.package_identification:_identify(src/base_interfaces_demo) by extensions ['ignore', 'ignore_ament_install']
[0.185s] Level 1:colcon.colcon_core.package_identification:_identify(src/base_interfaces_demo) by extension 'ignore'
[0.185s] Level 1:colcon.colcon_core.package_identification:_identify(src/base_interfaces_demo) by extension 'ignore_ament_install'
[0.185s] Level 1:colcon.colcon_core.package_identification:_identify(src/base_interfaces_demo) by extensions ['colcon_pkg']
[0.185s] Level 1:colcon.colcon_core.package_identification:_identify(src/base_interfaces_demo) by extension 'colcon_pkg'
[0.185s] Level 1:colcon.colcon_core.package_identification:_identify(src/base_interfaces_demo) by extensions ['colcon_meta']
[0.185s] Level 1:colcon.colcon_core.package_identification:_identify(src/base_interfaces_demo) by extension 'colcon_meta'
[0.185s] Level 1:colcon.colcon_core.package_identification:_identify(src/base_interfaces_demo) by extensions ['ros']
[0.185s] Level 1:colcon.colcon_core.package_identification:_identify(src/base_interfaces_demo) by extension 'ros'
[0.187s] DEBUG:colcon.colcon_core.package_identification:Package 'src/base_interfaces_demo' with type 'ros.ament_cmake' and name 'base_interfaces_demo'
[0.187s] Level 1:colcon.colcon_core.package_identification:_identify(src/cpp01_topic) by extensions ['ignore', 'ignore_ament_install']
[0.187s] Level 1:colcon.colcon_core.package_identification:_identify(src/cpp01_topic) by extension 'ignore'
[0.187s] Level 1:colcon.colcon_core.package_identification:_identify(src/cpp01_topic) by extension 'ignore_ament_install'
[0.187s] Level 1:colcon.colcon_core.package_identification:_identify(src/cpp01_topic) by extensions ['colcon_pkg']
[0.187s] Level 1:colcon.colcon_core.package_identification:_identify(src/cpp01_topic) by extension 'colcon_pkg'
[0.187s] Level 1:colcon.colcon_core.package_identification:_identify(src/cpp01_topic) by extensions ['colcon_meta']
[0.187s] Level 1:colcon.colcon_core.package_identification:_identify(src/cpp01_topic) by extension 'colcon_meta'
[0.187s] Level 1:colcon.colcon_core.package_identification:_identify(src/cpp01_topic) by extensions ['ros']
[0.187s] Level 1:colcon.colcon_core.package_identification:_identify(src/cpp01_topic) by extension 'ros'
[0.187s] DEBUG:colcon.colcon_core.package_identification:Package 'src/cpp01_topic' with type 'ros.ament_cmake' and name 'cpp01_topic'
[0.187s] Level 1:colcon.colcon_core.package_identification:_identify(src/py01_topic) by extensions ['ignore', 'ignore_ament_install']
[0.187s] Level 1:colcon.colcon_core.package_identification:_identify(src/py01_topic) by extension 'ignore'
[0.187s] Level 1:colcon.colcon_core.package_identification:_identify(src/py01_topic) by extension 'ignore_ament_install'
[0.187s] Level 1:colcon.colcon_core.package_identification:_identify(src/py01_topic) by extensions ['colcon_pkg']
[0.187s] Level 1:colcon.colcon_core.package_identification:_identify(src/py01_topic) by extension 'colcon_pkg'
[0.187s] Level 1:colcon.colcon_core.package_identification:_identify(src/py01_topic) by extensions ['colcon_meta']
[0.187s] Level 1:colcon.colcon_core.package_identification:_identify(src/py01_topic) by extension 'colcon_meta'
[0.187s] Level 1:colcon.colcon_core.package_identification:_identify(src/py01_topic) by extensions ['ros']
[0.187s] Level 1:colcon.colcon_core.package_identification:_identify(src/py01_topic) by extension 'ros'
[0.188s] DEBUG:colcon.colcon_core.package_identification:Package 'src/py01_topic' with type 'ros.ament_python' and name 'py01_topic'
[0.188s] Level 1:colcon.colcon_core.package_identification:_identify(src/py02_service) by extensions ['ignore', 'ignore_ament_install']
[0.188s] Level 1:colcon.colcon_core.package_identification:_identify(src/py02_service) by extension 'ignore'
[0.188s] Level 1:colcon.colcon_core.package_identification:_identify(src/py02_service) by extension 'ignore_ament_install'
[0.188s] Level 1:colcon.colcon_core.package_identification:_identify(src/py02_service) by extensions ['colcon_pkg']
[0.188s] Level 1:colcon.colcon_core.package_identification:_identify(src/py02_service) by extension 'colcon_pkg'
[0.188s] Level 1:colcon.colcon_core.package_identification:_identify(src/py02_service) by extensions ['colcon_meta']
[0.188s] Level 1:colcon.colcon_core.package_identification:_identify(src/py02_service) by extension 'colcon_meta'
[0.188s] Level 1:colcon.colcon_core.package_identification:_identify(src/py02_service) by extensions ['ros']
[0.188s] Level 1:colcon.colcon_core.package_identification:_identify(src/py02_service) by extension 'ros'
[0.188s] DEBUG:colcon.colcon_core.package_identification:Package 'src/py02_service' with type 'ros.ament_python' and name 'py02_service'
[0.188s] Level 1:colcon.colcon_core.package_identification:_identify(src/py03_action) by extensions ['ignore', 'ignore_ament_install']
[0.188s] Level 1:colcon.colcon_core.package_identification:_identify(src/py03_action) by extension 'ignore'
[0.188s] Level 1:colcon.colcon_core.package_identification:_identify(src/py03_action) by extension 'ignore_ament_install'
[0.188s] Level 1:colcon.colcon_core.package_identification:_identify(src/py03_action) by extensions ['colcon_pkg']
[0.188s] Level 1:colcon.colcon_core.package_identification:_identify(src/py03_action) by extension 'colcon_pkg'
[0.188s] Level 1:colcon.colcon_core.package_identification:_identify(src/py03_action) by extensions ['colcon_meta']
[0.188s] Level 1:colcon.colcon_core.package_identification:_identify(src/py03_action) by extension 'colcon_meta'
[0.188s] Level 1:colcon.colcon_core.package_identification:_identify(src/py03_action) by extensions ['ros']
[0.188s] Level 1:colcon.colcon_core.package_identification:_identify(src/py03_action) by extension 'ros'
[0.189s] DEBUG:colcon.colcon_core.package_identification:Package 'src/py03_action' with type 'ros.ament_python' and name 'py03_action'
[0.189s] Level 1:colcon.colcon_core.package_discovery:discover_packages(recursive) using defaults
[0.189s] Level 1:colcon.colcon_core.package_discovery:discover_packages(ignore) discover
[0.189s] Level 1:colcon.colcon_core.package_discovery:discover_packages(ignore) using defaults
[0.189s] Level 1:colcon.colcon_core.package_discovery:discover_packages(path) discover
[0.189s] Level 1:colcon.colcon_core.package_discovery:discover_packages(path) using defaults
[0.198s] Level 1:colcon.colcon_core.package_discovery:discover_packages(prefix_path) check parameters
[0.198s] Level 1:colcon.colcon_core.package_discovery:discover_packages(prefix_path) discover
[0.199s] DEBUG:colcon.colcon_installed_package_information.package_discovery:Found 5 installed packages in /home/lulu/ros2_tutorial/ws01_plumbing/install
[0.200s] DEBUG:colcon.colcon_installed_package_information.package_discovery:Found 421 installed packages in /opt/ros/humble
[0.200s] Level 1:colcon.colcon_core.package_discovery:discover_packages(prefix_path) using defaults
[0.222s] Level 5:colcon.colcon_core.verb:set package 'base_interfaces_demo' build argument 'cmake_args' from command line to 'None'
[0.222s] Level 5:colcon.colcon_core.verb:set package 'base_interfaces_demo' build argument 'cmake_target' from command line to 'None'
[0.222s] Level 5:colcon.colcon_core.verb:set package 'base_interfaces_demo' build argument 'cmake_target_skip_unavailable' from command line to 'False'
[0.222s] Level 5:colcon.colcon_core.verb:set package 'base_interfaces_demo' build argument 'cmake_clean_cache' from command line to 'False'
[0.222s] Level 5:colcon.colcon_core.verb:set package 'base_interfaces_demo' build argument 'cmake_clean_first' from command line to 'False'
[0.222s] Level 5:colcon.colcon_core.verb:set package 'base_interfaces_demo' build argument 'cmake_force_configure' from command line to 'False'
[0.222s] Level 5:colcon.colcon_core.verb:set package 'base_interfaces_demo' build argument 'ament_cmake_args' from command line to 'None'
[0.222s] Level 5:colcon.colcon_core.verb:set package 'base_interfaces_demo' build argument 'catkin_cmake_args' from command line to 'None'
[0.222s] Level 5:colcon.colcon_core.verb:set package 'base_interfaces_demo' build argument 'catkin_skip_building_tests' from command line to 'False'
[0.222s] DEBUG:colcon.colcon_core.verb:Building package 'base_interfaces_demo' with the following arguments: {'ament_cmake_args': None, 'build_base': '/home/lulu/ros2_tutorial/ws01_plumbing/build/base_interfaces_demo', 'catkin_cmake_args': None, 'catkin_skip_building_tests': False, 'cmake_args': None, 'cmake_clean_cache': False, 'cmake_clean_first': False, 'cmake_force_configure': False, 'cmake_target': None, 'cmake_target_skip_unavailable': False, 'install_base': '/home/lulu/ros2_tutorial/ws01_plumbing/install/base_interfaces_demo', 'merge_install': False, 'path': '/home/lulu/ros2_tutorial/ws01_plumbing/src/base_interfaces_demo', 'symlink_install': True, 'test_result_base': None}
[0.222s] Level 5:colcon.colcon_core.verb:set package 'py01_topic' build argument 'cmake_args' from command line to 'None'
[0.222s] Level 5:colcon.colcon_core.verb:set package 'py01_topic' build argument 'cmake_target' from command line to 'None'
[0.222s] Level 5:colcon.colcon_core.verb:set package 'py01_topic' build argument 'cmake_target_skip_unavailable' from command line to 'False'
[0.222s] Level 5:colcon.colcon_core.verb:set package 'py01_topic' build argument 'cmake_clean_cache' from command line to 'False'
[0.222s] Level 5:colcon.colcon_core.verb:set package 'py01_topic' build argument 'cmake_clean_first' from command line to 'False'
[0.222s] Level 5:colcon.colcon_core.verb:set package 'py01_topic' build argument 'cmake_force_configure' from command line to 'False'
[0.222s] Level 5:colcon.colcon_core.verb:set package 'py01_topic' build argument 'ament_cmake_args' from command line to 'None'
[0.222s] Level 5:colcon.colcon_core.verb:set package 'py01_topic' build argument 'catkin_cmake_args' from command line to 'None'
[0.222s] Level 5:colcon.colcon_core.verb:set package 'py01_topic' build argument 'catkin_skip_building_tests' from command line to 'False'
[0.222s] DEBUG:colcon.colcon_core.verb:Building package 'py01_topic' with the following arguments: {'ament_cmake_args': None, 'build_base': '/home/lulu/ros2_tutorial/ws01_plumbing/build/py01_topic', 'catkin_cmake_args': None, 'catkin_skip_building_tests': False, 'cmake_args': None, 'cmake_clean_cache': False, 'cmake_clean_first': False, 'cmake_force_configure': False, 'cmake_target': None, 'cmake_target_skip_unavailable': False, 'install_base': '/home/lulu/ros2_tutorial/ws01_plumbing/install/py01_topic', 'merge_install': False, 'path': '/home/lulu/ros2_tutorial/ws01_plumbing/src/py01_topic', 'symlink_install': True, 'test_result_base': None}
[0.222s] Level 5:colcon.colcon_core.verb:set package 'cpp01_topic' build argument 'cmake_args' from command line to 'None'
[0.222s] Level 5:colcon.colcon_core.verb:set package 'cpp01_topic' build argument 'cmake_target' from command line to 'None'
[0.222s] Level 5:colcon.colcon_core.verb:set package 'cpp01_topic' build argument 'cmake_target_skip_unavailable' from command line to 'False'
[0.222s] Level 5:colcon.colcon_core.verb:set package 'cpp01_topic' build argument 'cmake_clean_cache' from command line to 'False'
[0.222s] Level 5:colcon.colcon_core.verb:set package 'cpp01_topic' build argument 'cmake_clean_first' from command line to 'False'
[0.222s] Level 5:colcon.colcon_core.verb:set package 'cpp01_topic' build argument 'cmake_force_configure' from command line to 'False'
[0.222s] Level 5:colcon.colcon_core.verb:set package 'cpp01_topic' build argument 'ament_cmake_args' from command line to 'None'
[0.222s] Level 5:colcon.colcon_core.verb:set package 'cpp01_topic' build argument 'catkin_cmake_args' from command line to 'None'
[0.222s] Level 5:colcon.colcon_core.verb:set package 'cpp01_topic' build argument 'catkin_skip_building_tests' from command line to 'False'
[0.222s] DEBUG:colcon.colcon_core.verb:Building package 'cpp01_topic' with the following arguments: {'ament_cmake_args': None, 'build_base': '/home/lulu/ros2_tutorial/ws01_plumbing/build/cpp01_topic', 'catkin_cmake_args': None, 'catkin_skip_building_tests': False, 'cmake_args': None, 'cmake_clean_cache': False, 'cmake_clean_first': False, 'cmake_force_configure': False, 'cmake_target': None, 'cmake_target_skip_unavailable': False, 'install_base': '/home/lulu/ros2_tutorial/ws01_plumbing/install/cpp01_topic', 'merge_install': False, 'path': '/home/lulu/ros2_tutorial/ws01_plumbing/src/cpp01_topic', 'symlink_install': True, 'test_result_base': None}
[0.222s] Level 5:colcon.colcon_core.verb:set package 'py02_service' build argument 'cmake_args' from command line to 'None'
[0.222s] Level 5:colcon.colcon_core.verb:set package 'py02_service' build argument 'cmake_target' from command line to 'None'
[0.222s] Level 5:colcon.colcon_core.verb:set package 'py02_service' build argument 'cmake_target_skip_unavailable' from command line to 'False'
[0.222s] Level 5:colcon.colcon_core.verb:set package 'py02_service' build argument 'cmake_clean_cache' from command line to 'False'
[0.222s] Level 5:colcon.colcon_core.verb:set package 'py02_service' build argument 'cmake_clean_first' from command line to 'False'
[0.222s] Level 5:colcon.colcon_core.verb:set package 'py02_service' build argument 'cmake_force_configure' from command line to 'False'
[0.222s] Level 5:colcon.colcon_core.verb:set package 'py02_service' build argument 'ament_cmake_args' from command line to 'None'
[0.222s] Level 5:colcon.colcon_core.verb:set package 'py02_service' build argument 'catkin_cmake_args' from command line to 'None'
[0.222s] Level 5:colcon.colcon_core.verb:set package 'py02_service' build argument 'catkin_skip_building_tests' from command line to 'False'
[0.222s] DEBUG:colcon.colcon_core.verb:Building package 'py02_service' with the following arguments: {'ament_cmake_args': None, 'build_base': '/home/lulu/ros2_tutorial/ws01_plumbing/build/py02_service', 'catkin_cmake_args': None, 'catkin_skip_building_tests': False, 'cmake_args': None, 'cmake_clean_cache': False, 'cmake_clean_first': False, 'cmake_force_configure': False, 'cmake_target': None, 'cmake_target_skip_unavailable': False, 'install_base': '/home/lulu/ros2_tutorial/ws01_plumbing/install/py02_service', 'merge_install': False, 'path': '/home/lulu/ros2_tutorial/ws01_plumbing/src/py02_service', 'symlink_install': True, 'test_result_base': None}
[0.223s] Level 5:colcon.colcon_core.verb:set package 'py03_action' build argument 'cmake_args' from command line to 'None'
[0.223s] Level 5:colcon.colcon_core.verb:set package 'py03_action' build argument 'cmake_target' from command line to 'None'
[0.223s] Level 5:colcon.colcon_core.verb:set package 'py03_action' build argument 'cmake_target_skip_unavailable' from command line to 'False'
[0.223s] Level 5:colcon.colcon_core.verb:set package 'py03_action' build argument 'cmake_clean_cache' from command line to 'False'
[0.223s] Level 5:colcon.colcon_core.verb:set package 'py03_action' build argument 'cmake_clean_first' from command line to 'False'
[0.223s] Level 5:colcon.colcon_core.verb:set package 'py03_action' build argument 'cmake_force_configure' from command line to 'False'
[0.223s] Level 5:colcon.colcon_core.verb:set package 'py03_action' build argument 'ament_cmake_args' from command line to 'None'
[0.223s] Level 5:colcon.colcon_core.verb:set package 'py03_action' build argument 'catkin_cmake_args' from command line to 'None'
[0.223s] Level 5:colcon.colcon_core.verb:set package 'py03_action' build argument 'catkin_skip_building_tests' from command line to 'False'
[0.223s] DEBUG:colcon.colcon_core.verb:Building package 'py03_action' with the following arguments: {'ament_cmake_args': None, 'build_base': '/home/lulu/ros2_tutorial/ws01_plumbing/build/py03_action', 'catkin_cmake_args': None, 'catkin_skip_building_tests': False, 'cmake_args': None, 'cmake_clean_cache': False, 'cmake_clean_first': False, 'cmake_force_configure': False, 'cmake_target': None, 'cmake_target_skip_unavailable': False, 'install_base': '/home/lulu/ros2_tutorial/ws01_plumbing/install/py03_action', 'merge_install': False, 'path': '/home/lulu/ros2_tutorial/ws01_plumbing/src/py03_action', 'symlink_install': True, 'test_result_base': None}
[0.223s] INFO:colcon.colcon_core.executor:Executing jobs using 'parallel' executor
[0.224s] DEBUG:colcon.colcon_parallel_executor.executor.parallel:run_until_complete
[0.225s] INFO:colcon.colcon_ros.task.ament_cmake.build:Building ROS package in '/home/lulu/ros2_tutorial/ws01_plumbing/src/base_interfaces_demo' with build type 'ament_cmake'
[0.225s] INFO:colcon.colcon_cmake.task.cmake.build:Building CMake package in '/home/lulu/ros2_tutorial/ws01_plumbing/src/base_interfaces_demo'
[0.227s] INFO:colcon.colcon_core.plugin_system:Skipping extension 'colcon_core.shell.bat': Not used on non-Windows systems
[0.227s] INFO:colcon.colcon_core.shell:Skip shell extension 'powershell' for command environment: Not usable outside of PowerShell
[0.227s] DEBUG:colcon.colcon_core.shell:Skip shell extension 'dsv' for command environment
[0.231s] INFO:colcon.colcon_ros.task.ament_python.build:Building ROS package in '/home/lulu/ros2_tutorial/ws01_plumbing/src/py01_topic' with build type 'ament_python'
[0.231s] Level 1:colcon.colcon_core.shell:create_environment_hook('py01_topic', 'ament_prefix_path')
[0.232s] INFO:colcon.colcon_core.shell:Creating environment hook '/home/lulu/ros2_tutorial/ws01_plumbing/install/py01_topic/share/py01_topic/hook/ament_prefix_path.ps1'
[0.232s] INFO:colcon.colcon_core.shell:Creating environment descriptor '/home/lulu/ros2_tutorial/ws01_plumbing/install/py01_topic/share/py01_topic/hook/ament_prefix_path.dsv'
[0.233s] INFO:colcon.colcon_core.shell:Creating environment hook '/home/lulu/ros2_tutorial/ws01_plumbing/install/py01_topic/share/py01_topic/hook/ament_prefix_path.sh'
[0.234s] INFO:colcon.colcon_core.shell:Skip shell extension 'powershell' for command environment: Not usable outside of PowerShell
[0.234s] DEBUG:colcon.colcon_core.shell:Skip shell extension 'dsv' for command environment
[0.243s] DEBUG:colcon.colcon_core.event_handler.log_command:Invoking command in '/home/lulu/ros2_tutorial/ws01_plumbing/build/base_interfaces_demo': CMAKE_PREFIX_PATH=${CMAKE_PREFIX_PATH}:/home/lulu/ros2_tutorial/ws01_plumbing/install/py03_action:/home/lulu/ros2_tutorial/ws01_plumbing/install/py02_service:/home/lulu/ros2_tutorial/ws01_plumbing/install/py01_topic:/opt/ros/humble /usr/bin/cmake --build /home/lulu/ros2_tutorial/ws01_plumbing/build/base_interfaces_demo -- -j20 -l20
[0.383s] INFO:colcon.colcon_core.task.python.build:Building Python package in '/home/lulu/ros2_tutorial/ws01_plumbing/src/py01_topic'
[0.383s] INFO:colcon.colcon_core.shell:Skip shell extension 'powershell' for command environment: Not usable outside of PowerShell
[0.383s] DEBUG:colcon.colcon_core.shell:Skip shell extension 'dsv' for command environment
[0.445s] DEBUG:colcon.colcon_core.event_handler.log_command:Invoked command in '/home/lulu/ros2_tutorial/ws01_plumbing/build/base_interfaces_demo' returned '0': CMAKE_PREFIX_PATH=${CMAKE_PREFIX_PATH}:/home/lulu/ros2_tutorial/ws01_plumbing/install/py03_action:/home/lulu/ros2_tutorial/ws01_plumbing/install/py02_service:/home/lulu/ros2_tutorial/ws01_plumbing/install/py01_topic:/opt/ros/humble /usr/bin/cmake --build /home/lulu/ros2_tutorial/ws01_plumbing/build/base_interfaces_demo -- -j20 -l20
[0.450s] DEBUG:colcon.colcon_core.event_handler.log_command:Invoking command in '/home/lulu/ros2_tutorial/ws01_plumbing/build/base_interfaces_demo': CMAKE_PREFIX_PATH=${CMAKE_PREFIX_PATH}:/home/lulu/ros2_tutorial/ws01_plumbing/install/py03_action:/home/lulu/ros2_tutorial/ws01_plumbing/install/py02_service:/home/lulu/ros2_tutorial/ws01_plumbing/install/py01_topic:/opt/ros/humble /usr/bin/cmake --install /home/lulu/ros2_tutorial/ws01_plumbing/build/base_interfaces_demo
[0.495s] Level 1:colcon.colcon_core.environment:create_environment_scripts_only(base_interfaces_demo)
[0.495s] DEBUG:colcon.colcon_core.event_handler.log_command:Invoked command in '/home/lulu/ros2_tutorial/ws01_plumbing/build/base_interfaces_demo' returned '0': CMAKE_PREFIX_PATH=${CMAKE_PREFIX_PATH}:/home/lulu/ros2_tutorial/ws01_plumbing/install/py03_action:/home/lulu/ros2_tutorial/ws01_plumbing/install/py02_service:/home/lulu/ros2_tutorial/ws01_plumbing/install/py01_topic:/opt/ros/humble /usr/bin/cmake --install /home/lulu/ros2_tutorial/ws01_plumbing/build/base_interfaces_demo
[0.496s] Level 1:colcon.colcon_core.environment:checking '/home/lulu/ros2_tutorial/ws01_plumbing/install/base_interfaces_demo' for CMake module files
[0.497s] Level 1:colcon.colcon_core.environment:checking '/home/lulu/ros2_tutorial/ws01_plumbing/install/base_interfaces_demo' for CMake config files
[0.497s] Level 1:colcon.colcon_core.shell:create_environment_hook('base_interfaces_demo', 'cmake_prefix_path')
[0.497s] INFO:colcon.colcon_core.shell:Creating environment hook '/home/lulu/ros2_tutorial/ws01_plumbing/install/base_interfaces_demo/share/base_interfaces_demo/hook/cmake_prefix_path.ps1'
[0.497s] INFO:colcon.colcon_core.shell:Creating environment descriptor '/home/lulu/ros2_tutorial/ws01_plumbing/install/base_interfaces_demo/share/base_interfaces_demo/hook/cmake_prefix_path.dsv'
[0.497s] INFO:colcon.colcon_core.shell:Creating environment hook '/home/lulu/ros2_tutorial/ws01_plumbing/install/base_interfaces_demo/share/base_interfaces_demo/hook/cmake_prefix_path.sh'
[0.498s] Level 1:colcon.colcon_core.environment:checking '/home/lulu/ros2_tutorial/ws01_plumbing/install/base_interfaces_demo/lib'
[0.498s] Level 1:colcon.colcon_core.shell:create_environment_hook('base_interfaces_demo', 'ld_library_path_lib')
[0.498s] INFO:colcon.colcon_core.shell:Creating environment hook '/home/lulu/ros2_tutorial/ws01_plumbing/install/base_interfaces_demo/share/base_interfaces_demo/hook/ld_library_path_lib.ps1'
[0.498s] INFO:colcon.colcon_core.shell:Creating environment descriptor '/home/lulu/ros2_tutorial/ws01_plumbing/install/base_interfaces_demo/share/base_interfaces_demo/hook/ld_library_path_lib.dsv'
[0.498s] INFO:colcon.colcon_core.shell:Creating environment hook '/home/lulu/ros2_tutorial/ws01_plumbing/install/base_interfaces_demo/share/base_interfaces_demo/hook/ld_library_path_lib.sh'
[0.498s] Level 1:colcon.colcon_core.environment:checking '/home/lulu/ros2_tutorial/ws01_plumbing/install/base_interfaces_demo/bin'
[0.498s] Level 1:colcon.colcon_core.environment:checking '/home/lulu/ros2_tutorial/ws01_plumbing/install/base_interfaces_demo/lib/pkgconfig/base_interfaces_demo.pc'
[0.498s] Level 1:colcon.colcon_core.environment:checking '/home/lulu/ros2_tutorial/ws01_plumbing/install/base_interfaces_demo/lib/python3.10/site-packages'
[0.499s] Level 1:colcon.colcon_core.environment:checking '/home/lulu/ros2_tutorial/ws01_plumbing/install/base_interfaces_demo/bin'
[0.499s] INFO:colcon.colcon_core.shell:Creating package script '/home/lulu/ros2_tutorial/ws01_plumbing/install/base_interfaces_demo/share/base_interfaces_demo/package.ps1'
[0.499s] INFO:colcon.colcon_core.shell:Creating package descriptor '/home/lulu/ros2_tutorial/ws01_plumbing/install/base_interfaces_demo/share/base_interfaces_demo/package.dsv'
[0.499s] INFO:colcon.colcon_core.shell:Creating package script '/home/lulu/ros2_tutorial/ws01_plumbing/install/base_interfaces_demo/share/base_interfaces_demo/package.sh'
[0.500s] INFO:colcon.colcon_core.shell:Creating package script '/home/lulu/ros2_tutorial/ws01_plumbing/install/base_interfaces_demo/share/base_interfaces_demo/package.bash'
[0.500s] INFO:colcon.colcon_core.shell:Creating package script '/home/lulu/ros2_tutorial/ws01_plumbing/install/base_interfaces_demo/share/base_interfaces_demo/package.zsh'
[0.500s] Level 1:colcon.colcon_core.environment:create_file_with_runtime_dependencies(/home/lulu/ros2_tutorial/ws01_plumbing/install/base_interfaces_demo/share/colcon-core/packages/base_interfaces_demo)
[0.500s] Level 1:colcon.colcon_core.environment:create_environment_scripts_only(base_interfaces_demo)
[0.500s] Level 1:colcon.colcon_core.environment:checking '/home/lulu/ros2_tutorial/ws01_plumbing/install/base_interfaces_demo' for CMake module files
[0.501s] Level 1:colcon.colcon_core.environment:checking '/home/lulu/ros2_tutorial/ws01_plumbing/install/base_interfaces_demo' for CMake config files
[0.501s] Level 1:colcon.colcon_core.shell:create_environment_hook('base_interfaces_demo', 'cmake_prefix_path')
[0.501s] INFO:colcon.colcon_core.shell:Creating environment hook '/home/lulu/ros2_tutorial/ws01_plumbing/install/base_interfaces_demo/share/base_interfaces_demo/hook/cmake_prefix_path.ps1'
[0.501s] INFO:colcon.colcon_core.shell:Creating environment descriptor '/home/lulu/ros2_tutorial/ws01_plumbing/install/base_interfaces_demo/share/base_interfaces_demo/hook/cmake_prefix_path.dsv'
[0.501s] INFO:colcon.colcon_core.shell:Creating environment hook '/home/lulu/ros2_tutorial/ws01_plumbing/install/base_interfaces_demo/share/base_interfaces_demo/hook/cmake_prefix_path.sh'
[0.502s] Level 1:colcon.colcon_core.environment:checking '/home/lulu/ros2_tutorial/ws01_plumbing/install/base_interfaces_demo/lib'
[0.502s] Level 1:colcon.colcon_core.shell:create_environment_hook('base_interfaces_demo', 'ld_library_path_lib')
[0.502s] INFO:colcon.colcon_core.shell:Creating environment hook '/home/lulu/ros2_tutorial/ws01_plumbing/install/base_interfaces_demo/share/base_interfaces_demo/hook/ld_library_path_lib.ps1'
[0.502s] INFO:colcon.colcon_core.shell:Creating environment descriptor '/home/lulu/ros2_tutorial/ws01_plumbing/install/base_interfaces_demo/share/base_interfaces_demo/hook/ld_library_path_lib.dsv'
[0.502s] INFO:colcon.colcon_core.shell:Creating environment hook '/home/lulu/ros2_tutorial/ws01_plumbing/install/base_interfaces_demo/share/base_interfaces_demo/hook/ld_library_path_lib.sh'
[0.502s] Level 1:colcon.colcon_core.environment:checking '/home/lulu/ros2_tutorial/ws01_plumbing/install/base_interfaces_demo/bin'
[0.502s] Level 1:colcon.colcon_core.environment:checking '/home/lulu/ros2_tutorial/ws01_plumbing/install/base_interfaces_demo/lib/pkgconfig/base_interfaces_demo.pc'
[0.502s] Level 1:colcon.colcon_core.environment:checking '/home/lulu/ros2_tutorial/ws01_plumbing/install/base_interfaces_demo/lib/python3.10/site-packages'
[0.503s] Level 1:colcon.colcon_core.environment:checking '/home/lulu/ros2_tutorial/ws01_plumbing/install/base_interfaces_demo/bin'
[0.503s] INFO:colcon.colcon_core.shell:Creating package script '/home/lulu/ros2_tutorial/ws01_plumbing/install/base_interfaces_demo/share/base_interfaces_demo/package.ps1'
[0.503s] INFO:colcon.colcon_core.shell:Creating package descriptor '/home/lulu/ros2_tutorial/ws01_plumbing/install/base_interfaces_demo/share/base_interfaces_demo/package.dsv'
[0.503s] INFO:colcon.colcon_core.shell:Creating package script '/home/lulu/ros2_tutorial/ws01_plumbing/install/base_interfaces_demo/share/base_interfaces_demo/package.sh'
[0.503s] INFO:colcon.colcon_core.shell:Creating package script '/home/lulu/ros2_tutorial/ws01_plumbing/install/base_interfaces_demo/share/base_interfaces_demo/package.bash'
[0.503s] INFO:colcon.colcon_core.shell:Creating package script '/home/lulu/ros2_tutorial/ws01_plumbing/install/base_interfaces_demo/share/base_interfaces_demo/package.zsh'
[0.503s] Level 1:colcon.colcon_core.environment:create_file_with_runtime_dependencies(/home/lulu/ros2_tutorial/ws01_plumbing/install/base_interfaces_demo/share/colcon-core/packages/base_interfaces_demo)
[0.504s] INFO:colcon.colcon_ros.task.ament_cmake.build:Building ROS package in '/home/lulu/ros2_tutorial/ws01_plumbing/src/cpp01_topic' with build type 'ament_cmake'
[0.504s] INFO:colcon.colcon_cmake.task.cmake.build:Building CMake package in '/home/lulu/ros2_tutorial/ws01_plumbing/src/cpp01_topic'
[0.504s] INFO:colcon.colcon_core.shell:Skip shell extension 'powershell' for command environment: Not usable outside of PowerShell
[0.504s] DEBUG:colcon.colcon_core.shell:Skip shell extension 'dsv' for command environment
[0.506s] INFO:colcon.colcon_ros.task.ament_python.build:Building ROS package in '/home/lulu/ros2_tutorial/ws01_plumbing/src/py02_service' with build type 'ament_python'
[0.506s] Level 1:colcon.colcon_core.shell:create_environment_hook('py02_service', 'ament_prefix_path')
[0.506s] INFO:colcon.colcon_core.shell:Creating environment hook '/home/lulu/ros2_tutorial/ws01_plumbing/install/py02_service/share/py02_service/hook/ament_prefix_path.ps1'
[0.506s] INFO:colcon.colcon_core.shell:Creating environment descriptor '/home/lulu/ros2_tutorial/ws01_plumbing/install/py02_service/share/py02_service/hook/ament_prefix_path.dsv'
[0.506s] INFO:colcon.colcon_core.shell:Creating environment hook '/home/lulu/ros2_tutorial/ws01_plumbing/install/py02_service/share/py02_service/hook/ament_prefix_path.sh'
[0.507s] INFO:colcon.colcon_core.shell:Skip shell extension 'powershell' for command environment: Not usable outside of PowerShell
[0.507s] DEBUG:colcon.colcon_core.shell:Skip shell extension 'dsv' for command environment
[0.509s] INFO:colcon.colcon_ros.task.ament_python.build:Building ROS package in '/home/lulu/ros2_tutorial/ws01_plumbing/src/py03_action' with build type 'ament_python'
[0.509s] Level 1:colcon.colcon_core.shell:create_environment_hook('py03_action', 'ament_prefix_path')
[0.509s] INFO:colcon.colcon_core.shell:Creating environment hook '/home/lulu/ros2_tutorial/ws01_plumbing/install/py03_action/share/py03_action/hook/ament_prefix_path.ps1'
[0.512s] INFO:colcon.colcon_core.shell:Creating environment descriptor '/home/lulu/ros2_tutorial/ws01_plumbing/install/py03_action/share/py03_action/hook/ament_prefix_path.dsv'
[0.512s] INFO:colcon.colcon_core.shell:Creating environment hook '/home/lulu/ros2_tutorial/ws01_plumbing/install/py03_action/share/py03_action/hook/ament_prefix_path.sh'
[0.512s] INFO:colcon.colcon_core.shell:Skip shell extension 'powershell' for command environment: Not usable outside of PowerShell
[0.512s] DEBUG:colcon.colcon_core.shell:Skip shell extension 'dsv' for command environment
[0.518s] DEBUG:colcon.colcon_core.event_handler.log_command:Invoking command in '/home/lulu/ros2_tutorial/ws01_plumbing/build/cpp01_topic': CMAKE_PREFIX_PATH=/home/lulu/ros2_tutorial/ws01_plumbing/install/base_interfaces_demo:/home/lulu/ros2_tutorial/ws01_plumbing/install/cpp01_topic:/home/lulu/ros2_tutorial/ws01_plumbing/install/py03_action:/home/lulu/ros2_tutorial/ws01_plumbing/install/py02_service:/home/lulu/ros2_tutorial/ws01_plumbing/install/py01_topic:/opt/ros/humble /usr/bin/cmake --build /home/lulu/ros2_tutorial/ws01_plumbing/build/cpp01_topic -- -j20 -l20
[0.655s] INFO:colcon.colcon_core.task.python.build:Building Python package in '/home/lulu/ros2_tutorial/ws01_plumbing/src/py02_service'
[0.655s] INFO:colcon.colcon_core.shell:Skip shell extension 'powershell' for command environment: Not usable outside of PowerShell
[0.655s] DEBUG:colcon.colcon_core.shell:Skip shell extension 'dsv' for command environment
[0.792s] INFO:colcon.colcon_core.task.python.build:Building Python package in '/home/lulu/ros2_tutorial/ws01_plumbing/src/py03_action'
[0.793s] INFO:colcon.colcon_core.shell:Skip shell extension 'powershell' for command environment: Not usable outside of PowerShell
[0.793s] DEBUG:colcon.colcon_core.shell:Skip shell extension 'dsv' for command environment
[0.798s] DEBUG:colcon.colcon_core.event_handler.log_command:Invoking command in '/home/lulu/ros2_tutorial/ws01_plumbing/build/py01_topic': PYTHONPATH=/home/lulu/ros2_tutorial/ws01_plumbing/build/py01_topic/prefix_override:/usr/lib/python3/dist-packages/colcon_core/task/python/colcon_distutils_commands:/home/lulu/ros2_tutorial/ws01_plumbing/install/py01_topic/lib/python3.10/site-packages:${PYTHONPATH} /usr/bin/python3 -W ignore:setup.py install is deprecated -W ignore:easy_install command is deprecated setup.py develop --editable --build-directory /home/lulu/ros2_tutorial/ws01_plumbing/build/py01_topic/build --no-deps symlink_data
[0.798s] DEBUG:colcon.colcon_core.event_handler.log_command:Invoked command in '/home/lulu/ros2_tutorial/ws01_plumbing/build/cpp01_topic' returned '0': CMAKE_PREFIX_PATH=/home/lulu/ros2_tutorial/ws01_plumbing/install/base_interfaces_demo:/home/lulu/ros2_tutorial/ws01_plumbing/install/cpp01_topic:/home/lulu/ros2_tutorial/ws01_plumbing/install/py03_action:/home/lulu/ros2_tutorial/ws01_plumbing/install/py02_service:/home/lulu/ros2_tutorial/ws01_plumbing/install/py01_topic:/opt/ros/humble /usr/bin/cmake --build /home/lulu/ros2_tutorial/ws01_plumbing/build/cpp01_topic -- -j20 -l20
[0.799s] DEBUG:colcon.colcon_core.event_handler.log_command:Invoking command in '/home/lulu/ros2_tutorial/ws01_plumbing/build/cpp01_topic': CMAKE_PREFIX_PATH=/home/lulu/ros2_tutorial/ws01_plumbing/install/base_interfaces_demo:/home/lulu/ros2_tutorial/ws01_plumbing/install/cpp01_topic:/home/lulu/ros2_tutorial/ws01_plumbing/install/py03_action:/home/lulu/ros2_tutorial/ws01_plumbing/install/py02_service:/home/lulu/ros2_tutorial/ws01_plumbing/install/py01_topic:/opt/ros/humble /usr/bin/cmake --install /home/lulu/ros2_tutorial/ws01_plumbing/build/cpp01_topic
[0.816s] Level 1:colcon.colcon_core.environment:create_environment_scripts_only(cpp01_topic)
[0.816s] Level 1:colcon.colcon_core.environment:checking '/home/lulu/ros2_tutorial/ws01_plumbing/install/cpp01_topic' for CMake module files
[0.817s] DEBUG:colcon.colcon_core.event_handler.log_command:Invoked command in '/home/lulu/ros2_tutorial/ws01_plumbing/build/cpp01_topic' returned '0': CMAKE_PREFIX_PATH=/home/lulu/ros2_tutorial/ws01_plumbing/install/base_interfaces_demo:/home/lulu/ros2_tutorial/ws01_plumbing/install/cpp01_topic:/home/lulu/ros2_tutorial/ws01_plumbing/install/py03_action:/home/lulu/ros2_tutorial/ws01_plumbing/install/py02_service:/home/lulu/ros2_tutorial/ws01_plumbing/install/py01_topic:/opt/ros/humble /usr/bin/cmake --install /home/lulu/ros2_tutorial/ws01_plumbing/build/cpp01_topic
[0.817s] Level 1:colcon.colcon_core.environment:checking '/home/lulu/ros2_tutorial/ws01_plumbing/install/cpp01_topic' for CMake config files
[0.817s] Level 1:colcon.colcon_core.shell:create_environment_hook('cpp01_topic', 'cmake_prefix_path')
[0.817s] INFO:colcon.colcon_core.shell:Creating environment hook '/home/lulu/ros2_tutorial/ws01_plumbing/install/cpp01_topic/share/cpp01_topic/hook/cmake_prefix_path.ps1'
[0.817s] INFO:colcon.colcon_core.shell:Creating environment descriptor '/home/lulu/ros2_tutorial/ws01_plumbing/install/cpp01_topic/share/cpp01_topic/hook/cmake_prefix_path.dsv'
[0.817s] INFO:colcon.colcon_core.shell:Creating environment hook '/home/lulu/ros2_tutorial/ws01_plumbing/install/cpp01_topic/share/cpp01_topic/hook/cmake_prefix_path.sh'
[0.818s] Level 1:colcon.colcon_core.environment:checking '/home/lulu/ros2_tutorial/ws01_plumbing/install/cpp01_topic/lib'
[0.818s] Level 1:colcon.colcon_core.environment:checking '/home/lulu/ros2_tutorial/ws01_plumbing/install/cpp01_topic/bin'
[0.818s] Level 1:colcon.colcon_core.environment:checking '/home/lulu/ros2_tutorial/ws01_plumbing/install/cpp01_topic/lib/pkgconfig/cpp01_topic.pc'
[0.818s] Level 1:colcon.colcon_core.environment:checking '/home/lulu/ros2_tutorial/ws01_plumbing/install/cpp01_topic/lib/python3.10/site-packages'
[0.818s] Level 1:colcon.colcon_core.environment:checking '/home/lulu/ros2_tutorial/ws01_plumbing/install/cpp01_topic/bin'
[0.818s] INFO:colcon.colcon_core.shell:Creating package script '/home/lulu/ros2_tutorial/ws01_plumbing/install/cpp01_topic/share/cpp01_topic/package.ps1'
[0.818s] INFO:colcon.colcon_core.shell:Creating package descriptor '/home/lulu/ros2_tutorial/ws01_plumbing/install/cpp01_topic/share/cpp01_topic/package.dsv'
[0.818s] INFO:colcon.colcon_core.shell:Creating package script '/home/lulu/ros2_tutorial/ws01_plumbing/install/cpp01_topic/share/cpp01_topic/package.sh'
[0.819s] INFO:colcon.colcon_core.shell:Creating package script '/home/lulu/ros2_tutorial/ws01_plumbing/install/cpp01_topic/share/cpp01_topic/package.bash'
[0.819s] INFO:colcon.colcon_core.shell:Creating package script '/home/lulu/ros2_tutorial/ws01_plumbing/install/cpp01_topic/share/cpp01_topic/package.zsh'
[0.819s] Level 1:colcon.colcon_core.environment:create_file_with_runtime_dependencies(/home/lulu/ros2_tutorial/ws01_plumbing/install/cpp01_topic/share/colcon-core/packages/cpp01_topic)
[0.819s] Level 1:colcon.colcon_core.environment:create_environment_scripts_only(cpp01_topic)
[0.819s] Level 1:colcon.colcon_core.environment:checking '/home/lulu/ros2_tutorial/ws01_plumbing/install/cpp01_topic' for CMake module files
[0.819s] Level 1:colcon.colcon_core.environment:checking '/home/lulu/ros2_tutorial/ws01_plumbing/install/cpp01_topic' for CMake config files
[0.819s] Level 1:colcon.colcon_core.shell:create_environment_hook('cpp01_topic', 'cmake_prefix_path')
[0.819s] INFO:colcon.colcon_core.shell:Creating environment hook '/home/lulu/ros2_tutorial/ws01_plumbing/install/cpp01_topic/share/cpp01_topic/hook/cmake_prefix_path.ps1'
[0.831s] INFO:colcon.colcon_core.shell:Creating environment descriptor '/home/lulu/ros2_tutorial/ws01_plumbing/install/cpp01_topic/share/cpp01_topic/hook/cmake_prefix_path.dsv'
[0.831s] INFO:colcon.colcon_core.shell:Creating environment hook '/home/lulu/ros2_tutorial/ws01_plumbing/install/cpp01_topic/share/cpp01_topic/hook/cmake_prefix_path.sh'
[0.831s] Level 1:colcon.colcon_core.environment:checking '/home/lulu/ros2_tutorial/ws01_plumbing/install/cpp01_topic/lib'
[0.831s] Level 1:colcon.colcon_core.environment:checking '/home/lulu/ros2_tutorial/ws01_plumbing/install/cpp01_topic/bin'
[0.831s] Level 1:colcon.colcon_core.environment:checking '/home/lulu/ros2_tutorial/ws01_plumbing/install/cpp01_topic/lib/pkgconfig/cpp01_topic.pc'
[0.832s] Level 1:colcon.colcon_core.environment:checking '/home/lulu/ros2_tutorial/ws01_plumbing/install/cpp01_topic/lib/python3.10/site-packages'
[0.832s] Level 1:colcon.colcon_core.environment:checking '/home/lulu/ros2_tutorial/ws01_plumbing/install/cpp01_topic/bin'
[0.832s] INFO:colcon.colcon_core.shell:Creating package script '/home/lulu/ros2_tutorial/ws01_plumbing/install/cpp01_topic/share/cpp01_topic/package.ps1'
[0.832s] INFO:colcon.colcon_core.shell:Creating package descriptor '/home/lulu/ros2_tutorial/ws01_plumbing/install/cpp01_topic/share/cpp01_topic/package.dsv'
[0.832s] INFO:colcon.colcon_core.shell:Creating package script '/home/lulu/ros2_tutorial/ws01_plumbing/install/cpp01_topic/share/cpp01_topic/package.sh'
[0.832s] INFO:colcon.colcon_core.shell:Creating package script '/home/lulu/ros2_tutorial/ws01_plumbing/install/cpp01_topic/share/cpp01_topic/package.bash'
[0.833s] INFO:colcon.colcon_core.shell:Creating package script '/home/lulu/ros2_tutorial/ws01_plumbing/install/cpp01_topic/share/cpp01_topic/package.zsh'
[0.833s] Level 1:colcon.colcon_core.environment:create_file_with_runtime_dependencies(/home/lulu/ros2_tutorial/ws01_plumbing/install/cpp01_topic/share/colcon-core/packages/cpp01_topic)
[1.010s] DEBUG:colcon.colcon_core.event_handler.log_command:Invoking command in '/home/lulu/ros2_tutorial/ws01_plumbing/build/py03_action': CMAKE_PREFIX_PATH=/home/lulu/ros2_tutorial/ws01_plumbing/install/base_interfaces_demo:/home/lulu/ros2_tutorial/ws01_plumbing/install/cpp01_topic PYTHONPATH=/home/lulu/ros2_tutorial/ws01_plumbing/build/py03_action/prefix_override:/usr/lib/python3/dist-packages/colcon_core/task/python/colcon_distutils_commands:/home/lulu/ros2_tutorial/ws01_plumbing/install/py03_action/lib/python3.10/site-packages:${PYTHONPATH} /usr/bin/python3 -W ignore:setup.py install is deprecated -W ignore:easy_install command is deprecated setup.py develop --editable --build-directory /home/lulu/ros2_tutorial/ws01_plumbing/build/py03_action/build --no-deps symlink_data
[1.011s] DEBUG:colcon.colcon_core.event_handler.log_command:Invoking command in '/home/lulu/ros2_tutorial/ws01_plumbing/build/py02_service': CMAKE_PREFIX_PATH=/home/lulu/ros2_tutorial/ws01_plumbing/install/base_interfaces_demo:/home/lulu/ros2_tutorial/ws01_plumbing/install/cpp01_topic PYTHONPATH=/home/lulu/ros2_tutorial/ws01_plumbing/build/py02_service/prefix_override:/usr/lib/python3/dist-packages/colcon_core/task/python/colcon_distutils_commands:/home/lulu/ros2_tutorial/ws01_plumbing/install/py02_service/lib/python3.10/site-packages:${PYTHONPATH} /usr/bin/python3 -W ignore:setup.py install is deprecated -W ignore:easy_install command is deprecated setup.py develop --editable --build-directory /home/lulu/ros2_tutorial/ws01_plumbing/build/py02_service/build --no-deps symlink_data
[1.059s] Level 1:colcon.colcon_core.shell:create_environment_hook('py01_topic', 'pythonpath_develop')
[1.060s] INFO:colcon.colcon_core.shell:Creating environment hook '/home/lulu/ros2_tutorial/ws01_plumbing/build/py01_topic/share/py01_topic/hook/pythonpath_develop.ps1'
[1.060s] DEBUG:colcon.colcon_core.event_handler.log_command:Invoked command in '/home/lulu/ros2_tutorial/ws01_plumbing/build/py01_topic' returned '0': PYTHONPATH=/home/lulu/ros2_tutorial/ws01_plumbing/build/py01_topic/prefix_override:/usr/lib/python3/dist-packages/colcon_core/task/python/colcon_distutils_commands:/home/lulu/ros2_tutorial/ws01_plumbing/install/py01_topic/lib/python3.10/site-packages:${PYTHONPATH} /usr/bin/python3 -W ignore:setup.py install is deprecated -W ignore:easy_install command is deprecated setup.py develop --editable --build-directory /home/lulu/ros2_tutorial/ws01_plumbing/build/py01_topic/build --no-deps symlink_data
[1.060s] INFO:colcon.colcon_core.shell:Creating environment descriptor '/home/lulu/ros2_tutorial/ws01_plumbing/build/py01_topic/share/py01_topic/hook/pythonpath_develop.dsv'
[1.060s] INFO:colcon.colcon_core.shell:Creating environment hook '/home/lulu/ros2_tutorial/ws01_plumbing/build/py01_topic/share/py01_topic/hook/pythonpath_develop.sh'
[1.061s] Level 1:colcon.colcon_core.environment:checking '/home/lulu/ros2_tutorial/ws01_plumbing/install/py01_topic' for CMake module files
[1.061s] Level 1:colcon.colcon_core.environment:checking '/home/lulu/ros2_tutorial/ws01_plumbing/install/py01_topic' for CMake config files
[1.061s] Level 1:colcon.colcon_core.environment:checking '/home/lulu/ros2_tutorial/ws01_plumbing/install/py01_topic/lib'
[1.061s] Level 1:colcon.colcon_core.environment:checking '/home/lulu/ros2_tutorial/ws01_plumbing/install/py01_topic/bin'
[1.061s] Level 1:colcon.colcon_core.environment:checking '/home/lulu/ros2_tutorial/ws01_plumbing/install/py01_topic/lib/pkgconfig/py01_topic.pc'
[1.061s] Level 1:colcon.colcon_core.environment:checking '/home/lulu/ros2_tutorial/ws01_plumbing/install/py01_topic/lib/python3.10/site-packages'
[1.061s] Level 1:colcon.colcon_core.shell:create_environment_hook('py01_topic', 'pythonpath')
[1.061s] INFO:colcon.colcon_core.shell:Creating environment hook '/home/lulu/ros2_tutorial/ws01_plumbing/install/py01_topic/share/py01_topic/hook/pythonpath.ps1'
[1.061s] INFO:colcon.colcon_core.shell:Creating environment descriptor '/home/lulu/ros2_tutorial/ws01_plumbing/install/py01_topic/share/py01_topic/hook/pythonpath.dsv'
[1.062s] INFO:colcon.colcon_core.shell:Creating environment hook '/home/lulu/ros2_tutorial/ws01_plumbing/install/py01_topic/share/py01_topic/hook/pythonpath.sh'
[1.062s] Level 1:colcon.colcon_core.environment:checking '/home/lulu/ros2_tutorial/ws01_plumbing/install/py01_topic/bin'
[1.062s] Level 1:colcon.colcon_core.environment:create_environment_scripts_only(py01_topic)
[1.062s] INFO:colcon.colcon_core.shell:Creating package script '/home/lulu/ros2_tutorial/ws01_plumbing/install/py01_topic/share/py01_topic/package.ps1'
[1.062s] INFO:colcon.colcon_core.shell:Creating package descriptor '/home/lulu/ros2_tutorial/ws01_plumbing/install/py01_topic/share/py01_topic/package.dsv'
[1.062s] INFO:colcon.colcon_core.shell:Creating package script '/home/lulu/ros2_tutorial/ws01_plumbing/install/py01_topic/share/py01_topic/package.sh'
[1.063s] INFO:colcon.colcon_core.shell:Creating package script '/home/lulu/ros2_tutorial/ws01_plumbing/install/py01_topic/share/py01_topic/package.bash'
[1.063s] INFO:colcon.colcon_core.shell:Creating package script '/home/lulu/ros2_tutorial/ws01_plumbing/install/py01_topic/share/py01_topic/package.zsh'
[1.063s] Level 1:colcon.colcon_core.environment:create_file_with_runtime_dependencies(/home/lulu/ros2_tutorial/ws01_plumbing/install/py01_topic/share/colcon-core/packages/py01_topic)
[1.272s] Level 1:colcon.colcon_core.shell:create_environment_hook('py02_service', 'pythonpath_develop')
[1.273s] INFO:colcon.colcon_core.shell:Creating environment hook '/home/lulu/ros2_tutorial/ws01_plumbing/build/py02_service/share/py02_service/hook/pythonpath_develop.ps1'
[1.273s] DEBUG:colcon.colcon_core.event_handler.log_command:Invoked command in '/home/lulu/ros2_tutorial/ws01_plumbing/build/py02_service' returned '0': CMAKE_PREFIX_PATH=/home/lulu/ros2_tutorial/ws01_plumbing/install/base_interfaces_demo:/home/lulu/ros2_tutorial/ws01_plumbing/install/cpp01_topic PYTHONPATH=/home/lulu/ros2_tutorial/ws01_plumbing/build/py02_service/prefix_override:/usr/lib/python3/dist-packages/colcon_core/task/python/colcon_distutils_commands:/home/lulu/ros2_tutorial/ws01_plumbing/install/py02_service/lib/python3.10/site-packages:${PYTHONPATH} /usr/bin/python3 -W ignore:setup.py install is deprecated -W ignore:easy_install command is deprecated setup.py develop --editable --build-directory /home/lulu/ros2_tutorial/ws01_plumbing/build/py02_service/build --no-deps symlink_data
[1.274s] INFO:colcon.colcon_core.shell:Creating environment descriptor '/home/lulu/ros2_tutorial/ws01_plumbing/build/py02_service/share/py02_service/hook/pythonpath_develop.dsv'
[1.274s] INFO:colcon.colcon_core.shell:Creating environment hook '/home/lulu/ros2_tutorial/ws01_plumbing/build/py02_service/share/py02_service/hook/pythonpath_develop.sh'
[1.274s] Level 1:colcon.colcon_core.environment:checking '/home/lulu/ros2_tutorial/ws01_plumbing/install/py02_service' for CMake module files
[1.274s] Level 1:colcon.colcon_core.environment:checking '/home/lulu/ros2_tutorial/ws01_plumbing/install/py02_service' for CMake config files
[1.274s] Level 1:colcon.colcon_core.environment:checking '/home/lulu/ros2_tutorial/ws01_plumbing/install/py02_service/lib'
[1.274s] Level 1:colcon.colcon_core.environment:checking '/home/lulu/ros2_tutorial/ws01_plumbing/install/py02_service/bin'
[1.275s] Level 1:colcon.colcon_core.environment:checking '/home/lulu/ros2_tutorial/ws01_plumbing/install/py02_service/lib/pkgconfig/py02_service.pc'
[1.275s] Level 1:colcon.colcon_core.environment:checking '/home/lulu/ros2_tutorial/ws01_plumbing/install/py02_service/lib/python3.10/site-packages'
[1.275s] Level 1:colcon.colcon_core.shell:create_environment_hook('py02_service', 'pythonpath')
[1.275s] INFO:colcon.colcon_core.shell:Creating environment hook '/home/lulu/ros2_tutorial/ws01_plumbing/install/py02_service/share/py02_service/hook/pythonpath.ps1'
[1.275s] INFO:colcon.colcon_core.shell:Creating environment descriptor '/home/lulu/ros2_tutorial/ws01_plumbing/install/py02_service/share/py02_service/hook/pythonpath.dsv'
[1.275s] INFO:colcon.colcon_core.shell:Creating environment hook '/home/lulu/ros2_tutorial/ws01_plumbing/install/py02_service/share/py02_service/hook/pythonpath.sh'
[1.275s] Level 1:colcon.colcon_core.environment:checking '/home/lulu/ros2_tutorial/ws01_plumbing/install/py02_service/bin'
[1.275s] Level 1:colcon.colcon_core.environment:create_environment_scripts_only(py02_service)
[1.276s] INFO:colcon.colcon_core.shell:Creating package script '/home/lulu/ros2_tutorial/ws01_plumbing/install/py02_service/share/py02_service/package.ps1'
[1.276s] INFO:colcon.colcon_core.shell:Creating package descriptor '/home/lulu/ros2_tutorial/ws01_plumbing/install/py02_service/share/py02_service/package.dsv'
[1.276s] INFO:colcon.colcon_core.shell:Creating package script '/home/lulu/ros2_tutorial/ws01_plumbing/install/py02_service/share/py02_service/package.sh'
[1.276s] INFO:colcon.colcon_core.shell:Creating package script '/home/lulu/ros2_tutorial/ws01_plumbing/install/py02_service/share/py02_service/package.bash'
[1.276s] INFO:colcon.colcon_core.shell:Creating package script '/home/lulu/ros2_tutorial/ws01_plumbing/install/py02_service/share/py02_service/package.zsh'
[1.276s] Level 1:colcon.colcon_core.environment:create_file_with_runtime_dependencies(/home/lulu/ros2_tutorial/ws01_plumbing/install/py02_service/share/colcon-core/packages/py02_service)
[1.277s] Level 1:colcon.colcon_core.shell:create_environment_hook('py03_action', 'pythonpath_develop')
[1.277s] INFO:colcon.colcon_core.shell:Creating environment hook '/home/lulu/ros2_tutorial/ws01_plumbing/build/py03_action/share/py03_action/hook/pythonpath_develop.ps1'
[1.277s] DEBUG:colcon.colcon_core.event_handler.log_command:Invoked command in '/home/lulu/ros2_tutorial/ws01_plumbing/build/py03_action' returned '0': CMAKE_PREFIX_PATH=/home/lulu/ros2_tutorial/ws01_plumbing/install/base_interfaces_demo:/home/lulu/ros2_tutorial/ws01_plumbing/install/cpp01_topic PYTHONPATH=/home/lulu/ros2_tutorial/ws01_plumbing/build/py03_action/prefix_override:/usr/lib/python3/dist-packages/colcon_core/task/python/colcon_distutils_commands:/home/lulu/ros2_tutorial/ws01_plumbing/install/py03_action/lib/python3.10/site-packages:${PYTHONPATH} /usr/bin/python3 -W ignore:setup.py install is deprecated -W ignore:easy_install command is deprecated setup.py develop --editable --build-directory /home/lulu/ros2_tutorial/ws01_plumbing/build/py03_action/build --no-deps symlink_data
[1.278s] INFO:colcon.colcon_core.shell:Creating environment descriptor '/home/lulu/ros2_tutorial/ws01_plumbing/build/py03_action/share/py03_action/hook/pythonpath_develop.dsv'
[1.278s] INFO:colcon.colcon_core.shell:Creating environment hook '/home/lulu/ros2_tutorial/ws01_plumbing/build/py03_action/share/py03_action/hook/pythonpath_develop.sh'
[1.278s] Level 1:colcon.colcon_core.environment:checking '/home/lulu/ros2_tutorial/ws01_plumbing/install/py03_action' for CMake module files
[1.278s] Level 1:colcon.colcon_core.environment:checking '/home/lulu/ros2_tutorial/ws01_plumbing/install/py03_action' for CMake config files
[1.278s] Level 1:colcon.colcon_core.environment:checking '/home/lulu/ros2_tutorial/ws01_plumbing/install/py03_action/lib'
[1.278s] Level 1:colcon.colcon_core.environment:checking '/home/lulu/ros2_tutorial/ws01_plumbing/install/py03_action/bin'
[1.278s] Level 1:colcon.colcon_core.environment:checking '/home/lulu/ros2_tutorial/ws01_plumbing/install/py03_action/lib/pkgconfig/py03_action.pc'
[1.278s] Level 1:colcon.colcon_core.environment:checking '/home/lulu/ros2_tutorial/ws01_plumbing/install/py03_action/lib/python3.10/site-packages'
[1.278s] Level 1:colcon.colcon_core.shell:create_environment_hook('py03_action', 'pythonpath')
[1.278s] INFO:colcon.colcon_core.shell:Creating environment hook '/home/lulu/ros2_tutorial/ws01_plumbing/install/py03_action/share/py03_action/hook/pythonpath.ps1'
[1.279s] INFO:colcon.colcon_core.shell:Creating environment descriptor '/home/lulu/ros2_tutorial/ws01_plumbing/install/py03_action/share/py03_action/hook/pythonpath.dsv'
[1.279s] INFO:colcon.colcon_core.shell:Creating environment hook '/home/lulu/ros2_tutorial/ws01_plumbing/install/py03_action/share/py03_action/hook/pythonpath.sh'
[1.279s] Level 1:colcon.colcon_core.environment:checking '/home/lulu/ros2_tutorial/ws01_plumbing/install/py03_action/bin'
[1.279s] Level 1:colcon.colcon_core.environment:create_environment_scripts_only(py03_action)
[1.279s] INFO:colcon.colcon_core.shell:Creating package script '/home/lulu/ros2_tutorial/ws01_plumbing/install/py03_action/share/py03_action/package.ps1'
[1.279s] INFO:colcon.colcon_core.shell:Creating package descriptor '/home/lulu/ros2_tutorial/ws01_plumbing/install/py03_action/share/py03_action/package.dsv'
[1.280s] INFO:colcon.colcon_core.shell:Creating package script '/home/lulu/ros2_tutorial/ws01_plumbing/install/py03_action/share/py03_action/package.sh'
[1.280s] INFO:colcon.colcon_core.shell:Creating package script '/home/lulu/ros2_tutorial/ws01_plumbing/install/py03_action/share/py03_action/package.bash'
[1.280s] INFO:colcon.colcon_core.shell:Creating package script '/home/lulu/ros2_tutorial/ws01_plumbing/install/py03_action/share/py03_action/package.zsh'
[1.280s] Level 1:colcon.colcon_core.environment:create_file_with_runtime_dependencies(/home/lulu/ros2_tutorial/ws01_plumbing/install/py03_action/share/colcon-core/packages/py03_action)
[1.280s] DEBUG:colcon.colcon_parallel_executor.executor.parallel:closing loop
[1.280s] DEBUG:colcon.colcon_parallel_executor.executor.parallel:loop closed
[1.280s] DEBUG:colcon.colcon_parallel_executor.executor.parallel:run_until_complete finished with '0'
[1.280s] DEBUG:colcon.colcon_core.event_reactor:joining thread
[1.286s] INFO:colcon.colcon_core.plugin_system:Skipping extension 'colcon_notification.desktop_notification.terminal_notifier': Not used on non-Darwin systems
[1.286s] INFO:colcon.colcon_core.plugin_system:Skipping extension 'colcon_notification.desktop_notification.win32': Not used on non-Windows systems
[1.286s] INFO:colcon.colcon_notification.desktop_notification:Sending desktop notification using 'notify2'
[1.293s] DEBUG:colcon.colcon_core.event_reactor:joined thread
[1.293s] INFO:colcon.colcon_core.shell:Creating prefix script '/home/lulu/ros2_tutorial/ws01_plumbing/install/local_setup.ps1'
[1.294s] INFO:colcon.colcon_core.shell:Creating prefix util module '/home/lulu/ros2_tutorial/ws01_plumbing/install/_local_setup_util_ps1.py'
[1.294s] INFO:colcon.colcon_core.shell:Creating prefix chain script '/home/lulu/ros2_tutorial/ws01_plumbing/install/setup.ps1'
[1.295s] INFO:colcon.colcon_core.shell:Creating prefix script '/home/lulu/ros2_tutorial/ws01_plumbing/install/local_setup.sh'
[1.295s] INFO:colcon.colcon_core.shell:Creating prefix util module '/home/lulu/ros2_tutorial/ws01_plumbing/install/_local_setup_util_sh.py'
[1.295s] INFO:colcon.colcon_core.shell:Creating prefix chain script '/home/lulu/ros2_tutorial/ws01_plumbing/install/setup.sh'
[1.296s] INFO:colcon.colcon_core.shell:Creating prefix script '/home/lulu/ros2_tutorial/ws01_plumbing/install/local_setup.bash'
[1.296s] INFO:colcon.colcon_core.shell:Creating prefix chain script '/home/lulu/ros2_tutorial/ws01_plumbing/install/setup.bash'
[1.296s] INFO:colcon.colcon_core.shell:Creating prefix script '/home/lulu/ros2_tutorial/ws01_plumbing/install/local_setup.zsh'
[1.296s] INFO:colcon.colcon_core.shell:Creating prefix chain script '/home/lulu/ros2_tutorial/ws01_plumbing/install/setup.zsh'
