[0.011s] Invoking command in '/home/lulu/ros2_tutorial/ws01_plumbing/build/cpp01_topic': CMAKE_PREFIX_PATH=/home/lulu/ros2_tutorial/ws01_plumbing/install/base_interfaces_demo:/home/lulu/ros2_tutorial/ws01_plumbing/install/cpp01_topic:/home/lulu/ros2_tutorial/ws01_plumbing/install/py02_service:/home/lulu/ros2_tutorial/ws01_plumbing/install/py01_topic:/opt/ros/humble /usr/bin/cmake --build /home/lulu/ros2_tutorial/ws01_plumbing/build/cpp01_topic -- -j20 -l20
[0.033s] -- Found ament_cmake: 1.3.13 (/opt/ros/humble/share/ament_cmake/cmake)
[0.100s] -- Override CMake install command with custom implementation using symlinks instead of copying resources
[0.104s] -- Found rclcpp: 16.0.18 (/opt/ros/humble/share/rclcpp/cmake)
[0.120s] -- Found rosidl_generator_c: 3.1.8 (/opt/ros/humble/share/rosidl_generator_c/cmake)
[0.121s] -- Found rosidl_adapter: 3.1.8 (/opt/ros/humble/share/rosidl_adapter/cmake)
[0.124s] -- Found rosidl_generator_cpp: 3.1.8 (/opt/ros/humble/share/rosidl_generator_cpp/cmake)
[0.128s] -- Using all available rosidl_typesupport_c: rosidl_typesupport_fastrtps_c;rosidl_typesupport_introspection_c
[0.136s] -- Using all available rosidl_typesupport_cpp: rosidl_typesupport_fastrtps_cpp;rosidl_typesupport_introspection_cpp
[0.157s] -- Found rmw_implementation_cmake: 6.1.2 (/opt/ros/humble/share/rmw_implementation_cmake/cmake)
[0.158s] -- Found rmw_cyclonedds_cpp: 1.3.4 (/opt/ros/humble/share/rmw_cyclonedds_cpp/cmake)
[0.175s] -- Using RMW implementation 'rmw_cyclonedds_cpp' as default
[0.204s] -- Found base_interfaces_demo: 0.0.0 (/home/lulu/ros2_tutorial/ws01_plumbing/install/base_interfaces_demo/share/base_interfaces_demo/cmake)
[0.221s] -- Found ament_lint_auto: 0.12.15 (/opt/ros/humble/share/ament_lint_auto/cmake)
[0.266s] -- Added test 'cppcheck' to perform static code analysis on C / C++ code
[0.266s] -- Configured cppcheck include dirs: $<BUILD_INTERFACE:/home/lulu/ros2_tutorial/ws01_plumbing/src/cpp01_topic/include>
[0.266s] -- Configured cppcheck exclude dirs and/or files: 
[0.267s] -- Added test 'lint_cmake' to check CMake code style
[0.267s] -- Added test 'uncrustify' to check C / C++ code style
[0.267s] -- Configured uncrustify additional arguments: 
[0.267s] -- Added test 'xmllint' to check XML markup files
[0.268s] -- Configuring done
[0.276s] -- Generating done
[0.280s] -- Build files have been written to: /home/lulu/ros2_tutorial/ws01_plumbing/build/cpp01_topic
[0.303s] [35m[1mConsolidate compiler generated dependencies of target demo01_talker_str_cpp[0m
[0.316s] [ 50%] [32mBuilding CXX object CMakeFiles/demo01_talker_str_cpp.dir/src/demo01_talker_str_cpp.cpp.o[0m
[2.365s] [100%] [32m[1mLinking CXX executable demo01_talker_str_cpp[0m
[2.540s] [100%] Built target demo01_talker_str_cpp
[2.548s] Invoked command in '/home/lulu/ros2_tutorial/ws01_plumbing/build/cpp01_topic' returned '0': CMAKE_PREFIX_PATH=/home/lulu/ros2_tutorial/ws01_plumbing/install/base_interfaces_demo:/home/lulu/ros2_tutorial/ws01_plumbing/install/cpp01_topic:/home/lulu/ros2_tutorial/ws01_plumbing/install/py02_service:/home/lulu/ros2_tutorial/ws01_plumbing/install/py01_topic:/opt/ros/humble /usr/bin/cmake --build /home/lulu/ros2_tutorial/ws01_plumbing/build/cpp01_topic -- -j20 -l20
[2.551s] Invoking command in '/home/lulu/ros2_tutorial/ws01_plumbing/build/cpp01_topic': CMAKE_PREFIX_PATH=/home/lulu/ros2_tutorial/ws01_plumbing/install/base_interfaces_demo:/home/lulu/ros2_tutorial/ws01_plumbing/install/cpp01_topic:/home/lulu/ros2_tutorial/ws01_plumbing/install/py02_service:/home/lulu/ros2_tutorial/ws01_plumbing/install/py01_topic:/opt/ros/humble /usr/bin/cmake --install /home/lulu/ros2_tutorial/ws01_plumbing/build/cpp01_topic
[2.554s] -- Install configuration: ""
[2.554s] -- Execute custom install script
[2.554s] -- Up-to-date symlink: /home/lulu/ros2_tutorial/ws01_plumbing/install/cpp01_topic/lib/cpp01_topic/demo01_talker_str_cpp
[2.554s] -- Up-to-date symlink: /home/lulu/ros2_tutorial/ws01_plumbing/install/cpp01_topic/share/ament_index/resource_index/package_run_dependencies/cpp01_topic
[2.554s] -- Up-to-date symlink: /home/lulu/ros2_tutorial/ws01_plumbing/install/cpp01_topic/share/ament_index/resource_index/parent_prefix_path/cpp01_topic
[2.554s] -- Up-to-date symlink: /home/lulu/ros2_tutorial/ws01_plumbing/install/cpp01_topic/share/cpp01_topic/environment/ament_prefix_path.sh
[2.554s] -- Up-to-date symlink: /home/lulu/ros2_tutorial/ws01_plumbing/install/cpp01_topic/share/cpp01_topic/environment/ament_prefix_path.dsv
[2.554s] -- Up-to-date symlink: /home/lulu/ros2_tutorial/ws01_plumbing/install/cpp01_topic/share/cpp01_topic/environment/path.sh
[2.554s] -- Up-to-date symlink: /home/lulu/ros2_tutorial/ws01_plumbing/install/cpp01_topic/share/cpp01_topic/environment/path.dsv
[2.554s] -- Up-to-date symlink: /home/lulu/ros2_tutorial/ws01_plumbing/install/cpp01_topic/share/cpp01_topic/local_setup.bash
[2.554s] -- Up-to-date symlink: /home/lulu/ros2_tutorial/ws01_plumbing/install/cpp01_topic/share/cpp01_topic/local_setup.sh
[2.554s] -- Up-to-date symlink: /home/lulu/ros2_tutorial/ws01_plumbing/install/cpp01_topic/share/cpp01_topic/local_setup.zsh
[2.554s] -- Up-to-date symlink: /home/lulu/ros2_tutorial/ws01_plumbing/install/cpp01_topic/share/cpp01_topic/local_setup.dsv
[2.554s] -- Symlinking: /home/lulu/ros2_tutorial/ws01_plumbing/install/cpp01_topic/share/cpp01_topic/package.dsv
[2.559s] -- Up-to-date symlink: /home/lulu/ros2_tutorial/ws01_plumbing/install/cpp01_topic/share/ament_index/resource_index/packages/cpp01_topic
[2.559s] -- Up-to-date symlink: /home/lulu/ros2_tutorial/ws01_plumbing/install/cpp01_topic/share/cpp01_topic/cmake/cpp01_topicConfig.cmake
[2.559s] -- Up-to-date symlink: /home/lulu/ros2_tutorial/ws01_plumbing/install/cpp01_topic/share/cpp01_topic/cmake/cpp01_topicConfig-version.cmake
[2.559s] -- Up-to-date symlink: /home/lulu/ros2_tutorial/ws01_plumbing/install/cpp01_topic/share/cpp01_topic/package.xml
[2.560s] Invoked command in '/home/lulu/ros2_tutorial/ws01_plumbing/build/cpp01_topic' returned '0': CMAKE_PREFIX_PATH=/home/lulu/ros2_tutorial/ws01_plumbing/install/base_interfaces_demo:/home/lulu/ros2_tutorial/ws01_plumbing/install/cpp01_topic:/home/lulu/ros2_tutorial/ws01_plumbing/install/py02_service:/home/lulu/ros2_tutorial/ws01_plumbing/install/py01_topic:/opt/ros/humble /usr/bin/cmake --install /home/lulu/ros2_tutorial/ws01_plumbing/build/cpp01_topic
