running develop
Removing /home/lulu/ros2_tutorial/ws01_plumbing/install/py02_service/lib/python3.10/site-packages/py02-service.egg-link (link to .)
running egg_info
writing ../../build/py02_service/py02_service.egg-info/PKG-INFO
writing dependency_links to ../../build/py02_service/py02_service.egg-info/dependency_links.txt
writing entry points to ../../build/py02_service/py02_service.egg-info/entry_points.txt
writing requirements to ../../build/py02_service/py02_service.egg-info/requires.txt
writing top-level names to ../../build/py02_service/py02_service.egg-info/top_level.txt
reading manifest file '../../build/py02_service/py02_service.egg-info/SOURCES.txt'
writing manifest file '../../build/py02_service/py02_service.egg-info/SOURCES.txt'
running build
running build_py
copying py02_service/demo02_client.py -> /home/lulu/ros2_tutorial/ws01_plumbing/build/py02_service/build/lib/py02_service
copying py02_service/demo01_server.py -> /home/lulu/ros2_tutorial/ws01_plumbing/build/py02_service/build/lib/py02_service
running install
running install_lib
creating /home/lulu/ros2_tutorial/ws01_plumbing/install/py02_service/lib/python3.10/site-packages/py02_service
copying /home/lulu/ros2_tutorial/ws01_plumbing/build/py02_service/build/lib/py02_service/demo02_client.py -> /home/lulu/ros2_tutorial/ws01_plumbing/install/py02_service/lib/python3.10/site-packages/py02_service
copying /home/lulu/ros2_tutorial/ws01_plumbing/build/py02_service/build/lib/py02_service/__init__.py -> /home/lulu/ros2_tutorial/ws01_plumbing/install/py02_service/lib/python3.10/site-packages/py02_service
copying /home/lulu/ros2_tutorial/ws01_plumbing/build/py02_service/build/lib/py02_service/demo01_server.py -> /home/lulu/ros2_tutorial/ws01_plumbing/install/py02_service/lib/python3.10/site-packages/py02_service
byte-compiling /home/lulu/ros2_tutorial/ws01_plumbing/install/py02_service/lib/python3.10/site-packages/py02_service/demo02_client.py to demo02_client.cpython-310.pyc
byte-compiling /home/lulu/ros2_tutorial/ws01_plumbing/install/py02_service/lib/python3.10/site-packages/py02_service/__init__.py to __init__.cpython-310.pyc
byte-compiling /home/lulu/ros2_tutorial/ws01_plumbing/install/py02_service/lib/python3.10/site-packages/py02_service/demo01_server.py to demo01_server.cpython-310.pyc
running install_data
copying resource/py02_service -> /home/lulu/ros2_tutorial/ws01_plumbing/install/py02_service/share/ament_index/resource_index/packages
copying package.xml -> /home/lulu/ros2_tutorial/ws01_plumbing/install/py02_service/share/py02_service
running install_egg_info
Copying ../../build/py02_service/py02_service.egg-info to /home/lulu/ros2_tutorial/ws01_plumbing/install/py02_service/lib/python3.10/site-packages/py02_service-0.0.0-py3.10.egg-info
running install_scripts
Installing demo01_server script to /home/lulu/ros2_tutorial/ws01_plumbing/install/py02_service/lib/py02_service
Installing demo02_client script to /home/lulu/ros2_tutorial/ws01_plumbing/install/py02_service/lib/py02_service
writing list of installed files to '/home/lulu/ros2_tutorial/ws01_plumbing/build/py02_service/install.log'
