[0.351s] Invoking command in '/home/lulu/ros2_tutorial/ws01_plumbing/build/py02_service': CMAKE_PREFIX_PATH=/home/lulu/ros2_tutorial/ws01_plumbing/install/base_interfaces_demo:/home/lulu/ros2_tutorial/ws01_plumbing/install/cpp01_topic PYTHONPATH=/home/lulu/ros2_tutorial/ws01_plumbing/build/py02_service/prefix_override:/usr/lib/python3/dist-packages/colcon_core/task/python/colcon_distutils_commands:/home/lulu/ros2_tutorial/ws01_plumbing/install/py02_service/lib/python3.10/site-packages:${PYTHONPATH} /usr/bin/python3 -W ignore:setup.py install is deprecated -W ignore:easy_install command is deprecated setup.py develop --uninstall --editable --build-directory /home/lulu/ros2_tutorial/ws01_plumbing/build/py02_service/build
[0.481s] running develop
[0.570s] Removing /home/lulu/ros2_tutorial/ws01_plumbing/install/py02_service/lib/python3.10/site-packages/py02-service.egg-link (link to .)
[0.585s] Invoked command in '/home/lulu/ros2_tutorial/ws01_plumbing/build/py02_service' returned '0': CMAKE_PREFIX_PATH=/home/lulu/ros2_tutorial/ws01_plumbing/install/base_interfaces_demo:/home/lulu/ros2_tutorial/ws01_plumbing/install/cpp01_topic PYTHONPATH=/home/lulu/ros2_tutorial/ws01_plumbing/build/py02_service/prefix_override:/usr/lib/python3/dist-packages/colcon_core/task/python/colcon_distutils_commands:/home/lulu/ros2_tutorial/ws01_plumbing/install/py02_service/lib/python3.10/site-packages:${PYTHONPATH} /usr/bin/python3 -W ignore:setup.py install is deprecated -W ignore:easy_install command is deprecated setup.py develop --uninstall --editable --build-directory /home/lulu/ros2_tutorial/ws01_plumbing/build/py02_service/build
[0.586s] Invoking command in '/home/lulu/ros2_tutorial/ws01_plumbing/src/py02_service': CMAKE_PREFIX_PATH=/home/lulu/ros2_tutorial/ws01_plumbing/install/base_interfaces_demo:/home/lulu/ros2_tutorial/ws01_plumbing/install/cpp01_topic PYTHONPATH=/home/lulu/ros2_tutorial/ws01_plumbing/build/py02_service/prefix_override:/usr/lib/python3/dist-packages/colcon_core/task/python/colcon_distutils_commands:/home/lulu/ros2_tutorial/ws01_plumbing/install/py02_service/lib/python3.10/site-packages:${PYTHONPATH} /usr/bin/python3 -W ignore:setup.py install is deprecated -W ignore:easy_install command is deprecated setup.py egg_info --egg-base ../../build/py02_service build --build-base /home/lulu/ros2_tutorial/ws01_plumbing/build/py02_service/build install --record /home/lulu/ros2_tutorial/ws01_plumbing/build/py02_service/install.log --single-version-externally-managed install_data --force
[0.705s] running egg_info
[0.705s] writing ../../build/py02_service/py02_service.egg-info/PKG-INFO
[0.706s] writing dependency_links to ../../build/py02_service/py02_service.egg-info/dependency_links.txt
[0.706s] writing entry points to ../../build/py02_service/py02_service.egg-info/entry_points.txt
[0.706s] writing requirements to ../../build/py02_service/py02_service.egg-info/requires.txt
[0.706s] writing top-level names to ../../build/py02_service/py02_service.egg-info/top_level.txt
[0.707s] reading manifest file '../../build/py02_service/py02_service.egg-info/SOURCES.txt'
[0.707s] writing manifest file '../../build/py02_service/py02_service.egg-info/SOURCES.txt'
[0.707s] running build
[0.707s] running build_py
[0.707s] copying py02_service/demo02_client.py -> /home/lulu/ros2_tutorial/ws01_plumbing/build/py02_service/build/lib/py02_service
[0.707s] copying py02_service/demo01_server.py -> /home/lulu/ros2_tutorial/ws01_plumbing/build/py02_service/build/lib/py02_service
[0.707s] running install
[0.707s] running install_lib
[0.708s] creating /home/lulu/ros2_tutorial/ws01_plumbing/install/py02_service/lib/python3.10/site-packages/py02_service
[0.708s] copying /home/lulu/ros2_tutorial/ws01_plumbing/build/py02_service/build/lib/py02_service/demo02_client.py -> /home/lulu/ros2_tutorial/ws01_plumbing/install/py02_service/lib/python3.10/site-packages/py02_service
[0.708s] copying /home/lulu/ros2_tutorial/ws01_plumbing/build/py02_service/build/lib/py02_service/__init__.py -> /home/lulu/ros2_tutorial/ws01_plumbing/install/py02_service/lib/python3.10/site-packages/py02_service
[0.708s] copying /home/lulu/ros2_tutorial/ws01_plumbing/build/py02_service/build/lib/py02_service/demo01_server.py -> /home/lulu/ros2_tutorial/ws01_plumbing/install/py02_service/lib/python3.10/site-packages/py02_service
[0.708s] byte-compiling /home/lulu/ros2_tutorial/ws01_plumbing/install/py02_service/lib/python3.10/site-packages/py02_service/demo02_client.py to demo02_client.cpython-310.pyc
[0.708s] byte-compiling /home/lulu/ros2_tutorial/ws01_plumbing/install/py02_service/lib/python3.10/site-packages/py02_service/__init__.py to __init__.cpython-310.pyc
[0.708s] byte-compiling /home/lulu/ros2_tutorial/ws01_plumbing/install/py02_service/lib/python3.10/site-packages/py02_service/demo01_server.py to demo01_server.cpython-310.pyc
[0.708s] running install_data
[0.708s] copying resource/py02_service -> /home/lulu/ros2_tutorial/ws01_plumbing/install/py02_service/share/ament_index/resource_index/packages
[0.708s] copying package.xml -> /home/lulu/ros2_tutorial/ws01_plumbing/install/py02_service/share/py02_service
[0.710s] running install_egg_info
[0.710s] Copying ../../build/py02_service/py02_service.egg-info to /home/lulu/ros2_tutorial/ws01_plumbing/install/py02_service/lib/python3.10/site-packages/py02_service-0.0.0-py3.10.egg-info
[0.710s] running install_scripts
[0.719s] Installing demo01_server script to /home/lulu/ros2_tutorial/ws01_plumbing/install/py02_service/lib/py02_service
[0.719s] Installing demo02_client script to /home/lulu/ros2_tutorial/ws01_plumbing/install/py02_service/lib/py02_service
[0.719s] writing list of installed files to '/home/lulu/ros2_tutorial/ws01_plumbing/build/py02_service/install.log'
[0.733s] Invoked command in '/home/lulu/ros2_tutorial/ws01_plumbing/src/py02_service' returned '0': CMAKE_PREFIX_PATH=/home/lulu/ros2_tutorial/ws01_plumbing/install/base_interfaces_demo:/home/lulu/ros2_tutorial/ws01_plumbing/install/cpp01_topic PYTHONPATH=/home/lulu/ros2_tutorial/ws01_plumbing/build/py02_service/prefix_override:/usr/lib/python3/dist-packages/colcon_core/task/python/colcon_distutils_commands:/home/lulu/ros2_tutorial/ws01_plumbing/install/py02_service/lib/python3.10/site-packages:${PYTHONPATH} /usr/bin/python3 -W ignore:setup.py install is deprecated -W ignore:easy_install command is deprecated setup.py egg_info --egg-base ../../build/py02_service build --build-base /home/lulu/ros2_tutorial/ws01_plumbing/build/py02_service/build install --record /home/lulu/ros2_tutorial/ws01_plumbing/build/py02_service/install.log --single-version-externally-managed install_data --force
