[0.007s] Invoking command in '/home/lulu/ros2_tutorial/ws01_plumbing/build/base_interfaces_demo': CMAKE_PREFIX_PATH=${CMAKE_PREFIX_PATH}:/home/lulu/ros2_tutorial/ws01_plumbing/src/install/py01_topic:/home/lulu/ros2_tutorial/ws01_plumbing/install/py01_topic:/opt/ros/humble /usr/bin/cmake /home/lulu/ros2_tutorial/ws01_plumbing/src/base_interfaces_demo -DAMENT_CMAKE_SYMLINK_INSTALL=1 -DCMAKE_INSTALL_PREFIX=/home/lulu/ros2_tutorial/ws01_plumbing/install/base_interfaces_demo
[0.041s] -- The C compiler identification is GNU 11.4.0
[0.073s] -- The CXX compiler identification is GNU 11.4.0
[0.080s] -- Detecting C compiler ABI info
[0.127s] -- Detecting C compiler ABI info - done
[0.128s] -- Check for working C compiler: /usr/bin/cc - skipped
[0.129s] -- Detecting C compile features
[0.129s] -- Detecting C compile features - done
[0.131s] -- Detecting CXX compiler ABI info
[0.191s] -- Detecting CXX compiler ABI info - done
[0.197s] -- Check for working CXX compiler: /usr/bin/c++ - skipped
[0.198s] -- Detecting CXX compile features
[0.198s] -- Detecting CXX compile features - done
[0.201s] -- Found ament_cmake: 1.3.13 (/opt/ros/humble/share/ament_cmake/cmake)
[0.277s] -- Found Python3: /usr/bin/python3 (found version "3.10.12") found components: Interpreter 
[0.310s] -- Override CMake install command with custom implementation using symlinks instead of copying resources
[0.324s] -- Found ament_lint_auto: 0.12.15 (/opt/ros/humble/share/ament_lint_auto/cmake)
[0.374s] -- Added test 'lint_cmake' to check CMake code style
[0.374s] -- Added test 'xmllint' to check XML markup files
[0.374s] -- Configuring done
[0.376s] -- Generating done
[0.376s] -- Build files have been written to: /home/lulu/ros2_tutorial/ws01_plumbing/build/base_interfaces_demo
[0.379s] Invoked command in '/home/lulu/ros2_tutorial/ws01_plumbing/build/base_interfaces_demo' returned '0': CMAKE_PREFIX_PATH=${CMAKE_PREFIX_PATH}:/home/lulu/ros2_tutorial/ws01_plumbing/src/install/py01_topic:/home/lulu/ros2_tutorial/ws01_plumbing/install/py01_topic:/opt/ros/humble /usr/bin/cmake /home/lulu/ros2_tutorial/ws01_plumbing/src/base_interfaces_demo -DAMENT_CMAKE_SYMLINK_INSTALL=1 -DCMAKE_INSTALL_PREFIX=/home/lulu/ros2_tutorial/ws01_plumbing/install/base_interfaces_demo
[0.380s] Invoking command in '/home/lulu/ros2_tutorial/ws01_plumbing/build/base_interfaces_demo': CMAKE_PREFIX_PATH=${CMAKE_PREFIX_PATH}:/home/lulu/ros2_tutorial/ws01_plumbing/src/install/py01_topic:/home/lulu/ros2_tutorial/ws01_plumbing/install/py01_topic:/opt/ros/humble /usr/bin/cmake --build /home/lulu/ros2_tutorial/ws01_plumbing/build/base_interfaces_demo -- -j20 -l20
[0.413s] Invoked command in '/home/lulu/ros2_tutorial/ws01_plumbing/build/base_interfaces_demo' returned '0': CMAKE_PREFIX_PATH=${CMAKE_PREFIX_PATH}:/home/lulu/ros2_tutorial/ws01_plumbing/src/install/py01_topic:/home/lulu/ros2_tutorial/ws01_plumbing/install/py01_topic:/opt/ros/humble /usr/bin/cmake --build /home/lulu/ros2_tutorial/ws01_plumbing/build/base_interfaces_demo -- -j20 -l20
[0.420s] Invoking command in '/home/lulu/ros2_tutorial/ws01_plumbing/build/base_interfaces_demo': CMAKE_PREFIX_PATH=${CMAKE_PREFIX_PATH}:/home/lulu/ros2_tutorial/ws01_plumbing/src/install/py01_topic:/home/lulu/ros2_tutorial/ws01_plumbing/install/py01_topic:/opt/ros/humble /usr/bin/cmake --install /home/lulu/ros2_tutorial/ws01_plumbing/build/base_interfaces_demo
[0.424s] -- Install configuration: ""
[0.424s] -- Execute custom install script
[0.424s] -- Symlinking: /home/lulu/ros2_tutorial/ws01_plumbing/install/base_interfaces_demo/share/ament_index/resource_index/package_run_dependencies/base_interfaces_demo
[0.431s] -- Symlinking: /home/lulu/ros2_tutorial/ws01_plumbing/install/base_interfaces_demo/share/ament_index/resource_index/parent_prefix_path/base_interfaces_demo
[0.436s] -- Symlinking: /home/lulu/ros2_tutorial/ws01_plumbing/install/base_interfaces_demo/share/base_interfaces_demo/environment/ament_prefix_path.sh
[0.442s] -- Symlinking: /home/lulu/ros2_tutorial/ws01_plumbing/install/base_interfaces_demo/share/base_interfaces_demo/environment/ament_prefix_path.dsv
[0.447s] -- Symlinking: /home/lulu/ros2_tutorial/ws01_plumbing/install/base_interfaces_demo/share/base_interfaces_demo/environment/path.sh
[0.452s] -- Symlinking: /home/lulu/ros2_tutorial/ws01_plumbing/install/base_interfaces_demo/share/base_interfaces_demo/environment/path.dsv
[0.458s] -- Symlinking: /home/lulu/ros2_tutorial/ws01_plumbing/install/base_interfaces_demo/share/base_interfaces_demo/local_setup.bash
[0.462s] -- Symlinking: /home/lulu/ros2_tutorial/ws01_plumbing/install/base_interfaces_demo/share/base_interfaces_demo/local_setup.sh
[0.466s] -- Symlinking: /home/lulu/ros2_tutorial/ws01_plumbing/install/base_interfaces_demo/share/base_interfaces_demo/local_setup.zsh
[0.471s] -- Symlinking: /home/lulu/ros2_tutorial/ws01_plumbing/install/base_interfaces_demo/share/base_interfaces_demo/local_setup.dsv
[0.476s] -- Symlinking: /home/lulu/ros2_tutorial/ws01_plumbing/install/base_interfaces_demo/share/base_interfaces_demo/package.dsv
[0.482s] -- Symlinking: /home/lulu/ros2_tutorial/ws01_plumbing/install/base_interfaces_demo/share/ament_index/resource_index/packages/base_interfaces_demo
[0.485s] -- Symlinking: /home/lulu/ros2_tutorial/ws01_plumbing/install/base_interfaces_demo/share/base_interfaces_demo/cmake/base_interfaces_demoConfig.cmake
[0.489s] -- Symlinking: /home/lulu/ros2_tutorial/ws01_plumbing/install/base_interfaces_demo/share/base_interfaces_demo/cmake/base_interfaces_demoConfig-version.cmake
[0.494s] -- Symlinking: /home/lulu/ros2_tutorial/ws01_plumbing/install/base_interfaces_demo/share/base_interfaces_demo/package.xml
[0.499s] Invoked command in '/home/lulu/ros2_tutorial/ws01_plumbing/build/base_interfaces_demo' returned '0': CMAKE_PREFIX_PATH=${CMAKE_PREFIX_PATH}:/home/lulu/ros2_tutorial/ws01_plumbing/src/install/py01_topic:/home/lulu/ros2_tutorial/ws01_plumbing/install/py01_topic:/opt/ros/humble /usr/bin/cmake --install /home/lulu/ros2_tutorial/ws01_plumbing/build/base_interfaces_demo
