[0.007s] Invoking command in '/home/lulu/ros2_tutorial/ws01_plumbing/build/cpp01_topic': CMAKE_PREFIX_PATH=/home/lulu/ros2_tutorial/ws01_plumbing/install/base_interfaces_demo:/home/lulu/ros2_tutorial/ws01_plumbing/install/cpp01_topic:/home/lulu/ros2_tutorial/ws01_plumbing/install/py02_service:/home/lulu/ros2_tutorial/ws01_plumbing/install/py01_topic:/opt/ros/humble /usr/bin/cmake --build /home/lulu/ros2_tutorial/ws01_plumbing/build/cpp01_topic -- -j20 -l20
[0.031s] -- Found ament_cmake: 1.3.13 (/opt/ros/humble/share/ament_cmake/cmake)
[0.097s] -- Override CMake install command with custom implementation using symlinks instead of copying resources
[0.104s] -- Found rclcpp: 16.0.18 (/opt/ros/humble/share/rclcpp/cmake)
[0.121s] -- Found rosidl_generator_c: 3.1.8 (/opt/ros/humble/share/rosidl_generator_c/cmake)
[0.122s] -- Found rosidl_adapter: 3.1.8 (/opt/ros/humble/share/rosidl_adapter/cmake)
[0.125s] -- Found rosidl_generator_cpp: 3.1.8 (/opt/ros/humble/share/rosidl_generator_cpp/cmake)
[0.129s] -- Using all available rosidl_typesupport_c: rosidl_typesupport_fastrtps_c;rosidl_typesupport_introspection_c
[0.134s] -- Using all available rosidl_typesupport_cpp: rosidl_typesupport_fastrtps_cpp;rosidl_typesupport_introspection_cpp
[0.157s] -- Found rmw_implementation_cmake: 6.1.2 (/opt/ros/humble/share/rmw_implementation_cmake/cmake)
[0.158s] -- Found rmw_cyclonedds_cpp: 1.3.4 (/opt/ros/humble/share/rmw_cyclonedds_cpp/cmake)
[0.170s] -- Using RMW implementation 'rmw_cyclonedds_cpp' as default
[0.205s] -- Found base_interfaces_demo: 0.0.0 (/home/lulu/ros2_tutorial/ws01_plumbing/install/base_interfaces_demo/share/base_interfaces_demo/cmake)
[0.212s] -- Found ament_lint_auto: 0.12.15 (/opt/ros/humble/share/ament_lint_auto/cmake)
[0.264s] -- Added test 'cppcheck' to perform static code analysis on C / C++ code
[0.264s] -- Configured cppcheck include dirs: $<BUILD_INTERFACE:/home/lulu/ros2_tutorial/ws01_plumbing/src/cpp01_topic/include>
[0.264s] -- Configured cppcheck exclude dirs and/or files: 
[0.264s] -- Added test 'lint_cmake' to check CMake code style
[0.264s] -- Added test 'uncrustify' to check C / C++ code style
[0.264s] -- Configured uncrustify additional arguments: 
[0.264s] -- Added test 'xmllint' to check XML markup files
[0.265s] -- Configuring done
[0.271s] -- Generating done
[0.271s] -- Build files have been written to: /home/lulu/ros2_tutorial/ws01_plumbing/build/cpp01_topic
[0.292s] [35m[1mConsolidate compiler generated dependencies of target demo01_talker_str_cpp[0m
[0.303s] [ 50%] [32m[1mLinking CXX executable demo01_talker_str_cpp[0m
[0.431s] [100%] Built target demo01_talker_str_cpp
[0.441s] Invoked command in '/home/lulu/ros2_tutorial/ws01_plumbing/build/cpp01_topic' returned '0': CMAKE_PREFIX_PATH=/home/lulu/ros2_tutorial/ws01_plumbing/install/base_interfaces_demo:/home/lulu/ros2_tutorial/ws01_plumbing/install/cpp01_topic:/home/lulu/ros2_tutorial/ws01_plumbing/install/py02_service:/home/lulu/ros2_tutorial/ws01_plumbing/install/py01_topic:/opt/ros/humble /usr/bin/cmake --build /home/lulu/ros2_tutorial/ws01_plumbing/build/cpp01_topic -- -j20 -l20
[0.444s] Invoking command in '/home/lulu/ros2_tutorial/ws01_plumbing/build/cpp01_topic': CMAKE_PREFIX_PATH=/home/lulu/ros2_tutorial/ws01_plumbing/install/base_interfaces_demo:/home/lulu/ros2_tutorial/ws01_plumbing/install/cpp01_topic:/home/lulu/ros2_tutorial/ws01_plumbing/install/py02_service:/home/lulu/ros2_tutorial/ws01_plumbing/install/py01_topic:/opt/ros/humble /usr/bin/cmake --install /home/lulu/ros2_tutorial/ws01_plumbing/build/cpp01_topic
[0.451s] -- Install configuration: ""
[0.451s] -- Execute custom install script
[0.452s] -- Up-to-date symlink: /home/lulu/ros2_tutorial/ws01_plumbing/install/cpp01_topic/lib/cpp01_topic/demo01_talker_str_cpp
[0.452s] -- Up-to-date symlink: /home/lulu/ros2_tutorial/ws01_plumbing/install/cpp01_topic/share/ament_index/resource_index/package_run_dependencies/cpp01_topic
[0.452s] -- Up-to-date symlink: /home/lulu/ros2_tutorial/ws01_plumbing/install/cpp01_topic/share/ament_index/resource_index/parent_prefix_path/cpp01_topic
[0.452s] -- Up-to-date symlink: /home/lulu/ros2_tutorial/ws01_plumbing/install/cpp01_topic/share/cpp01_topic/environment/ament_prefix_path.sh
[0.452s] -- Up-to-date symlink: /home/lulu/ros2_tutorial/ws01_plumbing/install/cpp01_topic/share/cpp01_topic/environment/ament_prefix_path.dsv
[0.452s] -- Up-to-date symlink: /home/lulu/ros2_tutorial/ws01_plumbing/install/cpp01_topic/share/cpp01_topic/environment/path.sh
[0.452s] -- Up-to-date symlink: /home/lulu/ros2_tutorial/ws01_plumbing/install/cpp01_topic/share/cpp01_topic/environment/path.dsv
[0.452s] -- Up-to-date symlink: /home/lulu/ros2_tutorial/ws01_plumbing/install/cpp01_topic/share/cpp01_topic/local_setup.bash
[0.452s] -- Up-to-date symlink: /home/lulu/ros2_tutorial/ws01_plumbing/install/cpp01_topic/share/cpp01_topic/local_setup.sh
[0.452s] -- Up-to-date symlink: /home/lulu/ros2_tutorial/ws01_plumbing/install/cpp01_topic/share/cpp01_topic/local_setup.zsh
[0.453s] -- Up-to-date symlink: /home/lulu/ros2_tutorial/ws01_plumbing/install/cpp01_topic/share/cpp01_topic/local_setup.dsv
[0.453s] -- Symlinking: /home/lulu/ros2_tutorial/ws01_plumbing/install/cpp01_topic/share/cpp01_topic/package.dsv
[0.461s] -- Up-to-date symlink: /home/lulu/ros2_tutorial/ws01_plumbing/install/cpp01_topic/share/ament_index/resource_index/packages/cpp01_topic
[0.461s] -- Up-to-date symlink: /home/lulu/ros2_tutorial/ws01_plumbing/install/cpp01_topic/share/cpp01_topic/cmake/cpp01_topicConfig.cmake
[0.461s] -- Up-to-date symlink: /home/lulu/ros2_tutorial/ws01_plumbing/install/cpp01_topic/share/cpp01_topic/cmake/cpp01_topicConfig-version.cmake
[0.461s] -- Up-to-date symlink: /home/lulu/ros2_tutorial/ws01_plumbing/install/cpp01_topic/share/cpp01_topic/package.xml
[0.463s] Invoked command in '/home/lulu/ros2_tutorial/ws01_plumbing/build/cpp01_topic' returned '0': CMAKE_PREFIX_PATH=/home/lulu/ros2_tutorial/ws01_plumbing/install/base_interfaces_demo:/home/lulu/ros2_tutorial/ws01_plumbing/install/cpp01_topic:/home/lulu/ros2_tutorial/ws01_plumbing/install/py02_service:/home/lulu/ros2_tutorial/ws01_plumbing/install/py01_topic:/opt/ros/humble /usr/bin/cmake --install /home/lulu/ros2_tutorial/ws01_plumbing/build/cpp01_topic
