[0.008s] Invoking command in '/home/lulu/ros2_tutorial/ws01_plumbing/build/cpp01_topic': AMENT_PREFIX_PATH=/home/lulu/ros2_tutorial/ws01_plumbing/install/base_interfaces_demo:${AMENT_PREFIX_PATH} CMAKE_PREFIX_PATH=/home/lulu/ros2_tutorial/ws01_plumbing/install/base_interfaces_demo:/home/lulu/ros2_tutorial/ws01_plumbing/src/install/cpp01_topic:/home/lulu/ros2_tutorial/ws01_plumbing/src/install/base_interfaces_demo:/home/lulu/ros2_tutorial/ws01_plumbing/install/cpp01_topic:/home/lulu/ros2_tutorial/ws01_plumbing/src/install/py01_topic:/home/lulu/ros2_tutorial/ws01_plumbing/install/py01_topic:/opt/ros/humble LD_LIBRARY_PATH=/home/lulu/ros2_tutorial/ws01_plumbing/install/base_interfaces_demo/lib:${LD_LIBRARY_PATH} PYTHONPATH=/home/lulu/ros2_tutorial/ws01_plumbing/install/base_interfaces_demo/local/lib/python3.10/dist-packages:${PYTHONPATH} /usr/bin/cmake --build /home/lulu/ros2_tutorial/ws01_plumbing/build/cpp01_topic -- -j20 -l20
[0.042s] [35m[1mConsolidate compiler generated dependencies of target demo01_talker_str_cpp[0m
[0.052s] [100%] Built target demo01_talker_str_cpp
[0.059s] Invoked command in '/home/lulu/ros2_tutorial/ws01_plumbing/build/cpp01_topic' returned '0': AMENT_PREFIX_PATH=/home/lulu/ros2_tutorial/ws01_plumbing/install/base_interfaces_demo:${AMENT_PREFIX_PATH} CMAKE_PREFIX_PATH=/home/lulu/ros2_tutorial/ws01_plumbing/install/base_interfaces_demo:/home/lulu/ros2_tutorial/ws01_plumbing/src/install/cpp01_topic:/home/lulu/ros2_tutorial/ws01_plumbing/src/install/base_interfaces_demo:/home/lulu/ros2_tutorial/ws01_plumbing/install/cpp01_topic:/home/lulu/ros2_tutorial/ws01_plumbing/src/install/py01_topic:/home/lulu/ros2_tutorial/ws01_plumbing/install/py01_topic:/opt/ros/humble LD_LIBRARY_PATH=/home/lulu/ros2_tutorial/ws01_plumbing/install/base_interfaces_demo/lib:${LD_LIBRARY_PATH} PYTHONPATH=/home/lulu/ros2_tutorial/ws01_plumbing/install/base_interfaces_demo/local/lib/python3.10/dist-packages:${PYTHONPATH} /usr/bin/cmake --build /home/lulu/ros2_tutorial/ws01_plumbing/build/cpp01_topic -- -j20 -l20
[0.061s] Invoking command in '/home/lulu/ros2_tutorial/ws01_plumbing/build/cpp01_topic': AMENT_PREFIX_PATH=/home/lulu/ros2_tutorial/ws01_plumbing/install/base_interfaces_demo:${AMENT_PREFIX_PATH} CMAKE_PREFIX_PATH=/home/lulu/ros2_tutorial/ws01_plumbing/install/base_interfaces_demo:/home/lulu/ros2_tutorial/ws01_plumbing/src/install/cpp01_topic:/home/lulu/ros2_tutorial/ws01_plumbing/src/install/base_interfaces_demo:/home/lulu/ros2_tutorial/ws01_plumbing/install/cpp01_topic:/home/lulu/ros2_tutorial/ws01_plumbing/src/install/py01_topic:/home/lulu/ros2_tutorial/ws01_plumbing/install/py01_topic:/opt/ros/humble LD_LIBRARY_PATH=/home/lulu/ros2_tutorial/ws01_plumbing/install/base_interfaces_demo/lib:${LD_LIBRARY_PATH} PYTHONPATH=/home/lulu/ros2_tutorial/ws01_plumbing/install/base_interfaces_demo/local/lib/python3.10/dist-packages:${PYTHONPATH} /usr/bin/cmake --install /home/lulu/ros2_tutorial/ws01_plumbing/build/cpp01_topic
[0.065s] -- Install configuration: ""
[0.065s] -- Execute custom install script
[0.065s] -- Up-to-date symlink: /home/lulu/ros2_tutorial/ws01_plumbing/install/cpp01_topic/lib/cpp01_topic/demo01_talker_str_cpp
[0.065s] -- Up-to-date symlink: /home/lulu/ros2_tutorial/ws01_plumbing/install/cpp01_topic/share/ament_index/resource_index/package_run_dependencies/cpp01_topic
[0.065s] -- Up-to-date symlink: /home/lulu/ros2_tutorial/ws01_plumbing/install/cpp01_topic/share/ament_index/resource_index/parent_prefix_path/cpp01_topic
[0.066s] -- Up-to-date symlink: /home/lulu/ros2_tutorial/ws01_plumbing/install/cpp01_topic/share/cpp01_topic/environment/ament_prefix_path.sh
[0.066s] -- Up-to-date symlink: /home/lulu/ros2_tutorial/ws01_plumbing/install/cpp01_topic/share/cpp01_topic/environment/ament_prefix_path.dsv
[0.066s] -- Up-to-date symlink: /home/lulu/ros2_tutorial/ws01_plumbing/install/cpp01_topic/share/cpp01_topic/environment/path.sh
[0.066s] -- Up-to-date symlink: /home/lulu/ros2_tutorial/ws01_plumbing/install/cpp01_topic/share/cpp01_topic/environment/path.dsv
[0.066s] -- Up-to-date symlink: /home/lulu/ros2_tutorial/ws01_plumbing/install/cpp01_topic/share/cpp01_topic/local_setup.bash
[0.066s] -- Up-to-date symlink: /home/lulu/ros2_tutorial/ws01_plumbing/install/cpp01_topic/share/cpp01_topic/local_setup.sh
[0.066s] -- Up-to-date symlink: /home/lulu/ros2_tutorial/ws01_plumbing/install/cpp01_topic/share/cpp01_topic/local_setup.zsh
[0.066s] -- Up-to-date symlink: /home/lulu/ros2_tutorial/ws01_plumbing/install/cpp01_topic/share/cpp01_topic/local_setup.dsv
[0.066s] -- Symlinking: /home/lulu/ros2_tutorial/ws01_plumbing/install/cpp01_topic/share/cpp01_topic/package.dsv
[0.070s] -- Up-to-date symlink: /home/lulu/ros2_tutorial/ws01_plumbing/install/cpp01_topic/share/ament_index/resource_index/packages/cpp01_topic
[0.070s] -- Up-to-date symlink: /home/lulu/ros2_tutorial/ws01_plumbing/install/cpp01_topic/share/cpp01_topic/cmake/cpp01_topicConfig.cmake
[0.071s] -- Up-to-date symlink: /home/lulu/ros2_tutorial/ws01_plumbing/install/cpp01_topic/share/cpp01_topic/cmake/cpp01_topicConfig-version.cmake
[0.071s] -- Up-to-date symlink: /home/lulu/ros2_tutorial/ws01_plumbing/install/cpp01_topic/share/cpp01_topic/package.xml
[0.073s] Invoked command in '/home/lulu/ros2_tutorial/ws01_plumbing/build/cpp01_topic' returned '0': AMENT_PREFIX_PATH=/home/lulu/ros2_tutorial/ws01_plumbing/install/base_interfaces_demo:${AMENT_PREFIX_PATH} CMAKE_PREFIX_PATH=/home/lulu/ros2_tutorial/ws01_plumbing/install/base_interfaces_demo:/home/lulu/ros2_tutorial/ws01_plumbing/src/install/cpp01_topic:/home/lulu/ros2_tutorial/ws01_plumbing/src/install/base_interfaces_demo:/home/lulu/ros2_tutorial/ws01_plumbing/install/cpp01_topic:/home/lulu/ros2_tutorial/ws01_plumbing/src/install/py01_topic:/home/lulu/ros2_tutorial/ws01_plumbing/install/py01_topic:/opt/ros/humble LD_LIBRARY_PATH=/home/lulu/ros2_tutorial/ws01_plumbing/install/base_interfaces_demo/lib:${LD_LIBRARY_PATH} PYTHONPATH=/home/lulu/ros2_tutorial/ws01_plumbing/install/base_interfaces_demo/local/lib/python3.10/dist-packages:${PYTHONPATH} /usr/bin/cmake --install /home/lulu/ros2_tutorial/ws01_plumbing/build/cpp01_topic
