running develop
running egg_info
creating py01_topic.egg-info
writing py01_topic.egg-info/PKG-INFO
writing dependency_links to py01_topic.egg-info/dependency_links.txt
writing entry points to py01_topic.egg-info/entry_points.txt
writing requirements to py01_topic.egg-info/requires.txt
writing top-level names to py01_topic.egg-info/top_level.txt
writing manifest file 'py01_topic.egg-info/SOURCES.txt'
reading manifest file 'py01_topic.egg-info/SOURCES.txt'
writing manifest file 'py01_topic.egg-info/SOURCES.txt'
running build_ext
Creating /home/lulu/ros2_tutorial/ws01_plumbing/install/py01_topic/lib/python3.10/site-packages/py01-topic.egg-link (link to .)
Installing demo01_talker_str_py script to /home/lulu/ros2_tutorial/ws01_plumbing/install/py01_topic/lib/py01_topic
Installing demo02_listener_str_py script to /home/lulu/ros2_tutorial/ws01_plumbing/install/py01_topic/lib/py01_topic

Installed /home/lulu/ros2_tutorial/ws01_plumbing/build/py01_topic
running symlink_data
creating /home/lulu/ros2_tutorial/ws01_plumbing/install/py01_topic/share/ament_index
creating /home/lulu/ros2_tutorial/ws01_plumbing/install/py01_topic/share/ament_index/resource_index
creating /home/lulu/ros2_tutorial/ws01_plumbing/install/py01_topic/share/ament_index/resource_index/packages
symbolically linking /home/lulu/ros2_tutorial/ws01_plumbing/build/py01_topic/resource/py01_topic -> /home/lulu/ros2_tutorial/ws01_plumbing/install/py01_topic/share/ament_index/resource_index/packages
symbolically linking /home/lulu/ros2_tutorial/ws01_plumbing/build/py01_topic/package.xml -> /home/lulu/ros2_tutorial/ws01_plumbing/install/py01_topic/share/py01_topic
